\BOOKMARK [1][-]{acknowledgments.1}{Acknowledgments}{}% 1
\BOOKMARK [1][-]{tableofcontents.1}{Contents}{}% 2
\BOOKMARK [1][-]{lof.1}{List of Figures}{}% 3
\BOOKMARK [1][-]{lot.1}{List of Tables}{}% 4
\BOOKMARK [1][-]{lol.1}{Listings}{}% 5
\BOOKMARK [1][-]{acronyms.1}{Acronyms}{}% 6
\BOOKMARK [-1][]{part.1}{Experiments}{}% 7
\BOOKMARK [0][]{chapter.1}{1 Newton's Ring}{part.1}% 8
\BOOKMARK [1][-]{section.1.1}{1.1 Aim}{chapter.1}% 9
\BOOKMARK [1][-]{section.1.2}{1.2 Apparatus}{chapter.1}% 10
\BOOKMARK [1][-]{section.1.3}{1.3 Theory}{chapter.1}% 11
\BOOKMARK [1][-]{section.1.4}{1.4 Observations and Calculations}{chapter.1}% 12
\BOOKMARK [1][-]{section.1.5}{1.5 Result}{chapter.1}% 13
\BOOKMARK [0][]{chapter.2}{2 Frenel's Biprism}{part.1}% 14
\BOOKMARK [1][-]{section.2.1}{2.1 Aim}{chapter.2}% 15
\BOOKMARK [1][-]{section.2.2}{2.2 Apparatus}{chapter.2}% 16
\BOOKMARK [1][-]{section.2.3}{2.3 Theory}{chapter.2}% 17
\BOOKMARK [1][-]{section.2.4}{2.4 Procedure}{chapter.2}% 18
\BOOKMARK [1][-]{section.2.5}{2.5 Observations and Calculations}{chapter.2}% 19
\BOOKMARK [1][-]{section.2.6}{2.6 Result}{chapter.2}% 20
\BOOKMARK [1][-]{section.2.7}{2.7 Precautions}{chapter.2}% 21
\BOOKMARK [-1][]{part.2}{The Showcase}{}% 22
\BOOKMARK [0][]{dummy.6}{Bibliography}{part.2}% 23
\BOOKMARK [0][]{colophon.0}{Colophon}{part.2}% 24
