\BOOKMARK [1][-]{acknowledgments.1}{Acknowledgments}{}% 1
\BOOKMARK [1][-]{tableofcontents.1}{Contents}{}% 2
\BOOKMARK [0][]{chapter.1}{1 Brief Outline}{}% 3
\BOOKMARK [1][-]{section.1.1}{1.1 Introduction}{chapter.1}% 4
\BOOKMARK [1][-]{section.1.2}{1.2 Summary}{chapter.1}% 5
\BOOKMARK [0][]{chapter.2}{2 Subgroups of the Rotation Group}{}% 6
\BOOKMARK [1][-]{section.2.1}{2.1 Pole of Group Element: }{chapter.2}% 7
\BOOKMARK [1][-]{section.2.2}{2.2 G-Orbits and Poles: }{chapter.2}% 8
\BOOKMARK [1][-]{section.2.3}{2.3 Spin: }{chapter.2}% 9
\BOOKMARK [1][-]{section.2.4}{2.4 Deriving a Famous Formula: }{chapter.2}% 10
\BOOKMARK [1][-]{section.2.5}{2.5 Application of the Famous Formula: }{chapter.2}% 11
\BOOKMARK [0][]{chapter.3}{3 More Group Theory}{}% 12
\BOOKMARK [1][-]{section.3.1}{3.1 Corollary 5.1.28 }{chapter.3}% 13
\BOOKMARK [1][-]{section.3.2}{3.2 7.4 The Class Equation of the Icosahedral Group}{chapter.3}% 14
\BOOKMARK [2][-]{subsection.3.2.1}{3.2.1 Simple Groups}{section.3.2}% 15
\BOOKMARK [2][-]{subsection.3.2.2}{3.2.2 Lemma 7.4.2 }{section.3.2}% 16
\BOOKMARK [2][-]{subsection.3.2.3}{3.2.3 Theorem 7.4.3 }{section.3.2}% 17
\BOOKMARK [2][-]{subsection.3.2.4}{3.2.4 post Theorem 7.5.4 \(statement\) }{section.3.2}% 18
\BOOKMARK [2][-]{subsection.3.2.5}{3.2.5 Lemma 7.5.5}{section.3.2}% 19
\BOOKMARK [2][-]{subsection.3.2.6}{3.2.6 Theorem 7.5.4 }{section.3.2}% 20
\BOOKMARK [1][-]{section.3.3}{3.3 7.6 Normalizers }{chapter.3}% 21
\BOOKMARK [2][-]{subsection.3.3.1}{3.3.1 Proposition 7.6.3 }{section.3.3}% 22
\BOOKMARK [1][-]{section.3.4}{3.4 \0407.7 The Sylow Theorems}{chapter.3}% 23
\BOOKMARK [2][-]{subsection.3.4.1}{3.4.1 Sylow p-subgroups}{section.3.4}% 24
\BOOKMARK [2][-]{subsection.3.4.2}{3.4.2 The Theorems}{section.3.4}% 25
\BOOKMARK [2][-]{subsection.3.4.3}{3.4.3 Proofs}{section.3.4}% 26
\BOOKMARK [1][-]{section.3.5}{3.5 7.9 The Free Group}{chapter.3}% 27
\BOOKMARK [2][-]{subsection.3.5.1}{3.5.1 Proposition 7.9.2}{section.3.5}% 28
\BOOKMARK [2][-]{subsection.3.5.2}{3.5.2 Proposition 7.9.3}{section.3.5}% 29
\BOOKMARK [2][-]{subsection.3.5.3}{3.5.3 Definitions}{section.3.5}% 30
\BOOKMARK [2][-]{subsection.3.5.4}{3.5.4 Proposition 7.9.4}{section.3.5}% 31
\BOOKMARK [1][-]{section.3.6}{3.6 7.10 Generators and Relations}{chapter.3}% 32
\BOOKMARK [2][-]{subsection.3.6.1}{3.6.1 Definition 7.10.1}{section.3.6}% 33
\BOOKMARK [2][-]{subsection.3.6.2}{3.6.2 Lemma 7.10.3}{section.3.6}% 34
\BOOKMARK [2][-]{subsection.3.6.3}{3.6.3 Definition 7.10.4}{section.3.6}% 35
\BOOKMARK [2][-]{subsection.3.6.4}{3.6.4 Example 7.10.7}{section.3.6}% 36
\BOOKMARK [2][-]{subsection.3.6.5}{3.6.5 Example 7.10.11}{section.3.6}% 37
\BOOKMARK [2][-]{subsection.3.6.6}{3.6.6 Proposition 7.10.12 Mapping Property of the Free Group}{section.3.6}% 38
\BOOKMARK [2][-]{subsection.3.6.7}{3.6.7 Proposition 7.10.13 Mapping Property of Quotient Groups}{section.3.6}% 39
\BOOKMARK [1][-]{section.3.7}{3.7 7.11 The Todd-Coxter Algorithm}{chapter.3}% 40
\BOOKMARK [2][-]{subsection.3.7.1}{3.7.1 Rules 7.11.3}{section.3.7}% 41
\BOOKMARK [0][]{colophon.0}{Colophon}{}% 42
