This is pdfTeX, Version 3.1415926-2.3-1.40.12 (MiKTeX 2.9) (preloaded format=pdflatex 2012.11.1)  25 APR 2013 16:17
entering extended mode
**C:/Users/A.*S.*Aurora/Documents/IISER_repo/Semester_4/BIO212/Record/Record/BI
O212.tex

("C:/Users/A. S. Aurora/Documents/IISER_repo/Semester_4/BIO212/Record/Record/BI
O212.tex"
LaTeX2e <2011/06/27>
Babel <v3.8m> and hyphenation patterns for english, afrikaans, ancientgreek, ar
abic, armenian, assamese, basque, bengali, bokmal, bulgarian, catalan, coptic, 
croatian, czech, danish, dutch, esperanto, estonian, farsi, finnish, french, ga
lician, german, german-x-2009-06-19, greek, gujarati, hindi, hungarian, iceland
ic, indonesian, interlingua, irish, italian, kannada, kurmanji, lao, latin, lat
vian, lithuanian, malayalam, marathi, mongolian, mongolianlmc, monogreek, ngerm
an, ngerman-x-2009-06-19, nynorsk, oriya, panjabi, pinyin, polish, portuguese, 
romanian, russian, sanskrit, serbian, slovak, slovenian, spanish, swedish, swis
sgerman, tamil, telugu, turkish, turkmen, ukenglish, ukrainian, uppersorbian, u
senglishmax, welsh, loaded.
("C:\Program Files\MiKTeX 2.9\tex\latex\koma-script\scrreprt.cls"
Document Class: scrreprt 2012/07/29 v3.11b KOMA-Script document class (report)
("C:\Program Files\MiKTeX 2.9\tex\latex\koma-script\scrkbase.sty"
Package: scrkbase 2012/07/29 v3.11b KOMA-Script package (KOMA-Script-dependent 
basics and keyval usage)

("C:\Program Files\MiKTeX 2.9\tex\latex\koma-script\scrbase.sty"
Package: scrbase 2012/07/29 v3.11b KOMA-Script package (KOMA-Script-independent
 basics and keyval usage)

("C:\Program Files\MiKTeX 2.9\tex\latex\graphics\keyval.sty"
Package: keyval 1999/03/16 v1.13 key=value parser (DPC)
\KV@toks@=\toks14
)
("C:\Program Files\MiKTeX 2.9\tex\latex\koma-script\scrlfile.sty"
Package: scrlfile 2012/06/15 v3.12 KOMA-Script package (loading files)

Package scrlfile, 2012/06/15 v3.12 KOMA-Script package (loading files)
                  Copyright (C) Markus Kohm

))) ("C:\Program Files\MiKTeX 2.9\tex\latex\koma-script\tocbasic.sty"
Package: tocbasic 2012/04/04 v3.10b KOMA-Script package (handling toc-files)
)
Package tocbasic Info: omitting babel extension for `toc'
(tocbasic)             because of feature `nobabel' available
(tocbasic)             for `toc' on input line 117.
Package tocbasic Info: omitting babel extension for `lof'
(tocbasic)             because of feature `nobabel' available
(tocbasic)             for `lof' on input line 118.
Package tocbasic Info: omitting babel extension for `lot'
(tocbasic)             because of feature `nobabel' available
(tocbasic)             for `lot' on input line 119.
Class scrreprt Info: You've used standard option `openright'.
(scrreprt)           This is correct!
(scrreprt)           Internally I'm using `open=right'.
(scrreprt)           If you'd like to set the option with \KOMAoptions,
(scrreprt)           you'd have to use `open=right' there
(scrreprt)           instead of `openright', too.
Class scrreprt Info: You've used standard option `abstractoff'.
(scrreprt)           This is correct!
(scrreprt)           Internally I'm using `abstract=false'.
(scrreprt)           If you'd like to set the option with \KOMAoptions,
(scrreprt)           you'd have to use `abstract=false' there
(scrreprt)           instead of `abstractoff', too.
Class scrreprt Info: File `scrsize11pt.clo' used to setup font sizes on input l
ine 1367.

("C:\Program Files\MiKTeX 2.9\tex\latex\koma-script\scrsize11pt.clo"
File: scrsize11pt.clo 2012/07/29 v3.11b KOMA-Script font size class option (11p
t)
)
("C:\Program Files\MiKTeX 2.9\tex\latex\koma-script\typearea.sty"
Package: typearea 2012/07/29 v3.11b KOMA-Script package (type area)

Package typearea, 2012/07/29 v3.11b KOMA-Script package (type area)
                  Copyright (C) Frank Neukam, 1992-1994
                  Copyright (C) Markus Kohm, 1994-

\ta@bcor=\skip41
\ta@div=\count79
\ta@hblk=\skip42
\ta@vblk=\skip43
\ta@temp=\skip44
Package typearea Info: These are the values describing the layout:
(typearea)             DIV  = 10
(typearea)             BCOR = 8.53581pt
(typearea)             \paperwidth      = 597.50793pt
(typearea)              \textwidth      = 412.28052pt
(typearea)              DIV departure   = -5%
(typearea)              \evensidemargin = 45.52441pt
(typearea)              \oddsidemargin  = -4.83698pt
(typearea)             \paperheight     = 845.04694pt
(typearea)              \textheight     = 514.20023pt
(typearea)              \topmargin      = 12.2347pt
(typearea)              \headheight     = 17.0pt
(typearea)              \headsep        = 20.40001pt
(typearea)              \topskip        = 11.0pt
(typearea)              \footskip       = 47.60002pt
(typearea)              \baselineskip   = 13.6pt
(typearea)              on input line 1213.
)
\c@part=\count80
\c@chapter=\count81
\c@section=\count82
\c@subsection=\count83
\c@subsubsection=\count84
\c@paragraph=\count85
\c@subparagraph=\count86
\abovecaptionskip=\skip45
\belowcaptionskip=\skip46
\c@pti@nb@sid@b@x=\box26
\c@figure=\count87
\c@table=\count88
\bibindent=\dimen102
)
("C:\Users\A. S. Aurora\Documents\IISER_repo\Semester_4\BIO212\Record\Record\cl
assicthesis-config.tex"
("C:\Users\A. S. Aurora\Documents\IISER_repo\Semester_4\BIO212\Record\Record\si
mpsons.sty"
Package: simpsons 
) ("C:\Program Files\MiKTeX 2.9\tex\latex\graphics\color.sty"
Package: color 2005/11/14 v1.0j Standard LaTeX Color (DPC)

("C:\Program Files\MiKTeX 2.9\tex\latex\00miktex\color.cfg"
File: color.cfg 2007/01/18 v1.5 color configuration of teTeX/TeXLive
)
Package color Info: Driver file: pdftex.def on input line 130.

("C:\Program Files\MiKTeX 2.9\tex\latex\pdftex-def\pdftex.def"
File: pdftex.def 2011/05/27 v0.06d Graphics/color for pdfTeX

("C:\Program Files\MiKTeX 2.9\tex\generic\oberdiek\infwarerr.sty"
Package: infwarerr 2010/04/08 v1.3 Providing info/warning/error messages (HO)
)
("C:\Program Files\MiKTeX 2.9\tex\generic\oberdiek\ltxcmds.sty"
Package: ltxcmds 2011/11/09 v1.22 LaTeX kernel commands for general use (HO)
)
\Gread@gobject=\count89
))
\GPT@outputbox=\box27

("C:\Program Files\MiKTeX 2.9\tex\latex\pdfpages\pdfpages.sty"
Package: pdfpages 2012/08/31 v0.4t Insert pages of external PDF documents (AM)

("C:\Program Files\MiKTeX 2.9\tex\latex\base\ifthen.sty"
Package: ifthen 2001/05/26 v1.1c Standard LaTeX ifthen package (DPC)
)
("C:\Program Files\MiKTeX 2.9\tex\latex\tools\calc.sty"
Package: calc 2007/08/22 v4.3 Infix arithmetic (KKT,FJ)
\calc@Acount=\count90
\calc@Bcount=\count91
\calc@Adimen=\dimen103
\calc@Bdimen=\dimen104
\calc@Askip=\skip47
\calc@Bskip=\skip48
LaTeX Info: Redefining \setlength on input line 76.
LaTeX Info: Redefining \addtolength on input line 77.
\calc@Ccount=\count92
\calc@Cskip=\skip49
)
("C:\Program Files\MiKTeX 2.9\tex\latex\eso-pic\eso-pic.sty"
Package: eso-pic 2010/10/06 v2.0c eso-pic (RN)

("C:\Program Files\MiKTeX 2.9\tex\generic\oberdiek\atbegshi.sty"
Package: atbegshi 2011/10/05 v1.16 At begin shipout hook (HO)

("C:\Program Files\MiKTeX 2.9\tex\generic\oberdiek\ifpdf.sty"
Package: ifpdf 2011/01/30 v2.3 Provides the ifpdf switch (HO)
Package ifpdf Info: pdfTeX in PDF mode is detected.
)))
("C:\Program Files\MiKTeX 2.9\tex\latex\graphics\graphicx.sty"
Package: graphicx 1999/02/16 v1.0f Enhanced LaTeX Graphics (DPC,SPQR)

("C:\Program Files\MiKTeX 2.9\tex\latex\graphics\graphics.sty"
Package: graphics 2009/02/05 v1.0o Standard LaTeX Graphics (DPC,SPQR)

("C:\Program Files\MiKTeX 2.9\tex\latex\graphics\trig.sty"
Package: trig 1999/03/16 v1.09 sin cos tan (DPC)
)
("C:\Program Files\MiKTeX 2.9\tex\latex\00miktex\graphics.cfg"
File: graphics.cfg 2007/01/18 v1.5 graphics configuration of teTeX/TeXLive
)
Package graphics Info: Driver file: pdftex.def on input line 91.
)
\Gin@req@height=\dimen105
\Gin@req@width=\dimen106
)
("C:\Program Files\MiKTeX 2.9\tex\latex\pdfpages\pppdftex.def"
File: pppdftex.def 2012/08/31 v0.4t Pdfpages driver for pdfTeX (AM)
)
\AM@pagebox=\box28
\AM@toc@title=\toks15
\c@AM@survey=\count93
\AM@templatesizebox=\box29
)
\c@dummy=\count94
\abcd=\skip50

("C:\Program Files\MiKTeX 2.9\tex\latex\base\inputenc.sty"
Package: inputenc 2008/03/30 v1.1d Input encoding file
\inpenc@prehook=\toks16
\inpenc@posthook=\toks17

("C:\Program Files\MiKTeX 2.9\tex\latex\base\latin9.def"
File: latin9.def 2008/03/30 v1.1d Input encoding file
))
("C:\Program Files\MiKTeX 2.9\tex\generic\babel\babel.sty"
Package: babel 2008/07/08 v3.8m The Babel package

*************************************
* Local config file bblopts.cfg used
*
("C:\Program Files\MiKTeX 2.9\tex\latex\00miktex\bblopts.cfg"
File: bblopts.cfg 2006/07/31 v1.0 MiKTeX 'babel' configuration
)
("C:\Program Files\MiKTeX 2.9\tex\generic\babel\ngermanb.ldf"
Language: ngermanb 2008/07/06 v2.6n new German support from the babel system

("C:\Program Files\MiKTeX 2.9\tex\generic\babel\babel.def"
File: babel.def 2008/07/08 v3.8m Babel common definitions
\babel@savecnt=\count95
\U@D=\dimen107
)
\l@naustrian = a dialect from \language\l@ngerman 
Package babel Info: Making " an active character on input line 92.
)
("C:\Program Files\MiKTeX 2.9\tex\generic\babel\english.ldf"
Language: english 2005/03/30 v3.3o English support from the babel system
\l@canadian = a dialect from \language\l@american 
\l@australian = a dialect from \language\l@british 
\l@newzealand = a dialect from \language\l@british 
))
("C:\Program Files\MiKTeX 2.9\tex\latex\natbib\natbib.sty"
Package: natbib 2010/09/13 8.31b (PWD, AO)
\bibhang=\skip51
\bibsep=\skip52
LaTeX Info: Redefining \cite on input line 694.
\c@NAT@ctr=\count96
)
("C:\Program Files\MiKTeX 2.9\tex\latex\ams\math\amsmath.sty"
Package: amsmath 2000/07/18 v2.13 AMS math features
\@mathmargin=\skip53

For additional information on amsmath, use the `?' option.
("C:\Program Files\MiKTeX 2.9\tex\latex\ams\math\amstext.sty"
Package: amstext 2000/06/29 v2.01

("C:\Program Files\MiKTeX 2.9\tex\latex\ams\math\amsgen.sty"
File: amsgen.sty 1999/11/30 v2.0
\@emptytoks=\toks18
\ex@=\dimen108
))
("C:\Program Files\MiKTeX 2.9\tex\latex\ams\math\amsbsy.sty"
Package: amsbsy 1999/11/29 v1.2d
\pmbraise@=\dimen109
)
("C:\Program Files\MiKTeX 2.9\tex\latex\ams\math\amsopn.sty"
Package: amsopn 1999/12/14 v2.01 operator names
)
\inf@bad=\count97
LaTeX Info: Redefining \frac on input line 211.
\uproot@=\count98
\leftroot@=\count99
LaTeX Info: Redefining \overline on input line 307.
\classnum@=\count100
\DOTSCASE@=\count101
LaTeX Info: Redefining \ldots on input line 379.
LaTeX Info: Redefining \dots on input line 382.
LaTeX Info: Redefining \cdots on input line 467.
\Mathstrutbox@=\box30
\strutbox@=\box31
\big@size=\dimen110
LaTeX Font Info:    Redeclaring font encoding OML on input line 567.
LaTeX Font Info:    Redeclaring font encoding OMS on input line 568.
\macc@depth=\count102
\c@MaxMatrixCols=\count103
\dotsspace@=\muskip10
\c@parentequation=\count104
\dspbrk@lvl=\count105
\tag@help=\toks19
\row@=\count106
\column@=\count107
\maxfields@=\count108
\andhelp@=\toks20
\eqnshift@=\dimen111
\alignsep@=\dimen112
\tagshift@=\dimen113
\tagwidth@=\dimen114
\totwidth@=\dimen115
\lineht@=\dimen116
\@envbody=\toks21
\multlinegap=\skip54
\multlinetaggap=\skip55
\mathdisplay@stack=\toks22
LaTeX Info: Redefining \[ on input line 2666.
LaTeX Info: Redefining \] on input line 2667.
)
("C:\Program Files\MiKTeX 2.9\tex\latex\base\fontenc.sty"
Package: fontenc 2005/09/27 v1.99g Standard LaTeX package

("C:\Program Files\MiKTeX 2.9\tex\latex\base\t1enc.def"
File: t1enc.def 2005/09/27 v1.99g Standard LaTeX file
LaTeX Font Info:    Redeclaring font encoding T1 on input line 43.
))
("C:\Program Files\MiKTeX 2.9\tex\latex\tools\xspace.sty"
Package: xspace 2009/10/20 v1.13 Space after command names (DPC,MH)
)
("C:\Program Files\MiKTeX 2.9\tex\latex\mparhack\mparhack.sty"
Package: mparhack 2005/04/17 v1.4 (T. Sgouros and S. Ulrich)
)
("C:\Program Files\MiKTeX 2.9\tex\latex\base\fixltx2e.sty"
Package: fixltx2e 2006/09/13 v1.1m fixes to LaTeX
LaTeX Info: Redefining \em on input line 420.
LaTeX Info: Redefining \textsubscript on input line 424.
LaTeX Info: The control sequence `\[' is already robust on input line 471.
LaTeX Info: The control sequence `\]' is already robust on input line 472.
)
("C:\Program Files\MiKTeX 2.9\tex\latex\acronym\acronym.sty"
Package: acronym 2012/09/04 v1.37 Support for acronyms (Tobias Oetiker)

("C:\Program Files\MiKTeX 2.9\tex\latex\bigfoot\suffix.sty"
Package: suffix 2006/07/15 1.5 Variant command support
)
("C:\Program Files\MiKTeX 2.9\tex\latex\ltxmisc\relsize.sty"
Package: relsize 2003/07/04 ver 3.1
)
\AC@clearlist=\toks23
)
("C:\Program Files\MiKTeX 2.9\tex\latex\tools\tabularx.sty"
Package: tabularx 1999/01/07 v2.07 `tabularx' package (DPC)

("C:\Program Files\MiKTeX 2.9\tex\latex\tools\array.sty"
Package: array 2008/09/09 v2.4c Tabular extension package (FMi)
\col@sep=\dimen117
\extrarowheight=\dimen118
\NC@list=\toks24
\extratabsurround=\skip56
\backup@length=\skip57
)
\TX@col@width=\dimen119
\TX@old@table=\dimen120
\TX@old@col=\dimen121
\TX@target=\dimen122
\TX@delta=\dimen123
\TX@cols=\count109
\TX@ftn=\toks25
)
("C:\Program Files\MiKTeX 2.9\tex\latex\caption\caption.sty"
Package: caption 2012/02/19 v3.2f Customizing captions (AR)

("C:\Program Files\MiKTeX 2.9\tex\latex\caption\caption3.sty"
Package: caption3 2012/01/12 v1.4b caption3 kernel (AR)
\captionmargin=\dimen124
\captionmargin@=\dimen125
\captionwidth=\dimen126
\caption@indent=\dimen127
\caption@parindent=\dimen128
\caption@hangindent=\dimen129
)
Package caption Info: KOMA-Script document class.
\c@ContinuedFloat=\count110
)
("C:\Program Files\MiKTeX 2.9\tex\latex\subfig\subfig.sty"
Package: subfig 2005/06/28 ver: 1.3 subfig package
\c@KVtest=\count111
\sf@farskip=\skip58
\sf@captopadj=\dimen130
\sf@capskip=\skip59
\sf@nearskip=\skip60
\c@subfigure=\count112
\c@subfigure@save=\count113
\c@lofdepth=\count114
\c@subtable=\count115
\c@subtable@save=\count116
\c@lotdepth=\count117
\sf@top=\skip61
\sf@bottom=\skip62
)
("C:\Program Files\MiKTeX 2.9\tex\latex\listings\listings.sty"
\lst@mode=\count118
\lst@gtempboxa=\box32
\lst@token=\toks26
\lst@length=\count119
\lst@currlwidth=\dimen131
\lst@column=\count120
\lst@pos=\count121
\lst@lostspace=\dimen132
\lst@width=\dimen133
\lst@newlines=\count122
\lst@lineno=\count123
\lst@maxwidth=\dimen134

("C:\Program Files\MiKTeX 2.9\tex\latex\listings\lstmisc.sty"
File: lstmisc.sty 2007/02/22 1.4 (Carsten Heinz)
\c@lstnumber=\count124
\lst@skipnumbers=\count125
\lst@framebox=\box33
)
("C:\Program Files\MiKTeX 2.9\tex\latex\listings\listings.cfg"
File: listings.cfg 2007/02/22 1.4 listings configuration
))
Package: listings 2007/02/22 1.4 (Carsten Heinz)

("C:\Program Files\MiKTeX 2.9\tex\latex\listings\lstlang1.sty"
File: lstlang1.sty 2004/09/05 1.3 listings language file
)
("C:\Program Files\MiKTeX 2.9\tex\latex\listings\lstlang2.sty"
File: lstlang2.sty 2004/09/05 1.3 listings language file
)
("C:\Program Files\MiKTeX 2.9\tex\latex\listings\lstlang3.sty"
File: lstlang3.sty 2004/09/05 1.3 listings language file
)
("C:\Program Files\MiKTeX 2.9\tex\latex\listings\lstlang1.sty"
File: lstlang1.sty 2004/09/05 1.3 listings language file
)
("C:\Program Files\MiKTeX 2.9\tex\latex\listings\lstlang2.sty"
File: lstlang2.sty 2004/09/05 1.3 listings language file
)
("C:\Program Files\MiKTeX 2.9\tex\latex\listings\lstlang3.sty"
File: lstlang3.sty 2004/09/05 1.3 listings language file
)
("C:\Program Files\MiKTeX 2.9\tex\latex\listings\lstlang1.sty"
File: lstlang1.sty 2004/09/05 1.3 listings language file
)
("C:\Program Files\MiKTeX 2.9\tex\latex\listings\lstlang2.sty"
File: lstlang2.sty 2004/09/05 1.3 listings language file
)
("C:\Program Files\MiKTeX 2.9\tex\latex\listings\lstlang3.sty"
File: lstlang3.sty 2004/09/05 1.3 listings language file
)
("C:\Program Files\MiKTeX 2.9\tex\latex\listings\lstmisc.sty"
File: lstmisc.sty 2007/02/22 1.4 (Carsten Heinz)
)
("C:\Program Files\MiKTeX 2.9\tex\latex\hyperref\hyperref.sty"
Package: hyperref 2012/05/13 v6.82q Hypertext links for LaTeX

("C:\Program Files\MiKTeX 2.9\tex\generic\oberdiek\hobsub-hyperref.sty"
Package: hobsub-hyperref 2012/04/25 v1.12 Bundle oberdiek, subset hyperref (HO)


("C:\Program Files\MiKTeX 2.9\tex\generic\oberdiek\hobsub-generic.sty"
Package: hobsub-generic 2012/04/25 v1.12 Bundle oberdiek, subset generic (HO)
Package: hobsub 2012/04/25 v1.12 Construct package bundles (HO)
Package hobsub Info: Skipping package `infwarerr' (already loaded).
Package hobsub Info: Skipping package `ltxcmds' (already loaded).
Package: ifluatex 2010/03/01 v1.3 Provides the ifluatex switch (HO)
Package ifluatex Info: LuaTeX not detected.
Package: ifvtex 2010/03/01 v1.5 Detect VTeX and its facilities (HO)
Package ifvtex Info: VTeX not detected.
Package: intcalc 2007/09/27 v1.1 Expandable calculations with integers (HO)
Package hobsub Info: Skipping package `ifpdf' (already loaded).
Package: etexcmds 2011/02/16 v1.5 Avoid name clashes with e-TeX commands (HO)
Package etexcmds Info: Could not find \expanded.
(etexcmds)             That can mean that you are not using pdfTeX 1.50 or
(etexcmds)             that some package has redefined \expanded.
(etexcmds)             In the latter case, load this package earlier.
Package: kvsetkeys 2012/04/25 v1.16 Key value parser (HO)
Package: kvdefinekeys 2011/04/07 v1.3 Define keys (HO)
Package: pdftexcmds 2011/11/29 v0.20 Utility functions of pdfTeX for LuaTeX (HO
)
Package pdftexcmds Info: LuaTeX not detected.
Package pdftexcmds Info: \pdf@primitive is available.
Package pdftexcmds Info: \pdf@ifprimitive is available.
Package pdftexcmds Info: \pdfdraftmode found.
Package: pdfescape 2011/11/25 v1.13 Implements pdfTeX's escape features (HO)
Package: bigintcalc 2012/04/08 v1.3 Expandable calculations on big integers (HO
)
Package: bitset 2011/01/30 v1.1 Handle bit-vector datatype (HO)
Package: uniquecounter 2011/01/30 v1.2 Provide unlimited unique counter (HO)
)
Package hobsub Info: Skipping package `hobsub' (already loaded).
Package: letltxmacro 2010/09/02 v1.4 Let assignment for LaTeX macros (HO)
Package: hopatch 2011/06/24 v1.1 Wrapper for package hooks (HO)
Package: xcolor-patch 2011/01/30 xcolor patch
Package: atveryend 2011/06/30 v1.8 Hooks at the very end of document (HO)
Package atveryend Info: \enddocument detected (standard20110627).
Package hobsub Info: Skipping package `atbegshi' (already loaded).
Package: refcount 2011/10/16 v3.4 Data extraction from label references (HO)
Package: hycolor 2011/01/30 v1.7 Color options for hyperref/bookmark (HO)
)
("C:\Program Files\MiKTeX 2.9\tex\generic\ifxetex\ifxetex.sty"
Package: ifxetex 2010/09/12 v0.6 Provides ifxetex conditional
)
("C:\Program Files\MiKTeX 2.9\tex\latex\oberdiek\kvoptions.sty"
Package: kvoptions 2011/06/30 v3.11 Key value format for package options (HO)
)
\@linkdim=\dimen135
\Hy@linkcounter=\count126
\Hy@pagecounter=\count127

("C:\Program Files\MiKTeX 2.9\tex\latex\hyperref\pd1enc.def"
File: pd1enc.def 2012/05/13 v6.82q Hyperref: PDFDocEncoding definition (HO)
)
\Hy@SavedSpaceFactor=\count128

("C:\Program Files\MiKTeX 2.9\tex\latex\00miktex\hyperref.cfg"
File: hyperref.cfg 2002/06/06 v1.2 hyperref configuration of TeXLive
)
Package hyperref Info: Option `hyperfootnotes' set `false' on input line 3941.
Package hyperref Info: Option `pdfpagelabels' set `true' on input line 3941.
Package hyperref Info: Hyper figures OFF on input line 4062.
Package hyperref Info: Link nesting OFF on input line 4067.
Package hyperref Info: Hyper index ON on input line 4070.
Package hyperref Info: Plain pages OFF on input line 4077.
Package hyperref Info: Backreferencing OFF on input line 4082.
Package hyperref Info: Implicit mode ON; LaTeX internals redefined.
Package hyperref Info: Bookmarks ON on input line 4300.
\c@Hy@tempcnt=\count129

("C:\Program Files\MiKTeX 2.9\tex\latex\ltxmisc\url.sty"
\Urlmuskip=\muskip11
Package: url 2006/04/12  ver 3.3  Verb mode for urls, etc.
)
LaTeX Info: Redefining \url on input line 4653.
\Fld@menulength=\count130
\Field@Width=\dimen136
\Fld@charsize=\dimen137
Package hyperref Info: Hyper figures OFF on input line 5773.
Package hyperref Info: Link nesting OFF on input line 5778.
Package hyperref Info: Hyper index ON on input line 5781.
Package hyperref Info: backreferencing OFF on input line 5788.
Package hyperref Info: Link coloring OFF on input line 5793.
Package hyperref Info: Link coloring with OCG OFF on input line 5798.
Package hyperref Info: PDF/A mode OFF on input line 5803.
LaTeX Info: Redefining \ref on input line 5843.
LaTeX Info: Redefining \pageref on input line 5847.
\Hy@abspage=\count131
\c@Item=\count132
)

Package hyperref Message: Driver: hpdftex.

("C:\Program Files\MiKTeX 2.9\tex\latex\hyperref\hpdftex.def"
File: hpdftex.def 2012/05/13 v6.82q Hyperref driver for pdfTeX
\Fld@listcount=\count133
\c@bookmark@seq@number=\count134

("C:\Program Files\MiKTeX 2.9\tex\latex\oberdiek\rerunfilecheck.sty"
Package: rerunfilecheck 2011/04/15 v1.7 Rerun checks for auxiliary files (HO)
Package uniquecounter Info: New unique counter `rerunfilecheck' on input line 2
82.
)
\Hy@SectionHShift=\skip63
)
Package hyperref Info: Option `colorlinks' set `true' on input line 201.
Package hyperref Info: Option `linktocpage' set `true' on input line 201.
Package hyperref Info: Option `breaklinks' set `true' on input line 201.
Package hyperref Info: Option `pageanchor' set `true' on input line 201.
Package hyperref Info: Option `plainpages' set `false' on input line 201.
Package hyperref Info: Option `bookmarksnumbered' set `true' on input line 201.

Package hyperref Info: Option `bookmarksopen' set `true' on input line 201.
Package hyperref Info: Option `hypertexnames' set `true' on input line 201.

("C:\Users\A. S. Aurora\Documents\IISER_repo\Semester_4\BIO212\Record\Record\cl
assicthesis.sty"
Package: classicthesis 2011/12/17 v4.0 Typographic style for a classic-looking 
thesis
 ("C:\Program Files\MiKTeX 2.9\tex\latex\xcolor\xcolor.sty"
Package: xcolor 2007/01/21 v2.11 LaTeX color extensions (UK)

("C:\Program Files\MiKTeX 2.9\tex\latex\00miktex\color.cfg"
File: color.cfg 2007/01/18 v1.5 color configuration of teTeX/TeXLive
)
Package xcolor Info: Driver file: pdftex.def on input line 225.
LaTeX Info: Redefining \color on input line 702.
Package xcolor Info: Model `cmy' substituted by `cmy0' on input line 1337.
Package xcolor Info: Model `hsb' substituted by `rgb' on input line 1341.
Package xcolor Info: Model `RGB' extended on input line 1353.
Package xcolor Info: Model `HTML' substituted by `rgb' on input line 1355.
Package xcolor Info: Model `Hsb' substituted by `hsb' on input line 1356.
Package xcolor Info: Model `tHsb' substituted by `hsb' on input line 1357.
Package xcolor Info: Model `HSB' substituted by `hsb' on input line 1358.
Package xcolor Info: Model `Gray' substituted by `gray' on input line 1359.
Package xcolor Info: Model `wave' substituted by `hsb' on input line 1360.

("C:\Program Files\MiKTeX 2.9\tex\latex\graphics\dvipsnam.def"
File: dvipsnam.def 1999/02/16 v3.0i Driver-dependant file (DPC,SPQR)
))
("C:\Program Files\MiKTeX 2.9\tex\latex\psnfss\mathpazo.sty"
Package: mathpazo 2005/04/12 PSNFSS-v9.2a Palatino w/ Pazo Math (D.Puga, WaS) 
\symupright=\mathgroup4
)
("C:\Program Files\MiKTeX 2.9\tex\latex\bera\beramono.sty"
Package: beramono 2004/01/31 (WaS)
)
("C:\Program Files\MiKTeX 2.9\tex\latex\eulervm\eulervm.sty"
Package: eulervm 2005/01/11 v4.0 (WaS)
)
("C:\Program Files\MiKTeX 2.9\tex\latex\microtype\microtype.sty"
Package: microtype 2010/01/10 v2.4 Micro-typography with pdfTeX (RS)
\MT@toks=\toks27
\MT@count=\count135
LaTeX Info: Redefining \lsstyle on input line 1597.
LaTeX Info: Redefining \lslig on input line 1597.
\MT@outer@space=\skip64
LaTeX Info: Redefining \textls on input line 1605.
\MT@outer@kern=\dimen138
LaTeX Info: Redefining \textmicrotypecontext on input line 2156.
Package microtype Info: Loading configuration file microtype.cfg.

("C:\Program Files\MiKTeX 2.9\tex\latex\microtype\microtype.cfg"
File: microtype.cfg 2010/01/10 v2.4 microtype main configuration file (RS)
))
Package classicthesis Info: A4 paper, Palatino or other on input line 256.
Package typearea Info: These are the values describing the layout:
(typearea)             DIV  = areaset
(typearea)             BCOR = 8.53581pt
(typearea)             \paperwidth      = 597.50793pt
(typearea)              \textwidth      = 336.0pt
(typearea)              \evensidemargin = 96.37808pt
(typearea)              \oddsidemargin  = 20.58986pt
(typearea)             \paperheight     = 845.04694pt
(typearea)              \textheight     = 666.04997pt
(typearea)              \topmargin      = -40.58768pt
(typearea)              \headheight     = 15.95pt
(typearea)              \headsep        = 20.40001pt
(typearea)              \topskip        = 11.0pt
(typearea)              \footskip       = 47.60002pt
(typearea)              \baselineskip   = 13.6pt
(typearea)              on input line 256.

("C:\Program Files\MiKTeX 2.9\tex\latex\booktabs\booktabs.sty"
Package: booktabs 2005/04/14 v1.61803 publication quality tables
\heavyrulewidth=\dimen139
\lightrulewidth=\dimen140
\cmidrulewidth=\dimen141
\belowrulesep=\dimen142
\belowbottomsep=\dimen143
\aboverulesep=\dimen144
\abovetopsep=\dimen145
\cmidrulesep=\dimen146
\cmidrulekern=\dimen147
\defaultaddspace=\dimen148
\@cmidla=\count136
\@cmidlb=\count137
\@aboverulesep=\dimen149
\@belowrulesep=\dimen150
\@thisruleclass=\count138
\@lastruleclass=\count139
\@thisrulewidth=\dimen151
)
("C:\Program Files\MiKTeX 2.9\tex\latex\textcase\textcase.sty"
Package: textcase 2004/10/07 v0.07 Text only upper/lower case changing (DPC)
)
Package classicthesis Info: Using pdftex/microtype for character spacing.Make s
ure your pdftex is version 1.40 or higher. on input line 328.

("C:\Program Files\MiKTeX 2.9\tex\latex\koma-script\scrpage2.sty"
Package: scrpage2 2010/04/22 v2.5 LaTeX2e KOMA-Script package
LaTeX Info: Redefining \pagemark on input line 176.
)
("C:\Program Files\MiKTeX 2.9\tex\latex\titlesec\titlesec.sty"
Package: titlesec 2011/12/15 v2.10.0 Sectioning titles
\ttl@box=\box34
\beforetitleunit=\skip65
\aftertitleunit=\skip66
\ttl@plus=\dimen152
\ttl@minus=\dimen153
\ttl@toksa=\toks28
\titlewidth=\dimen154
\titlewidthlast=\dimen155
\titlewidthfirst=\dimen156
)
("C:\Program Files\MiKTeX 2.9\tex\latex\tocloft\tocloft.sty"
Package: tocloft 2010/10/13 v2.3e parameterised ToC, etc., typesetting
Package tocloft Info: The document has chapter divisions on input line 43.
\cftparskip=\skip67
\cftbeforetoctitleskip=\skip68
\cftaftertoctitleskip=\skip69
\cftbeforepartskip=\skip70
\cftpartnumwidth=\skip71
\cftpartindent=\skip72
\cftbeforechapskip=\skip73
\cftchapindent=\skip74
\cftchapnumwidth=\skip75
\cftbeforesecskip=\skip76
\cftsecindent=\skip77
\cftsecnumwidth=\skip78
\cftbeforesubsecskip=\skip79
\cftsubsecindent=\skip80
\cftsubsecnumwidth=\skip81
\cftbeforesubsubsecskip=\skip82
\cftsubsubsecindent=\skip83
\cftsubsubsecnumwidth=\skip84
\cftbeforeparaskip=\skip85
\cftparaindent=\skip86
\cftparanumwidth=\skip87
\cftbeforesubparaskip=\skip88
\cftsubparaindent=\skip89
\cftsubparanumwidth=\skip90
\cftbeforeloftitleskip=\skip91
\cftafterloftitleskip=\skip92
\cftbeforefigskip=\skip93
\cftfigindent=\skip94
\cftfignumwidth=\skip95
\cftbeforelottitleskip=\skip96
\cftafterlottitleskip=\skip97
\cftbeforetabskip=\skip98
\cfttabindent=\skip99
\cfttabnumwidth=\skip100
\cftbeforesubfigskip=\skip101
\cftsubfigindent=\skip102
\cftsubfignumwidth=\skip103
\cftbeforesubtabskip=\skip104
\cftsubtabindent=\skip105
\cftsubtabnumwidth=\skip106
)
\newnumberwidth=\skip107
\beforebibskip=\skip108
\newchnumberwidth=\skip109
\figurelabelwidth=\skip110
\tablelabelwidth=\skip111
\c@listings=\count140
\cftbeforelistingsskip=\skip112
\cftlistingsindent=\skip113
\cftlistingsnumwidth=\skip114
\c@loldepth=\count141
\cftbeforeloltitleskip=\skip115
\cftafterloltitleskip=\skip116
\listingslabelwidth=\skip117

Using KOMA-command "deffootnote" for footnote setup
("C:\Program Files\MiKTeX 2.9\tex\latex\koma-script\scrtime.sty"
Package: scrtime 2012/07/29 v3.11b KOMA-Script package (time of LaTeX run)
)
("C:\Program Files\MiKTeX 2.9\tex\latex\ms\prelim2e.sty"
Package: prelim2e 2009/05/29 v1.3 prelim2e Package (MS)

("C:\Program Files\MiKTeX 2.9\tex\latex\ms\everyshi.sty"
Package: everyshi 2001/05/15 v3.00 EveryShipout Package (MS)
))
("C:\Program Files\MiKTeX 2.9\tex\latex\carlisle\remreset.sty")))
("C:\Users\A. S. Aurora\Documents\IISER_repo\Semester_4\BIO212\Record\Record\BI
O212.aux"
("C:\Users\A. S. Aurora\Documents\IISER_repo\Semester_4\BIO212\Record\Record\Fr
ontBackmatter/Titlepage.aux")
("C:\Users\A. S. Aurora\Documents\IISER_repo\Semester_4\BIO212\Record\Record\Fr
ontBackmatter/Titleback.aux")
("C:\Users\A. S. Aurora\Documents\IISER_repo\Semester_4\BIO212\Record\Record\Fr
ontBackmatter/Acknowledgments.aux")
("C:\Users\A. S. Aurora\Documents\IISER_repo\Semester_4\BIO212\Record\Record\Fr
ontBackmatter/Contents.aux")
("C:\Users\A. S. Aurora\Documents\IISER_repo\Semester_4\BIO212\Record\Record\Ex
periments/Experiment01.aux")
("C:\Users\A. S. Aurora\Documents\IISER_repo\Semester_4\BIO212\Record\Record\Ex
periments/Experiment02.aux")
("C:\Users\A. S. Aurora\Documents\IISER_repo\Semester_4\BIO212\Record\Record\Ex
periments/BirdData.aux")
("C:\Users\A. S. Aurora\Documents\IISER_repo\Semester_4\BIO212\Record\Record\Fr
ontBackmatter/Colophon.aux"))
LaTeX Font Info:    Checking defaults for OML/cmm/m/it on input line 32.
LaTeX Font Info:    ... okay on input line 32.
LaTeX Font Info:    Checking defaults for T1/cmr/m/n on input line 32.
LaTeX Font Info:    ... okay on input line 32.
LaTeX Font Info:    Checking defaults for OT1/cmr/m/n on input line 32.
LaTeX Font Info:    ... okay on input line 32.
LaTeX Font Info:    Checking defaults for OMS/cmsy/m/n on input line 32.
LaTeX Font Info:    ... okay on input line 32.
LaTeX Font Info:    Checking defaults for OMX/cmex/m/n on input line 32.
LaTeX Font Info:    ... okay on input line 32.
LaTeX Font Info:    Checking defaults for U/cmr/m/n on input line 32.
LaTeX Font Info:    ... okay on input line 32.
LaTeX Font Info:    Checking defaults for PD1/pdf/m/n on input line 32.
LaTeX Font Info:    ... okay on input line 32.
LaTeX Font Info:    Try loading font information for T1+pplj on input line 32.

("C:\Program Files\MiKTeX 2.9\tex\latex\psnfss\t1pplj.fd"
File: t1pplj.fd 2004/09/06 font definitions for T1/pplj.
)
("C:\Program Files\MiKTeX 2.9\tex\context\base\supp-pdf.mkii"
[Loading MPS to PDF converter (version 2006.09.02).]
\scratchcounter=\count142
\scratchdimen=\dimen157
\scratchbox=\box35
\nofMPsegments=\count143
\nofMParguments=\count144
\everyMPshowfont=\toks29
\MPscratchCnt=\count145
\MPscratchDim=\dimen158
\MPnumerator=\count146
\makeMPintoPDFobject=\count147
\everyMPtoPDFconversion=\toks30
)
\AtBeginShipoutBox=\box36
Package caption Info: Begin \AtBeginDocument code.
Package caption Info: subfig package v1.3 is loaded.
Package caption Info: hyperref package is loaded.
Package caption Info: listings package is loaded.
Package caption Info: End \AtBeginDocument code.
\c@lstlisting=\count148
Package hyperref Info: Link coloring ON on input line 32.
 ("C:\Program Files\MiKTeX 2.9\tex\latex\hyperref\nameref.sty"
Package: nameref 2010/04/30 v2.40 Cross-referencing by name of section

("C:\Program Files\MiKTeX 2.9\tex\generic\oberdiek\gettitlestring.sty"
Package: gettitlestring 2010/12/03 v1.4 Cleanup title references (HO)
)
\c@section@level=\count149
)
LaTeX Info: Redefining \ref on input line 32.
LaTeX Info: Redefining \pageref on input line 32.
LaTeX Info: Redefining \nameref on input line 32.

("C:\Users\A. S. Aurora\Documents\IISER_repo\Semester_4\BIO212\Record\Record\BI
O212.out")
("C:\Users\A. S. Aurora\Documents\IISER_repo\Semester_4\BIO212\Record\Record\BI
O212.out")
\@outlinefile=\write3
LaTeX Info: Redefining \microtypecontext on input line 32.
Package microtype Info: Generating PDF output.
Package microtype Info: Character protrusion enabled (level 2).
Package microtype Info: Using default protrusion set `alltext'.
Package microtype Info: No font expansion.
Package microtype Info: No tracking.
Package microtype Info: No adjustment of interword spacing.
Package microtype Info: No adjustment of character kerning.
 ("C:\Program Files\MiKTeX 2.9\tex\latex\microtype\mt-ppl.cfg"
File: mt-ppl.cfg 2005/11/16 v1.6 microtype config. file: Palatino (RS)
)
ABD: EveryShipout initializing macros
("C:\Users\A. S. Aurora\Documents\IISER_repo\Semester_4\BIO212\Record\Record\Fr
ontBackmatter/Titlepage.tex"
<gfx/iiserlogo.jpg, id=107, 65.33208pt x 69.3792pt>
File: gfx/iiserlogo.jpg Graphic file (type jpg)
 <use gfx/iiserlogo.jpg>
Package pdftex.def Info: gfx/iiserlogo.jpg used on input line 23.
(pdftex.def)             Requested size: 56.9055pt x 60.4335pt.

[1




{C:/ProgramData/MiKTeX/2.9/pdftex/config/pdftex.map} <C:/Users/A. S. Aurora/Doc
uments/IISER_repo/Semester_4/BIO212/Record/Record/gfx/iiserlogo.jpg>])
("C:\Users\A. S. Aurora\Documents\IISER_repo\Semester_4\BIO212\Record\Record\Fr
ontBackmatter/Titleback.tex") [2


]
("C:\Users\A. S. Aurora\Documents\IISER_repo\Semester_4\BIO212\Record\Record\Fr
ontBackmatter/Acknowledgments.tex"
LaTeX Font Info:    Font shape `T1/pplj/m/sl' in size <10.95> not available
(Font)              Font shape `T1/pplj/m/it' tried instead on input line 6.

Underfull \hbox (badness 10000) in paragraph at lines 28--29

 []

LaTeX Font Info:    Try loading font information for U+zeur on input line 33.
("C:\Program Files\MiKTeX 2.9\tex\latex\eulervm\uzeur.fd"
File: uzeur.fd 2005/01/11 v4.0 (WaS)
)
("C:\Program Files\MiKTeX 2.9\tex\latex\microtype\mt-eur.cfg"
File: mt-eur.cfg 2006/07/31 v1.1 microtype config. file: AMS Euler Roman (RS)
)
LaTeX Font Info:    Try loading font information for U+zeus on input line 33.

("C:\Program Files\MiKTeX 2.9\tex\latex\eulervm\uzeus.fd"
File: uzeus.fd 2005/01/11 v4.0 (WaS)
)
("C:\Program Files\MiKTeX 2.9\tex\latex\microtype\mt-eus.cfg"
File: mt-eus.cfg 2006/07/28 v1.2 microtype config. file: AMS Euler Script (RS)
)
LaTeX Font Info:    Try loading font information for U+zeuex on input line 33.

("C:\Program Files\MiKTeX 2.9\tex\latex\eulervm\uzeuex.fd"
File: uzeuex.fd 2005/01/11 v4.0 (WaS)
)
LaTeX Font Info:    Try loading font information for OT1+zplm on input line 33.


("C:\Program Files\MiKTeX 2.9\tex\latex\psnfss\ot1zplm.fd"
File: ot1zplm.fd 2002/09/08 Fontinst v1.914 font definitions for OT1/zplm.
) [3




]) [4]
("C:\Users\A. S. Aurora\Documents\IISER_repo\Semester_4\BIO212\Record\Record\Fr
ontBackmatter/Contents.tex"
Package tocbasic Info: character protrusion at toc deactivated on input line 11
.

("C:\Users\A. S. Aurora\Documents\IISER_repo\Semester_4\BIO212\Record\Record\BI
O212.toc"
Package microtype Info: Character `029' is missing
(microtype)             in font `T1/pplj/m/sc/10.95'.
(microtype)             Ignoring protrusion settings for this character.
)
\tf@toc=\write4
 [5






]
Package tocbasic Info: character protrusion at lof deactivated on input line 31
.

("C:\Users\A. S. Aurora\Documents\IISER_repo\Semester_4\BIO212\Record\Record\BI
O212.lof")
\tf@lof=\write5
Package tocbasic Info: character protrusion at lot deactivated on input line 42
.

("C:\Users\A. S. Aurora\Documents\IISER_repo\Semester_4\BIO212\Record\Record\BI
O212.lot")
\tf@lot=\write6

("C:\Users\A. S. Aurora\Documents\IISER_repo\Semester_4\BIO212\Record\Record\BI
O212.lol")
\tf@lol=\write7
LaTeX Font Info:    Font shape `T1/pplj/bx/n' in size <10.95> not available
(Font)              Font shape `T1/pplj/b/n' tried instead on input line 66.
LaTeX Font Info:    Try loading font information for T1+cmss on input line 66.
 ("C:\Program Files\MiKTeX 2.9\tex\latex\base\t1cmss.fd"
File: t1cmss.fd 1999/05/25 v2.5h Standard LaTeX font definitions
) [6

])
[1







] [2]
("C:\Users\A. S. Aurora\Documents\IISER_repo\Semester_4\BIO212\Record\Record\Ex
periments/Experiment01.tex"
Chapter 1.

Class scrreprt Warning: \float@addtolists detected!
(scrreprt)              You should use the features of package `tocbasic'
(scrreprt)              instead of \float@addtolists.
(scrreprt)              Support for \float@addtolists may be removed from
(scrreprt)              `scrreprt' soon .

LaTeX Font Info:    Try loading font information for T1+fvm on input line 20.
("C:\Program Files\MiKTeX 2.9\tex\latex\bera\t1fvm.fd"
File: t1fvm.fd 2004/09/07 scalable font definitions for T1/fvm.
)
LaTeX Font Info:    Font shape `T1/fvm/m/n' will be
(Font)              scaled to size 8.50006pt on input line 20.

Overfull \hbox (130.30399pt too wide) in paragraph at lines 20--21
[][][]$\T1/fvm/m/n/10 https : / / docs . google . com / spreadsheet / ccc ? key
 = 0AptbewObyE3xdDJnMUVyNU1UYkhNWG91WGx3UTMwTFE #$
 []

[3



] <gfx/birdy/birdy_final.pdf, id=202, page=1, 844.95674pt x 597.432pt>
File: gfx/birdy/birdy_final.pdf Graphic file (type pdf)

<use gfx/birdy/birdy_final.pdf, page 1>
Package pdftex.def Info: gfx/birdy/birdy_final.pdf, page1 used on input line 24
.
(pdftex.def)             Requested size: 844.95468pt x 597.43054pt.
File: gfx/birdy/birdy_final.pdf Graphic file (type pdf)

<use gfx/birdy/birdy_final.pdf, page 1>
Package pdftex.def Info: gfx/birdy/birdy_final.pdf, page1 used on input line 24
.
(pdftex.def)             Requested size: 598.18294pt x 422.94902pt.
File: gfx/birdy/birdy_final.pdf Graphic file (type pdf)

<use gfx/birdy/birdy_final.pdf, page 1>
Package pdftex.def Info: gfx/birdy/birdy_final.pdf, page1 used on input line 24
.
(pdftex.def)             Requested size: 598.18294pt x 422.94902pt.
File: gfx/birdy/birdy_final.pdf Graphic file (type pdf)

<use gfx/birdy/birdy_final.pdf, page 1>
Package pdftex.def Info: gfx/birdy/birdy_final.pdf, page1 used on input line 24
.
(pdftex.def)             Requested size: 598.18294pt x 422.94902pt.


Package caption Warning: The option `hypcap=true' will be ignored for this
(caption)                particular \caption on input line 24.
See the caption package documentation for explanation.

File: gfx/birdy/birdy_final.pdf Graphic file (type pdf)
<use gfx/birdy/birdy_final.pdf, page 1>
Package pdftex.def Info: gfx/birdy/birdy_final.pdf, page1 used on input line 24
.
(pdftex.def)             Requested size: 598.18294pt x 422.94902pt.
 [4 <C:/Users/A. S. Aurora/Documents/IISER_repo/Semester_4/BIO212/Record/Record
/gfx/birdy/birdy_final.pdf>]
<gfx/birdy/birdy_final.pdf, id=214, page=2, 844.95674pt x 597.432pt>
File: gfx/birdy/birdy_final.pdf Graphic file (type pdf)

<use gfx/birdy/birdy_final.pdf, page 2>
Package pdftex.def Info: gfx/birdy/birdy_final.pdf, page2 used on input line 24
.
(pdftex.def)             Requested size: 598.18294pt x 422.94902pt.
File: gfx/birdy/birdy_final.pdf Graphic file (type pdf)

<use gfx/birdy/birdy_final.pdf, page 2>
Package pdftex.def Info: gfx/birdy/birdy_final.pdf, page2 used on input line 24
.
(pdftex.def)             Requested size: 598.18294pt x 422.94902pt.
File: gfx/birdy/birdy_final.pdf Graphic file (type pdf)

<use gfx/birdy/birdy_final.pdf, page 2>
Package pdftex.def Info: gfx/birdy/birdy_final.pdf, page2 used on input line 24
.
(pdftex.def)             Requested size: 598.18294pt x 422.94902pt.
 [5 <C:/Users/A. S. Aurora/Documents/IISER_repo/Semester_4/BIO212/Record/Record
/gfx/birdy/birdy_final.pdf>]
<gfx/birdy/birdy_final.pdf, id=221, page=3, 844.95674pt x 597.432pt>
File: gfx/birdy/birdy_final.pdf Graphic file (type pdf)

<use gfx/birdy/birdy_final.pdf, page 3>
Package pdftex.def Info: gfx/birdy/birdy_final.pdf, page3 used on input line 24
.
(pdftex.def)             Requested size: 598.18294pt x 422.94902pt.
File: gfx/birdy/birdy_final.pdf Graphic file (type pdf)

<use gfx/birdy/birdy_final.pdf, page 3>
Package pdftex.def Info: gfx/birdy/birdy_final.pdf, page3 used on input line 24
.
(pdftex.def)             Requested size: 598.18294pt x 422.94902pt.
File: gfx/birdy/birdy_final.pdf Graphic file (type pdf)

<use gfx/birdy/birdy_final.pdf, page 3>
Package pdftex.def Info: gfx/birdy/birdy_final.pdf, page3 used on input line 24
.
(pdftex.def)             Requested size: 598.18294pt x 422.94902pt.
 [6 <C:/Users/A. S. Aurora/Documents/IISER_repo/Semester_4/BIO212/Record/Record
/gfx/birdy/birdy_final.pdf>]
<gfx/birdy/birdy_final.pdf, id=228, page=4, 844.95674pt x 597.432pt>
File: gfx/birdy/birdy_final.pdf Graphic file (type pdf)

<use gfx/birdy/birdy_final.pdf, page 4>
Package pdftex.def Info: gfx/birdy/birdy_final.pdf, page4 used on input line 24
.
(pdftex.def)             Requested size: 598.18294pt x 422.94902pt.
File: gfx/birdy/birdy_final.pdf Graphic file (type pdf)

<use gfx/birdy/birdy_final.pdf, page 4>
Package pdftex.def Info: gfx/birdy/birdy_final.pdf, page4 used on input line 24
.
(pdftex.def)             Requested size: 598.18294pt x 422.94902pt.
File: gfx/birdy/birdy_final.pdf Graphic file (type pdf)

<use gfx/birdy/birdy_final.pdf, page 4>
Package pdftex.def Info: gfx/birdy/birdy_final.pdf, page4 used on input line 24
.
(pdftex.def)             Requested size: 598.18294pt x 422.94902pt.
 [7 <C:/Users/A. S. Aurora/Documents/IISER_repo/Semester_4/BIO212/Record/Record
/gfx/birdy/birdy_final.pdf>]
Package microtype Info: Character `029' is missing
(microtype)             in font `T1/pplj/m/sc/10'.
(microtype)             Ignoring protrusion settings for this character.
) [8]
("C:\Users\A. S. Aurora\Documents\IISER_repo\Semester_4\BIO212\Record\Record\Ex
periments/Experiment02.tex"
Chapter 2.
[9




]
Overfull \hbox (7.56552pt too wide) in paragraph at lines 54--55
\T1/pplj/m/n/10 `Time Spent on Colour', en-sur-ing that each bee was fol-lowed 
for roughly
 []

[10] [11]
<gfx/bee/ritu_table_main.pdf, id=276, page=1, 844.95674pt x 597.432pt>
File: gfx/bee/ritu_table_main.pdf Graphic file (type pdf)

<use gfx/bee/ritu_table_main.pdf, page 1>
Package pdftex.def Info: gfx/bee/ritu_table_main.pdf, page1 used on input line 
64.
(pdftex.def)             Requested size: 844.95468pt x 597.43054pt.
File: gfx/bee/ritu_table_main.pdf Graphic file (type pdf)

<use gfx/bee/ritu_table_main.pdf, page 1>
Package pdftex.def Info: gfx/bee/ritu_table_main.pdf, page1 used on input line 
64.
(pdftex.def)             Requested size: 598.18294pt x 422.94902pt.
File: gfx/bee/ritu_table_main.pdf Graphic file (type pdf)

<use gfx/bee/ritu_table_main.pdf, page 1>
Package pdftex.def Info: gfx/bee/ritu_table_main.pdf, page1 used on input line 
64.
(pdftex.def)             Requested size: 598.18294pt x 422.94902pt.
File: gfx/bee/ritu_table_main.pdf Graphic file (type pdf)

<use gfx/bee/ritu_table_main.pdf, page 1>
Package pdftex.def Info: gfx/bee/ritu_table_main.pdf, page1 used on input line 
64.
(pdftex.def)             Requested size: 598.18294pt x 422.94902pt.


Package caption Warning: The option `hypcap=true' will be ignored for this
(caption)                particular \caption on input line 64.
See the caption package documentation for explanation.

File: gfx/bee/ritu_table_main.pdf Graphic file (type pdf)
<use gfx/bee/ritu_table_main.pdf, page 1>
Package pdftex.def Info: gfx/bee/ritu_table_main.pdf, page1 used on input line 
64.
(pdftex.def)             Requested size: 598.18294pt x 422.94902pt.
 [12 <C:/Users/A. S. Aurora/Documents/IISER_repo/Semester_4/BIO212/Record/Recor
d/gfx/bee/ritu_table_main.pdf>]
<gfx/bee/ritu_table_category.pdf, id=294, page=1, 844.95674pt x 597.432pt>
File: gfx/bee/ritu_table_category.pdf Graphic file (type pdf)

<use gfx/bee/ritu_table_category.pdf, page 1>
Package pdftex.def Info: gfx/bee/ritu_table_category.pdf, page1 used on input l
ine 66.
(pdftex.def)             Requested size: 844.95468pt x 597.43054pt.
File: gfx/bee/ritu_table_category.pdf Graphic file (type pdf)

<use gfx/bee/ritu_table_category.pdf, page 1>
Package pdftex.def Info: gfx/bee/ritu_table_category.pdf, page1 used on input l
ine 66.
(pdftex.def)             Requested size: 598.18294pt x 422.94902pt.
File: gfx/bee/ritu_table_category.pdf Graphic file (type pdf)

<use gfx/bee/ritu_table_category.pdf, page 1>
Package pdftex.def Info: gfx/bee/ritu_table_category.pdf, page1 used on input l
ine 66.
(pdftex.def)             Requested size: 598.18294pt x 422.94902pt.
File: gfx/bee/ritu_table_category.pdf Graphic file (type pdf)

<use gfx/bee/ritu_table_category.pdf, page 1>
Package pdftex.def Info: gfx/bee/ritu_table_category.pdf, page1 used on input l
ine 66.
(pdftex.def)             Requested size: 598.18294pt x 422.94902pt.


Package caption Warning: The option `hypcap=true' will be ignored for this
(caption)                particular \caption on input line 66.
See the caption package documentation for explanation.

File: gfx/bee/ritu_table_category.pdf Graphic file (type pdf)
<use gfx/bee/ritu_table_category.pdf, page 1>
Package pdftex.def Info: gfx/bee/ritu_table_category.pdf, page1 used on input l
ine 66.
(pdftex.def)             Requested size: 598.18294pt x 422.94902pt.
 [13 <C:/Users/A. S. Aurora/Documents/IISER_repo/Semester_4/BIO212/Record/Recor
d/gfx/bee/ritu_table_category.pdf>] <gfx/bee/ritu_final.pdf, id=315, page=1, 84
4.95674pt x 597.432pt>
File: gfx/bee/ritu_final.pdf Graphic file (type pdf)

<use gfx/bee/ritu_final.pdf, page 1>
Package pdftex.def Info: gfx/bee/ritu_final.pdf, page1 used on input line 68.
(pdftex.def)             Requested size: 844.95468pt x 597.43054pt.
File: gfx/bee/ritu_final.pdf Graphic file (type pdf)
 <use gfx/bee/ritu_final.pdf, page 1>
Package pdftex.def Info: gfx/bee/ritu_final.pdf, page1 used on input line 68.
(pdftex.def)             Requested size: 598.18294pt x 422.94902pt.
File: gfx/bee/ritu_final.pdf Graphic file (type pdf)

<use gfx/bee/ritu_final.pdf, page 1>
Package pdftex.def Info: gfx/bee/ritu_final.pdf, page1 used on input line 68.
(pdftex.def)             Requested size: 598.18294pt x 422.94902pt.
File: gfx/bee/ritu_final.pdf Graphic file (type pdf)
 <use gfx/bee/ritu_final.pdf, page 1>
Package pdftex.def Info: gfx/bee/ritu_final.pdf, page1 used on input line 68.
(pdftex.def)             Requested size: 598.18294pt x 422.94902pt.


Package caption Warning: The option `hypcap=true' will be ignored for this
(caption)                particular \caption on input line 68.
See the caption package documentation for explanation.

File: gfx/bee/ritu_final.pdf Graphic file (type pdf)
<use gfx/bee/ritu_final.pdf, page 1>
Package pdftex.def Info: gfx/bee/ritu_final.pdf, page1 used on input line 68.
(pdftex.def)             Requested size: 598.18294pt x 422.94902pt.
 [14 <C:/Users/A. S. Aurora/Documents/IISER_repo/Semester_4/BIO212/Record/Recor
d/gfx/bee/ritu_final.pdf>]) [15



] [16]
("C:\Users\A. S. Aurora\Documents\IISER_repo\Semester_4\BIO212\Record\Record\Ex
periments/BirdData.tex"
Appendix A.
[17





] <gfx/trip_data.pdf, id=346, page=1, 844.95674pt x 597.432pt>
File: gfx/trip_data.pdf Graphic file (type pdf)

<use gfx/trip_data.pdf, page 1>
Package pdftex.def Info: gfx/trip_data.pdf, page1 used on input line 5.
(pdftex.def)             Requested size: 844.95468pt x 597.43054pt.
File: gfx/trip_data.pdf Graphic file (type pdf)
 <use gfx/trip_data.pdf, page 1>
Package pdftex.def Info: gfx/trip_data.pdf, page1 used on input line 5.
(pdftex.def)             Requested size: 598.18294pt x 422.94902pt.
File: gfx/trip_data.pdf Graphic file (type pdf)

<use gfx/trip_data.pdf, page 1>
Package pdftex.def Info: gfx/trip_data.pdf, page1 used on input line 5.
(pdftex.def)             Requested size: 598.18294pt x 422.94902pt.
File: gfx/trip_data.pdf Graphic file (type pdf)
 <use gfx/trip_data.pdf, page 1>
Package pdftex.def Info: gfx/trip_data.pdf, page1 used on input line 5.
(pdftex.def)             Requested size: 598.18294pt x 422.94902pt.


Package caption Warning: The option `hypcap=true' will be ignored for this
(caption)                particular \caption on input line 5.
See the caption package documentation for explanation.

File: gfx/trip_data.pdf Graphic file (type pdf)
<use gfx/trip_data.pdf, page 1>
Package pdftex.def Info: gfx/trip_data.pdf, page1 used on input line 5.
(pdftex.def)             Requested size: 598.18294pt x 422.94902pt.
 [18 <C:/Users/A. S. Aurora/Documents/IISER_repo/Semester_4/BIO212/Record/Recor
d/gfx/trip_data.pdf>]
<gfx/trip_data.pdf, id=363, page=2, 844.95674pt x 597.432pt>
File: gfx/trip_data.pdf Graphic file (type pdf)

<use gfx/trip_data.pdf, page 2>
Package pdftex.def Info: gfx/trip_data.pdf, page2 used on input line 5.
(pdftex.def)             Requested size: 598.18294pt x 422.94902pt.
File: gfx/trip_data.pdf Graphic file (type pdf)
 <use gfx/trip_data.pdf, page 2>
Package pdftex.def Info: gfx/trip_data.pdf, page2 used on input line 5.
(pdftex.def)             Requested size: 598.18294pt x 422.94902pt.
File: gfx/trip_data.pdf Graphic file (type pdf)

<use gfx/trip_data.pdf, page 2>
Package pdftex.def Info: gfx/trip_data.pdf, page2 used on input line 5.
(pdftex.def)             Requested size: 598.18294pt x 422.94902pt.
 [19 <C:/Users/A. S. Aurora/Documents/IISER_repo/Semester_4/BIO212/Record/Recor
d/gfx/trip_data.pdf>] [20


]
Appendix B.
[21] <gfx/bee/ritu_data.pdf, id=383, page=1, 844.95674pt x 597.432pt>
File: gfx/bee/ritu_data.pdf Graphic file (type pdf)

<use gfx/bee/ritu_data.pdf, page 1>
Package pdftex.def Info: gfx/bee/ritu_data.pdf, page1 used on input line 10.
(pdftex.def)             Requested size: 844.95468pt x 597.43054pt.
File: gfx/bee/ritu_data.pdf Graphic file (type pdf)
 <use gfx/bee/ritu_data.pdf, page 1>
Package pdftex.def Info: gfx/bee/ritu_data.pdf, page1 used on input line 10.
(pdftex.def)             Requested size: 598.18294pt x 422.94902pt.
File: gfx/bee/ritu_data.pdf Graphic file (type pdf)

<use gfx/bee/ritu_data.pdf, page 1>
Package pdftex.def Info: gfx/bee/ritu_data.pdf, page1 used on input line 10.
(pdftex.def)             Requested size: 598.18294pt x 422.94902pt.
File: gfx/bee/ritu_data.pdf Graphic file (type pdf)
 <use gfx/bee/ritu_data.pdf, page 1>
Package pdftex.def Info: gfx/bee/ritu_data.pdf, page1 used on input line 10.
(pdftex.def)             Requested size: 598.18294pt x 422.94902pt.


Package caption Warning: The option `hypcap=true' will be ignored for this
(caption)                particular \caption on input line 10.
See the caption package documentation for explanation.

File: gfx/bee/ritu_data.pdf Graphic file (type pdf)
<use gfx/bee/ritu_data.pdf, page 1>
Package pdftex.def Info: gfx/bee/ritu_data.pdf, page1 used on input line 10.
(pdftex.def)             Requested size: 598.18294pt x 422.94902pt.
 [22 <C:/Users/A. S. Aurora/Documents/IISER_repo/Semester_4/BIO212/Record/Recor
d/gfx/bee/ritu_data.pdf>]
<gfx/bee/ritu_data.pdf, id=401, page=2, 844.95674pt x 597.432pt>
File: gfx/bee/ritu_data.pdf Graphic file (type pdf)

<use gfx/bee/ritu_data.pdf, page 2>
Package pdftex.def Info: gfx/bee/ritu_data.pdf, page2 used on input line 10.
(pdftex.def)             Requested size: 598.18294pt x 422.94902pt.
File: gfx/bee/ritu_data.pdf Graphic file (type pdf)
 <use gfx/bee/ritu_data.pdf, page 2>
Package pdftex.def Info: gfx/bee/ritu_data.pdf, page2 used on input line 10.
(pdftex.def)             Requested size: 598.18294pt x 422.94902pt.
File: gfx/bee/ritu_data.pdf Graphic file (type pdf)

<use gfx/bee/ritu_data.pdf, page 2>
Package pdftex.def Info: gfx/bee/ritu_data.pdf, page2 used on input line 10.
(pdftex.def)             Requested size: 598.18294pt x 422.94902pt.
 [23 <C:/Users/A. S. Aurora/Documents/IISER_repo/Semester_4/BIO212/Record/Recor
d/gfx/bee/ritu_data.pdf>]
<gfx/bee/ritu_data_fixedtime.pdf, id=410, page=1, 844.95674pt x 597.432pt>
File: gfx/bee/ritu_data_fixedtime.pdf Graphic file (type pdf)

<use gfx/bee/ritu_data_fixedtime.pdf, page 1>
Package pdftex.def Info: gfx/bee/ritu_data_fixedtime.pdf, page1 used on input l
ine 11.
(pdftex.def)             Requested size: 844.95468pt x 597.43054pt.
File: gfx/bee/ritu_data_fixedtime.pdf Graphic file (type pdf)

<use gfx/bee/ritu_data_fixedtime.pdf, page 1>
Package pdftex.def Info: gfx/bee/ritu_data_fixedtime.pdf, page1 used on input l
ine 11.
(pdftex.def)             Requested size: 598.18294pt x 422.94902pt.
File: gfx/bee/ritu_data_fixedtime.pdf Graphic file (type pdf)

<use gfx/bee/ritu_data_fixedtime.pdf, page 1>
Package pdftex.def Info: gfx/bee/ritu_data_fixedtime.pdf, page1 used on input l
ine 11.
(pdftex.def)             Requested size: 598.18294pt x 422.94902pt.
File: gfx/bee/ritu_data_fixedtime.pdf Graphic file (type pdf)

<use gfx/bee/ritu_data_fixedtime.pdf, page 1>
Package pdftex.def Info: gfx/bee/ritu_data_fixedtime.pdf, page1 used on input l
ine 11.
(pdftex.def)             Requested size: 598.18294pt x 422.94902pt.


Package caption Warning: The option `hypcap=true' will be ignored for this
(caption)                particular \caption on input line 11.
See the caption package documentation for explanation.

File: gfx/bee/ritu_data_fixedtime.pdf Graphic file (type pdf)
<use gfx/bee/ritu_data_fixedtime.pdf, page 1>
Package pdftex.def Info: gfx/bee/ritu_data_fixedtime.pdf, page1 used on input l
ine 11.
(pdftex.def)             Requested size: 598.18294pt x 422.94902pt.
 [24 <C:/Users/A. S. Aurora/Documents/IISER_repo/Semester_4/BIO212/Record/Recor
d/gfx/bee/ritu_data_fixedtime.pdf>])
("C:\Users\A. S. Aurora\Documents\IISER_repo\Semester_4\BIO212\Record\Record\Fr
ontBackmatter/Colophon.tex"
Overfull \hbox (20.02127pt too wide) in paragraph at lines 10--14
\T1/pplj/m/n/10 This doc-u-ment was type-set us-ing the ty-po-graph-i-cal look-
and-feel \T1/fvm/m/n/10 classicthesis
 []


Underfull \hbox (badness 10000) in paragraph at lines 10--14

 []

) [25




]
Package atveryend Info: Empty hook `BeforeClearDocument' on input line 103.
Package atveryend Info: Empty hook `AfterLastShipout' on input line 103.

("C:\Users\A. S. Aurora\Documents\IISER_repo\Semester_4\BIO212\Record\Record\BI
O212.aux"
("C:\Users\A. S. Aurora\Documents\IISER_repo\Semester_4\BIO212\Record\Record\Fr
ontBackmatter/Titlepage.aux")
("C:\Users\A. S. Aurora\Documents\IISER_repo\Semester_4\BIO212\Record\Record\Fr
ontBackmatter/Titleback.aux")
("C:\Users\A. S. Aurora\Documents\IISER_repo\Semester_4\BIO212\Record\Record\Fr
ontBackmatter/Acknowledgments.aux")
("C:\Users\A. S. Aurora\Documents\IISER_repo\Semester_4\BIO212\Record\Record\Fr
ontBackmatter/Contents.aux")
("C:\Users\A. S. Aurora\Documents\IISER_repo\Semester_4\BIO212\Record\Record\Ex
periments/Experiment01.aux")
("C:\Users\A. S. Aurora\Documents\IISER_repo\Semester_4\BIO212\Record\Record\Ex
periments/Experiment02.aux")
("C:\Users\A. S. Aurora\Documents\IISER_repo\Semester_4\BIO212\Record\Record\Ex
periments/BirdData.aux")
("C:\Users\A. S. Aurora\Documents\IISER_repo\Semester_4\BIO212\Record\Record\Fr
ontBackmatter/Colophon.aux"))
Package atveryend Info: Executing hook `AtVeryEndDocument' on input line 103.


 *File List*
scrreprt.cls    2012/07/29 v3.11b KOMA-Script document class (report)
scrkbase.sty    2012/07/29 v3.11b KOMA-Script package (KOMA-Script-dependent ba
sics and keyval usage)
 scrbase.sty    2012/07/29 v3.11b KOMA-Script package (KOMA-Script-independent 
basics and keyval usage)
  keyval.sty    1999/03/16 v1.13 key=value parser (DPC)
scrlfile.sty    2012/06/15 v3.12 KOMA-Script package (loading files)
tocbasic.sty    2012/04/04 v3.10b KOMA-Script package (handling toc-files)
scrsize11pt.clo    2012/07/29 v3.11b KOMA-Script font size class option (11pt)
typearea.sty    2012/07/29 v3.11b KOMA-Script package (type area)
classicthesis-config.tex
simpsons.sty    
   color.sty    1999/02/16
   color.cfg    2007/01/18 v1.5 color configuration of teTeX/TeXLive
  pdftex.def    2011/05/27 v0.06d Graphics/color for pdfTeX
infwarerr.sty    2010/04/08 v1.3 Providing info/warning/error messages (HO)
 ltxcmds.sty    2011/11/09 v1.22 LaTeX kernel commands for general use (HO)
pdfpages.sty    2012/08/31 v0.4t Insert pages of external PDF documents (AM)
  ifthen.sty    2001/05/26 v1.1c Standard LaTeX ifthen package (DPC)
    calc.sty    2007/08/22 v4.3 Infix arithmetic (KKT,FJ)
 eso-pic.sty    2010/10/06 v2.0c eso-pic (RN)
atbegshi.sty    2011/10/05 v1.16 At begin shipout hook (HO)
   ifpdf.sty    2011/01/30 v2.3 Provides the ifpdf switch (HO)
graphicx.sty    1999/02/16 v1.0f Enhanced LaTeX Graphics (DPC,SPQR)
graphics.sty    2009/02/05 v1.0o Standard LaTeX Graphics (DPC,SPQR)
    trig.sty    1999/03/16 v1.09 sin cos tan (DPC)
graphics.cfg    2007/01/18 v1.5 graphics configuration of teTeX/TeXLive
pppdftex.def    2012/08/31 v0.4t Pdfpages driver for pdfTeX (AM)
inputenc.sty    2008/03/30 v1.1d Input encoding file
  latin9.def    2008/03/30 v1.1d Input encoding file
   babel.sty    2008/07/08 v3.8m The Babel package
 bblopts.cfg    2006/07/31 v1.0 MiKTeX 'babel' configuration
ngermanb.ldf    2008/07/06 v2.6n new German support from the babel system
 english.ldf    2005/03/30 v3.3o English support from the babel system
  natbib.sty    2010/09/13 8.31b (PWD, AO)
 amsmath.sty    2000/07/18 v2.13 AMS math features
 amstext.sty    2000/06/29 v2.01
  amsgen.sty    1999/11/30 v2.0
  amsbsy.sty    1999/11/29 v1.2d
  amsopn.sty    1999/12/14 v2.01 operator names
 fontenc.sty
   t1enc.def    2005/09/27 v1.99g Standard LaTeX file
  xspace.sty    2009/10/20 v1.13 Space after command names (DPC,MH)
mparhack.sty    2005/04/17 v1.4 (T. Sgouros and S. Ulrich)
fixltx2e.sty    2006/09/13 v1.1m fixes to LaTeX
 acronym.sty    2012/09/04 v1.37 Support for acronyms (Tobias Oetiker)
  suffix.sty    2006/07/15 1.5 Variant command support
 relsize.sty    2003/07/04 ver 3.1
tabularx.sty    1999/01/07 v2.07 `tabularx' package (DPC)
   array.sty    2008/09/09 v2.4c Tabular extension package (FMi)
 caption.sty    2012/02/19 v3.2f Customizing captions (AR)
caption3.sty    2012/01/12 v1.4b caption3 kernel (AR)
  subfig.sty    2005/06/28 ver: 1.3 subfig package
listings.sty    2007/02/22 1.4 (Carsten Heinz)
 lstmisc.sty    2007/02/22 1.4 (Carsten Heinz)
listings.cfg    2007/02/22 1.4 listings configuration
lstlang1.sty    2004/09/05 1.3 listings language file
lstlang2.sty    2004/09/05 1.3 listings language file
lstlang3.sty    2004/09/05 1.3 listings language file
lstlang1.sty    2004/09/05 1.3 listings language file
lstlang2.sty    2004/09/05 1.3 listings language file
lstlang3.sty    2004/09/05 1.3 listings language file
lstlang1.sty    2004/09/05 1.3 listings language file
lstlang2.sty    2004/09/05 1.3 listings language file
lstlang3.sty    2004/09/05 1.3 listings language file
 lstmisc.sty    2007/02/22 1.4 (Carsten Heinz)
hyperref.sty    2012/05/13 v6.82q Hypertext links for LaTeX
hobsub-hyperref.sty    2012/04/25 v1.12 Bundle oberdiek, subset hyperref (HO)
hobsub-generic.sty    2012/04/25 v1.12 Bundle oberdiek, subset generic (HO)
  hobsub.sty    2012/04/25 v1.12 Construct package bundles (HO)
ifluatex.sty    2010/03/01 v1.3 Provides the ifluatex switch (HO)
  ifvtex.sty    2010/03/01 v1.5 Detect VTeX and its facilities (HO)
 intcalc.sty    2007/09/27 v1.1 Expandable calculations with integers (HO)
etexcmds.sty    2011/02/16 v1.5 Avoid name clashes with e-TeX commands (HO)
kvsetkeys.sty    2012/04/25 v1.16 Key value parser (HO)
kvdefinekeys.sty    2011/04/07 v1.3 Define keys (HO)
pdftexcmds.sty    2011/11/29 v0.20 Utility functions of pdfTeX for LuaTeX (HO)
pdfescape.sty    2011/11/25 v1.13 Implements pdfTeX's escape features (HO)
bigintcalc.sty    2012/04/08 v1.3 Expandable calculations on big integers (HO)
  bitset.sty    2011/01/30 v1.1 Handle bit-vector datatype (HO)
uniquecounter.sty    2011/01/30 v1.2 Provide unlimited unique counter (HO)
letltxmacro.sty    2010/09/02 v1.4 Let assignment for LaTeX macros (HO)
 hopatch.sty    2011/06/24 v1.1 Wrapper for package hooks (HO)
xcolor-patch.sty    2011/01/30 xcolor patch
atveryend.sty    2011/06/30 v1.8 Hooks at the very end of document (HO)
refcount.sty    2011/10/16 v3.4 Data extraction from label references (HO)
 hycolor.sty    2011/01/30 v1.7 Color options for hyperref/bookmark (HO)
 ifxetex.sty    2010/09/12 v0.6 Provides ifxetex conditional
kvoptions.sty    2011/06/30 v3.11 Key value format for package options (HO)
  pd1enc.def    2012/05/13 v6.82q Hyperref: PDFDocEncoding definition (HO)
hyperref.cfg    2002/06/06 v1.2 hyperref configuration of TeXLive
     url.sty    2006/04/12  ver 3.3  Verb mode for urls, etc.
 hpdftex.def    2012/05/13 v6.82q Hyperref driver for pdfTeX
rerunfilecheck.sty    2011/04/15 v1.7 Rerun checks for auxiliary files (HO)
classicthesis.sty    2011/12/17 v4.0 Typographic style for a classic-looking th
esis
  xcolor.sty    2007/01/21 v2.11 LaTeX color extensions (UK)
   color.cfg    2007/01/18 v1.5 color configuration of teTeX/TeXLive
dvipsnam.def    1999/02/16 v3.0i Driver-dependant file (DPC,SPQR)
mathpazo.sty    2005/04/12 PSNFSS-v9.2a Palatino w/ Pazo Math (D.Puga, WaS) 
beramono.sty    2004/01/31 (WaS)
 eulervm.sty    2005/01/11 v4.0 (WaS)
microtype.sty    2010/01/10 v2.4 Micro-typography with pdfTeX (RS)
microtype.cfg    2010/01/10 v2.4 microtype main configuration file (RS)
booktabs.sty    2005/04/14 v1.61803 publication quality tables
textcase.sty    2004/10/07 v0.07 Text only upper/lower case changing (DPC)
scrpage2.sty    2010/04/22 v2.5 LaTeX2e KOMA-Script package
titlesec.sty    2011/12/15 v2.10.0 Sectioning titles
 tocloft.sty    2010/10/13 v2.3e parameterised ToC, etc., typesetting
 scrtime.sty    2012/07/29 v3.11b KOMA-Script package (time of LaTeX run)
prelim2e.sty    2009/05/29 v1.3 prelim2e Package (MS)
everyshi.sty    2001/05/15 v3.00 EveryShipout Package (MS)
remreset.sty    
  t1pplj.fd    2004/09/06 font definitions for T1/pplj.
supp-pdf.mkii
 nameref.sty    2010/04/30 v2.40 Cross-referencing by name of section
gettitlestring.sty    2010/12/03 v1.4 Cleanup title references (HO)
  BIO212.out
  BIO212.out
  mt-ppl.cfg    2005/11/16 v1.6 microtype config. file: Palatino (RS)
FrontBackmatter/Titlepage.tex
gfx/iiserlogo.jpg
FrontBackmatter/Titleback.tex
FrontBackmatter/Acknowledgments.tex
   uzeur.fd    2005/01/11 v4.0 (WaS)
  mt-eur.cfg    2006/07/31 v1.1 microtype config. file: AMS Euler Roman (RS)
   uzeus.fd    2005/01/11 v4.0 (WaS)
  mt-eus.cfg    2006/07/28 v1.2 microtype config. file: AMS Euler Script (RS)
  uzeuex.fd    2005/01/11 v4.0 (WaS)
 ot1zplm.fd    2002/09/08 Fontinst v1.914 font definitions for OT1/zplm.
FrontBackmatter/Contents.tex
  t1cmss.fd    1999/05/25 v2.5h Standard LaTeX font definitions
Experiments/Experiment01.tex
   t1fvm.fd    2004/09/07 scalable font definitions for T1/fvm.
gfx/birdy/birdy_final.pdf
gfx/birdy/birdy_final.pdf
gfx/birdy/birdy_final.pdf
gfx/birdy/birdy_final.pdf
gfx/birdy/birdy_final.pdf
Experiments/Experiment02.tex
gfx/bee/ritu_table_main.pdf
gfx/bee/ritu_table_main.pdf
gfx/bee/ritu_table_category.pdf
gfx/bee/ritu_table_category.pdf
gfx/bee/ritu_final.pdf
gfx/bee/ritu_final.pdf
Experiments/BirdData.tex
gfx/trip_data.pdf
gfx/trip_data.pdf
gfx/trip_data.pdf
gfx/bee/ritu_data.pdf
gfx/bee/ritu_data.pdf
gfx/bee/ritu_data.pdf
gfx/bee/ritu_data_fixedtime.pdf
gfx/bee/ritu_data_fixedtime.pdf
FrontBackmatter/Colophon.tex
 ***********

Package atveryend Info: Executing hook `AtEndAfterFileList' on input line 103.
Package rerunfilecheck Info: File `BIO212.out' has not changed.
(rerunfilecheck)             Checksum: A7F08970E0160A30ABA1AEE5852AF83F;1508.
Package atveryend Info: Empty hook `AtVeryVeryEnd' on input line 103.
 ) 
Here is how much of TeX's memory you used:
 15108 strings out of 494045
 237682 string characters out of 3148366
 412600 words of memory out of 3000000
 17891 multiletter control sequences out of 15000+200000
 75957 words of font info for 105 fonts, out of 3000000 for 9000
 715 hyphenation exceptions out of 8191
 48i,18n,67p,1203b,589s stack positions out of 5000i,500n,10000p,200000b,50000s
{C:/Program Files/MiKTeX 2.9/fonts/enc/dvips/fontname/8r.enc}<C:/Program File
s/MiKTeX 2.9/fonts/type1/public/amsfonts/cm/cmex10.pfb><C:/Program Files/MiKTeX
 2.9/fonts/type1/public/amsfonts/euler/eufm10.pfb><C:/Program Files/MiKTeX 2.9/
fonts/type1/public/amsfonts/euler/eurb10.pfb><C:/Program Files/MiKTeX 2.9/fonts
/type1/public/amsfonts/euler/eurm10.pfb><C:/Program Files/MiKTeX 2.9/fonts/type
1/public/amsfonts/euler/eurm7.pfb><C:/Program Files/MiKTeX 2.9/fonts/type1/publ
ic/fpl/fplrc8a.pfb><C:/Program Files/MiKTeX 2.9/fonts/type1/public/fpl/fplrij8a
.pfb><C:/Program Files/MiKTeX 2.9/fonts/type1/bera/fvmr8a.pfb><C:/Program Files
/MiKTeX 2.9/fonts/type1/urw/palatino/uplr8a.pfb><C:/Program Files/MiKTeX 2.9/fo
nts/type1/urw/palatino/uplri8a.pfb>
Output written on BIO212.pdf (31 pages, 1317167 bytes).
PDF statistics:
 486 PDF objects out of 1000 (max. 8388607)
 90 named destinations out of 1000 (max. 500000)
 14680 words of extra memory for PDF output out of 17280 (max. 10000000)

