\BOOKMARK [1][-]{acknowledgments.1}{Acknowledgments}{}% 1
\BOOKMARK [1][-]{tableofcontents.1}{Contents}{}% 2
\BOOKMARK [1][-]{lof.1}{List of Figures}{}% 3
\BOOKMARK [1][-]{lot.1}{List of Tables}{}% 4
\BOOKMARK [1][-]{lol.1}{Listings}{}% 5
\BOOKMARK [1][-]{acronyms.1}{Acronyms}{}% 6
\BOOKMARK [-1][]{part.1}{Experiments}{}% 7
\BOOKMARK [0][]{chapter.1}{1 `Bird Watching'}{part.1}% 8
\BOOKMARK [1][-]{section.1.1}{1.1 Prior Aim}{chapter.1}% 9
\BOOKMARK [1][-]{section.1.2}{1.2 Observations}{chapter.1}% 10
\BOOKMARK [1][-]{section.1.3}{1.3 Acknowledgements}{chapter.1}% 11
\BOOKMARK [0][]{chapter.2}{2 `Bee Watching'}{part.1}% 12
\BOOKMARK [1][-]{section.2.1}{2.1 Prior Aim}{chapter.2}% 13
\BOOKMARK [1][-]{section.2.2}{2.2 Motivation}{chapter.2}% 14
\BOOKMARK [1][-]{section.2.3}{2.3 Proposed Techniques}{chapter.2}% 15
\BOOKMARK [1][-]{section.2.4}{2.4 Procedure}{chapter.2}% 16
\BOOKMARK [1][-]{section.2.5}{2.5 Analysis}{chapter.2}% 17
\BOOKMARK [2][-]{subsection.2.5.1}{2.5.1 Brief of the Statistics}{section.2.5}% 18
\BOOKMARK [2][-]{subsection.2.5.2}{2.5.2 Implementation}{section.2.5}% 19
\BOOKMARK [1][-]{section.2.6}{2.6 Result}{chapter.2}% 20
\BOOKMARK [-1][]{part.2}{Appendix}{}% 21
\BOOKMARK [0][]{appendix.A}{A Bird Data}{part.2}% 22
\BOOKMARK [1][-]{section.A.1}{A.1 Bird Observations}{appendix.A}% 23
\BOOKMARK [0][]{appendix.B}{B Bee Data}{part.2}% 24
\BOOKMARK [1][-]{section.B.1}{B.1 Observations}{appendix.B}% 25
\BOOKMARK [0][]{colophon.0}{Colophon}{part.2}% 26
