\BOOKMARK [1][-]{acknowledgments.1}{Acknowledgments}{}% 1
\BOOKMARK [1][-]{tableofcontents.1}{Contents}{}% 2
\BOOKMARK [1][-]{lof.1}{List of Figures}{}% 3
\BOOKMARK [1][-]{lot.1}{List of Tables}{}% 4
\BOOKMARK [1][-]{lol.1}{Listings}{}% 5
\BOOKMARK [1][-]{acronyms.1}{Acronyms}{}% 6
\BOOKMARK [0][]{chapter.1}{1 Thin Layer Chromatography \(Introductory\)}{}% 7
\BOOKMARK [1][-]{section.1.1}{1.1 Aim}{chapter.1}% 8
\BOOKMARK [1][-]{section.1.2}{1.2 Chemicals Required}{chapter.1}% 9
\BOOKMARK [1][-]{section.1.3}{1.3 Theory}{chapter.1}% 10
\BOOKMARK [1][-]{section.1.4}{1.4 Procedure}{chapter.1}% 11
\BOOKMARK [1][-]{section.1.5}{1.5 Observations and Results}{chapter.1}% 12
\BOOKMARK [1][-]{section.1.6}{1.6 Precaution}{chapter.1}% 13
\BOOKMARK [1][-]{section.1.7}{1.7 Acknowledgements}{chapter.1}% 14
\BOOKMARK [0][]{chapter.2}{2 Thin Layer Chromatography \(Constituent Detection\)}{}% 15
\BOOKMARK [1][-]{section.2.1}{2.1 Aim}{chapter.2}% 16
\BOOKMARK [1][-]{section.2.2}{2.2 Chemicals Required}{chapter.2}% 17
\BOOKMARK [1][-]{section.2.3}{2.3 Theory}{chapter.2}% 18
\BOOKMARK [1][-]{section.2.4}{2.4 Procedure}{chapter.2}% 19
\BOOKMARK [1][-]{section.2.5}{2.5 Observations and Results}{chapter.2}% 20
\BOOKMARK [1][-]{section.2.6}{2.6 Precaution}{chapter.2}% 21
\BOOKMARK [1][-]{section.2.7}{2.7 Acknowledgements}{chapter.2}% 22
\BOOKMARK [0][]{chapter.3}{3 Column Chromatography \(Introduction\)}{}% 23
\BOOKMARK [1][-]{section.3.1}{3.1 Aim}{chapter.3}% 24
\BOOKMARK [1][-]{section.3.2}{3.2 Chemicals Required}{chapter.3}% 25
\BOOKMARK [1][-]{section.3.3}{3.3 Theory}{chapter.3}% 26
\BOOKMARK [1][-]{section.3.4}{3.4 Procedure}{chapter.3}% 27
\BOOKMARK [1][-]{section.3.5}{3.5 Observations and Results}{chapter.3}% 28
\BOOKMARK [1][-]{section.3.6}{3.6 Precaution}{chapter.3}% 29
\BOOKMARK [1][-]{section.3.7}{3.7 Acknowledgements}{chapter.3}% 30
\BOOKMARK [0][]{chapter.4}{4 Column Chromatography}{}% 31
\BOOKMARK [1][-]{section.4.1}{4.1 Aim}{chapter.4}% 32
\BOOKMARK [1][-]{section.4.2}{4.2 Chemicals Required}{chapter.4}% 33
\BOOKMARK [1][-]{section.4.3}{4.3 Theory}{chapter.4}% 34
\BOOKMARK [1][-]{section.4.4}{4.4 Procedure}{chapter.4}% 35
\BOOKMARK [1][-]{section.4.5}{4.5 Observations and Results}{chapter.4}% 36
\BOOKMARK [1][-]{section.4.6}{4.6 Precaution}{chapter.4}% 37
\BOOKMARK [1][-]{section.4.7}{4.7 Acknowledgements}{chapter.4}% 38
\BOOKMARK [0][]{chapter.5}{5 The Solvent Extraction Technique}{}% 39
\BOOKMARK [1][-]{section.5.1}{5.1 Aim}{chapter.5}% 40
\BOOKMARK [1][-]{section.5.2}{5.2 Chemicals Required}{chapter.5}% 41
\BOOKMARK [1][-]{section.5.3}{5.3 Theory}{chapter.5}% 42
\BOOKMARK [1][-]{section.5.4}{5.4 Procedure}{chapter.5}% 43
\BOOKMARK [1][-]{section.5.5}{5.5 Observations and Results}{chapter.5}% 44
\BOOKMARK [1][-]{section.5.6}{5.6 Precaution}{chapter.5}% 45
\BOOKMARK [1][-]{section.5.7}{5.7 Acknowledgements}{chapter.5}% 46
\BOOKMARK [0][]{chapter.6}{6 Distillation \(Introduction\)}{}% 47
\BOOKMARK [1][-]{section.6.1}{6.1 Aim}{chapter.6}% 48
\BOOKMARK [1][-]{section.6.2}{6.2 Chemicals Required}{chapter.6}% 49
\BOOKMARK [1][-]{section.6.3}{6.3 Apparatus/Setup}{chapter.6}% 50
\BOOKMARK [1][-]{section.6.4}{6.4 Theory}{chapter.6}% 51
\BOOKMARK [1][-]{section.6.5}{6.5 Procedure}{chapter.6}% 52
\BOOKMARK [1][-]{section.6.6}{6.6 Observations and Results}{chapter.6}% 53
\BOOKMARK [1][-]{section.6.7}{6.7 Precaution}{chapter.6}% 54
\BOOKMARK [1][-]{section.6.8}{6.8 Acknowledgements}{chapter.6}% 55
\BOOKMARK [0][]{chapter.7}{7 Fractional Distillation}{}% 56
\BOOKMARK [1][-]{section.7.1}{7.1 Aim}{chapter.7}% 57
\BOOKMARK [1][-]{section.7.2}{7.2 Chemicals Required}{chapter.7}% 58
\BOOKMARK [1][-]{section.7.3}{7.3 Apparatus/Setup}{chapter.7}% 59
\BOOKMARK [1][-]{section.7.4}{7.4 Theory}{chapter.7}% 60
\BOOKMARK [1][-]{section.7.5}{7.5 Procedure}{chapter.7}% 61
\BOOKMARK [1][-]{section.7.6}{7.6 Observations and Results}{chapter.7}% 62
\BOOKMARK [1][-]{section.7.7}{7.7 Precaution}{chapter.7}% 63
\BOOKMARK [1][-]{section.7.8}{7.8 Acknowledgements}{chapter.7}% 64
\BOOKMARK [0][]{chapter.8}{8 The Dean Stark Apparatus}{}% 65
\BOOKMARK [1][-]{section.8.1}{8.1 Aim}{chapter.8}% 66
\BOOKMARK [1][-]{section.8.2}{8.2 Chemicals Required}{chapter.8}% 67
\BOOKMARK [1][-]{section.8.3}{8.3 Apparatus/Setup}{chapter.8}% 68
\BOOKMARK [1][-]{section.8.4}{8.4 Theory}{chapter.8}% 69
\BOOKMARK [1][-]{section.8.5}{8.5 Procedure}{chapter.8}% 70
\BOOKMARK [1][-]{section.8.6}{8.6 Observations and Results}{chapter.8}% 71
\BOOKMARK [1][-]{section.8.7}{8.7 Precaution}{chapter.8}% 72
\BOOKMARK [1][-]{section.8.8}{8.8 Acknowledgements}{chapter.8}% 73
\BOOKMARK [0][]{chapter.9}{9 Crystallization}{}% 74
\BOOKMARK [1][-]{section.9.1}{9.1 Aim}{chapter.9}% 75
\BOOKMARK [1][-]{section.9.2}{9.2 Chemicals Required}{chapter.9}% 76
\BOOKMARK [1][-]{section.9.3}{9.3 Theory}{chapter.9}% 77
\BOOKMARK [1][-]{section.9.4}{9.4 Procedure}{chapter.9}% 78
\BOOKMARK [1][-]{section.9.5}{9.5 Observations and Results}{chapter.9}% 79
\BOOKMARK [1][-]{section.9.6}{9.6 Precaution}{chapter.9}% 80
\BOOKMARK [1][-]{section.9.7}{9.7 Acknowledgements}{chapter.9}% 81
\BOOKMARK [0][]{chapter.10}{10 Purification by Derivatisation and Crystallization}{}% 82
\BOOKMARK [1][-]{section.10.1}{10.1 Aim}{chapter.10}% 83
\BOOKMARK [1][-]{section.10.2}{10.2 Chemicals Required}{chapter.10}% 84
\BOOKMARK [1][-]{section.10.3}{10.3 Theory}{chapter.10}% 85
\BOOKMARK [1][-]{section.10.4}{10.4 Procedure}{chapter.10}% 86
\BOOKMARK [1][-]{section.10.5}{10.5 Observations and Results}{chapter.10}% 87
\BOOKMARK [1][-]{section.10.6}{10.6 Causes of failure}{chapter.10}% 88
\BOOKMARK [1][-]{section.10.7}{10.7 Precaution}{chapter.10}% 89
\BOOKMARK [1][-]{section.10.8}{10.8 Acknowledgements}{chapter.10}% 90
\BOOKMARK [0][]{chapter.11}{11 Self-Test}{}% 91
\BOOKMARK [1][-]{section.11.1}{11.1 Aim}{chapter.11}% 92
\BOOKMARK [1][-]{section.11.2}{11.2 Chemicals Required}{chapter.11}% 93
\BOOKMARK [1][-]{section.11.3}{11.3 Theory}{chapter.11}% 94
\BOOKMARK [1][-]{section.11.4}{11.4 Procedure}{chapter.11}% 95
\BOOKMARK [1][-]{section.11.5}{11.5 Observations and Results}{chapter.11}% 96
\BOOKMARK [1][-]{section.11.6}{11.6 Precaution}{chapter.11}% 97
\BOOKMARK [1][-]{section.11.7}{11.7 Acknowledgements}{chapter.11}% 98
\BOOKMARK [0][]{chapter.12}{12 Purification by Sublimation}{}% 99
\BOOKMARK [1][-]{section.12.1}{12.1 Aim}{chapter.12}% 100
\BOOKMARK [1][-]{section.12.2}{12.2 Chemicals Required}{chapter.12}% 101
\BOOKMARK [1][-]{section.12.3}{12.3 Theory}{chapter.12}% 102
\BOOKMARK [1][-]{section.12.4}{12.4 Experimental Setup}{chapter.12}% 103
\BOOKMARK [1][-]{section.12.5}{12.5 Acknowledgements}{chapter.12}% 104
\BOOKMARK [0][]{colophon.0}{Colophon}{}% 105
