\BOOKMARK [1][-]{acknowledgments.1}{Acknowledgments}{}% 1
\BOOKMARK [1][-]{tableofcontents.1}{Contents}{}% 2
\BOOKMARK [1][-]{lof.1}{List of Figures}{}% 3
\BOOKMARK [1][-]{lot.1}{List of Tables}{}% 4
\BOOKMARK [1][-]{lol.1}{Listings}{}% 5
\BOOKMARK [1][-]{acronyms.1}{Acronyms}{}% 6
\BOOKMARK [-1][]{part.1}{Experiments}{}% 7
\BOOKMARK [0][]{chapter.1}{1 Introductory Session}{part.1}% 8
\BOOKMARK [1][-]{section.1.1}{1.1 Objective}{chapter.1}% 9
\BOOKMARK [1][-]{section.1.2}{1.2 Theory}{chapter.1}% 10
\BOOKMARK [2][-]{subsection.1.2.1}{1.2.1 Morphology}{section.1.2}% 11
\BOOKMARK [2][-]{subsection.1.2.2}{1.2.2 Life Cycle}{section.1.2}% 12
\BOOKMARK [2][-]{subsection.1.2.3}{1.2.3 Difference between Males and Females}{section.1.2}% 13
\BOOKMARK [1][-]{section.1.3}{1.3 Experiment}{chapter.1}% 14
\BOOKMARK [1][-]{section.1.4}{1.4 Observations}{chapter.1}% 15
\BOOKMARK [2][-]{subsection.1.4.1}{1.4.1 Coarse Focus}{section.1.4}% 16
\BOOKMARK [2][-]{subsection.1.4.2}{1.4.2 Fine Focus}{section.1.4}% 17
\BOOKMARK [2][-]{subsection.1.4.3}{1.4.3 High Power Microscope}{section.1.4}% 18
\BOOKMARK [2][-]{subsection.1.4.4}{1.4.4 Mutants}{section.1.4}% 19
\BOOKMARK [1][-]{section.1.5}{1.5 Acknowledgements}{chapter.1}% 20
\BOOKMARK [-1][]{part.2}{The Showcase}{}% 21
\BOOKMARK [0][]{dummy.6}{Bibliography}{part.2}% 22
\BOOKMARK [0][]{colophon.0}{Colophon}{part.2}% 23
