\BOOKMARK [1][-]{tableofcontents.1}{Contents}{}% 1
\BOOKMARK [1][-]{lof.1}{List of Figures}{}% 2
\BOOKMARK [1][-]{lot.1}{List of Tables}{}% 3
\BOOKMARK [1][-]{lol.1}{Listings}{}% 4
\BOOKMARK [1][-]{acronyms.1}{Acronyms}{}% 5
\BOOKMARK [0][]{chapter.1}{1 To control a lamp with a single way switch}{}% 6
\BOOKMARK [1][-]{section.1.1}{1.1 Aim}{chapter.1}% 7
\BOOKMARK [1][-]{section.1.2}{1.2 Theory}{chapter.1}% 8
\BOOKMARK [2][-]{subsection.1.2.1}{1.2.1 Tools}{section.1.2}% 9
\BOOKMARK [2][-]{subsection.1.2.2}{1.2.2 Material}{section.1.2}% 10
\BOOKMARK [1][-]{section.1.3}{1.3 Procedure}{chapter.1}% 11
\BOOKMARK [1][-]{section.1.4}{1.4 Precaution}{chapter.1}% 12
\BOOKMARK [1][-]{section.1.5}{1.5 Acknowledgements}{chapter.1}% 13
\BOOKMARK [0][]{chapter.2}{2 To control a lamp from two different places}{}% 14
\BOOKMARK [1][-]{section.2.1}{2.1 Aim}{chapter.2}% 15
\BOOKMARK [1][-]{section.2.2}{2.2 Theory}{chapter.2}% 16
\BOOKMARK [2][-]{subsection.2.2.1}{2.2.1 Tools}{section.2.2}% 17
\BOOKMARK [2][-]{subsection.2.2.2}{2.2.2 Material}{section.2.2}% 18
\BOOKMARK [1][-]{section.2.3}{2.3 Procedure}{chapter.2}% 19
\BOOKMARK [1][-]{section.2.4}{2.4 Precaution}{chapter.2}% 20
\BOOKMARK [1][-]{section.2.5}{2.5 Acknowledgements}{chapter.2}% 21
\BOOKMARK [0][]{chapter.3}{3 To make a fluorescent tube light circuit}{}% 22
\BOOKMARK [1][-]{section.3.1}{3.1 Aim}{chapter.3}% 23
\BOOKMARK [1][-]{section.3.2}{3.2 Tools}{chapter.3}% 24
\BOOKMARK [1][-]{section.3.3}{3.3 Material}{chapter.3}% 25
\BOOKMARK [1][-]{section.3.4}{3.4 Procedure}{chapter.3}% 26
\BOOKMARK [1][-]{section.3.5}{3.5 Precaution}{chapter.3}% 27
\BOOKMARK [1][-]{section.3.6}{3.6 Acknowledgements}{chapter.3}% 28
\BOOKMARK [0][]{chapter.4}{4 To make a sub distribution board}{}% 29
\BOOKMARK [1][-]{section.4.1}{4.1 Aim}{chapter.4}% 30
\BOOKMARK [1][-]{section.4.2}{4.2 Theory}{chapter.4}% 31
\BOOKMARK [2][-]{subsection.4.2.1}{4.2.1 Tools}{section.4.2}% 32
\BOOKMARK [2][-]{subsection.4.2.2}{4.2.2 Material}{section.4.2}% 33
\BOOKMARK [1][-]{section.4.3}{4.3 Procedure}{chapter.4}% 34
\BOOKMARK [1][-]{section.4.4}{4.4 Precaution}{chapter.4}% 35
\BOOKMARK [1][-]{section.4.5}{4.5 Acknowledgements}{chapter.4}% 36
\BOOKMARK [0][]{colophon.0}{Colophon}{}% 37
