This is pdfTeX, Version 3.1415926-2.4-1.40.13 (MiKTeX 2.9 64-bit) (preloaded format=pdflatex 2013.5.19)  4 MAY 2014 20:05
entering extended mode
**C:/Users/Atul/Documents/IISER_repo/Semester_6/QCQI/ionTrap/reportMS11003arvin
dSirsFormat.tex

(C:/Users/Atul/Documents/IISER_repo/Semester_6/QCQI/ionTrap/reportMS11003arvind
SirsFormat.tex
LaTeX2e <2011/06/27>
Babel <v3.8m> and hyphenation patterns for english, afrikaans, ancientgreek, ar
abic, armenian, assamese, basque, bengali, bokmal, bulgarian, catalan, coptic, 
croatian, czech, danish, dutch, esperanto, estonian, farsi, finnish, french, ga
lician, german, german-x-2012-05-30, greek, gujarati, hindi, hungarian, iceland
ic, indonesian, interlingua, irish, italian, kannada, kurmanji, latin, latvian,
 lithuanian, malayalam, marathi, mongolian, mongolianlmc, monogreek, ngerman, n
german-x-2012-05-30, nynorsk, oriya, panjabi, pinyin, polish, portuguese, roman
ian, russian, sanskrit, serbian, slovak, slovenian, spanish, swedish, swissgerm
an, tamil, telugu, turkish, turkmen, ukenglish, ukrainian, uppersorbian, usengl
ishmax, welsh, loaded.
("C:\Program Files\MiKTeX 2.9\tex\latex\base\book.cls"
Document Class: book 2007/10/19 v1.4h Standard LaTeX document class
("C:\Program Files\MiKTeX 2.9\tex\latex\base\bk10.clo"
File: bk10.clo 2007/10/19 v1.4h Standard LaTeX file (size option)
)
\c@part=\count79
\c@chapter=\count80
\c@section=\count81
\c@subsection=\count82
\c@subsubsection=\count83
\c@paragraph=\count84
\c@subparagraph=\count85
\c@figure=\count86
\c@table=\count87
\abovecaptionskip=\skip41
\belowcaptionskip=\skip42
\bibindent=\dimen102
)
("C:\Program Files\MiKTeX 2.9\tex\latex\ccfonts\ccfonts.sty"
Package: ccfonts 2000/06/30 v1.1 (WaS)
LaTeX Font Info:    Redeclaring symbol font `operators' on input line 78.
LaTeX Font Info:    Overwriting symbol font `operators' in version `normal'
(Font)                  OT1/cmr/m/n --> OT1/ccr/m/n on input line 78.
LaTeX Font Info:    Overwriting symbol font `operators' in version `bold'
(Font)                  OT1/cmr/bx/n --> OT1/ccr/m/n on input line 78.
LaTeX Font Info:    Redeclaring symbol font `letters' on input line 79.
LaTeX Font Info:    Overwriting symbol font `letters' in version `normal'
(Font)                  OML/cmm/m/it --> OML/ccm/m/it on input line 79.
LaTeX Font Info:    Overwriting symbol font `letters' in version `bold'
(Font)                  OML/cmm/b/it --> OML/ccm/m/it on input line 79.
LaTeX Font Info:    Redeclaring symbol font `symbols' on input line 80.
LaTeX Font Info:    Overwriting symbol font `symbols' in version `normal'
(Font)                  OMS/cmsy/m/n --> OMS/ccsy/m/n on input line 80.
LaTeX Font Info:    Overwriting symbol font `symbols' in version `bold'
(Font)                  OMS/cmsy/b/n --> OMS/ccsy/m/n on input line 80.
LaTeX Font Info:    Redeclaring symbol font `largesymbols' on input line 81.
LaTeX Font Info:    Overwriting symbol font `largesymbols' in version `normal'
(Font)                  OMX/cmex/m/n --> OMX/ccex/m/n on input line 81.
LaTeX Font Info:    Overwriting symbol font `largesymbols' in version `bold'
(Font)                  OMX/cmex/m/n --> OMX/ccex/m/n on input line 81.
LaTeX Font Info:    Redeclaring math alphabet \mathbf on input line 82.
LaTeX Font Info:    Overwriting math alphabet `\mathbf' in version `normal'
(Font)                  OT1/cmr/bx/n --> OT1/ccr/bx/n on input line 82.
LaTeX Font Info:    Overwriting math alphabet `\mathbf' in version `bold'
(Font)                  OT1/cmr/bx/n --> OT1/ccr/bx/n on input line 82.
LaTeX Font Info:    Redeclaring math alphabet \mathit on input line 83.
LaTeX Font Info:    Overwriting math alphabet `\mathit' in version `normal'
(Font)                  OT1/cmr/m/it --> OT1/ccr/m/it on input line 83.
LaTeX Font Info:    Overwriting math alphabet `\mathit' in version `bold'
(Font)                  OT1/cmr/bx/it --> OT1/ccr/m/it on input line 83.
)
("C:\Program Files\MiKTeX 2.9\tex\latex\psnfss\avant.sty"
Package: avant 2005/04/12 PSNFSS-v9.2a (SPQR) 
)
("C:\Program Files\MiKTeX 2.9\tex\latex\base\fontenc.sty"
Package: fontenc 2005/09/27 v1.99g Standard LaTeX package

("C:\Program Files\MiKTeX 2.9\tex\latex\base\t1enc.def"
File: t1enc.def 2005/09/27 v1.99g Standard LaTeX file
LaTeX Font Info:    Redeclaring font encoding T1 on input line 43.
))
("C:\Program Files\MiKTeX 2.9\tex\latex\base\inputenc.sty"
Package: inputenc 2008/03/30 v1.1d Input encoding file
\inpenc@prehook=\toks14
\inpenc@posthook=\toks15

("C:\Program Files\MiKTeX 2.9\tex\latex\base\latin9.def"
File: latin9.def 2008/03/30 v1.1d Input encoding file
))
("C:\Program Files\MiKTeX 2.9\tex\latex\amsmath\amsmath.sty"
Package: amsmath 2013/01/14 v2.14 AMS math features
\@mathmargin=\skip43

For additional information on amsmath, use the `?' option.
("C:\Program Files\MiKTeX 2.9\tex\latex\amsmath\amstext.sty"
Package: amstext 2000/06/29 v2.01

("C:\Program Files\MiKTeX 2.9\tex\latex\amsmath\amsgen.sty"
File: amsgen.sty 1999/11/30 v2.0
\@emptytoks=\toks16
\ex@=\dimen103
))
("C:\Program Files\MiKTeX 2.9\tex\latex\amsmath\amsbsy.sty"
Package: amsbsy 1999/11/29 v1.2d
\pmbraise@=\dimen104
)
("C:\Program Files\MiKTeX 2.9\tex\latex\amsmath\amsopn.sty"
Package: amsopn 1999/12/14 v2.01 operator names
)
\inf@bad=\count88
LaTeX Info: Redefining \frac on input line 210.
\uproot@=\count89
\leftroot@=\count90
LaTeX Info: Redefining \overline on input line 306.
\classnum@=\count91
\DOTSCASE@=\count92
LaTeX Info: Redefining \ldots on input line 378.
LaTeX Info: Redefining \dots on input line 381.
LaTeX Info: Redefining \cdots on input line 466.
\Mathstrutbox@=\box26
\strutbox@=\box27
\big@size=\dimen105
LaTeX Font Info:    Redeclaring font encoding OML on input line 566.
LaTeX Font Info:    Redeclaring font encoding OMS on input line 567.
\macc@depth=\count93
\c@MaxMatrixCols=\count94
\dotsspace@=\muskip10
\c@parentequation=\count95
\dspbrk@lvl=\count96
\tag@help=\toks17
\row@=\count97
\column@=\count98
\maxfields@=\count99
\andhelp@=\toks18
\eqnshift@=\dimen106
\alignsep@=\dimen107
\tagshift@=\dimen108
\tagwidth@=\dimen109
\totwidth@=\dimen110
\lineht@=\dimen111
\@envbody=\toks19
\multlinegap=\skip44
\multlinetaggap=\skip45
\mathdisplay@stack=\toks20
LaTeX Info: Redefining \[ on input line 2665.
LaTeX Info: Redefining \] on input line 2666.
)
("C:\Program Files\MiKTeX 2.9\tex\latex\amsfonts\amssymb.sty"
Package: amssymb 2013/01/14 v3.01 AMS font symbols

("C:\Program Files\MiKTeX 2.9\tex\latex\amsfonts\amsfonts.sty"
Package: amsfonts 2013/01/14 v3.01 Basic AMSFonts support
\symAMSa=\mathgroup4
\symAMSb=\mathgroup5
LaTeX Font Info:    Overwriting math alphabet `\mathfrak' in version `bold'
(Font)                  U/euf/m/n --> U/euf/b/n on input line 106.
))
("C:\Program Files\MiKTeX 2.9\tex\latex\graphics\graphicx.sty"
Package: graphicx 1999/02/16 v1.0f Enhanced LaTeX Graphics (DPC,SPQR)

("C:\Program Files\MiKTeX 2.9\tex\latex\graphics\keyval.sty"
Package: keyval 1999/03/16 v1.13 key=value parser (DPC)
\KV@toks@=\toks21
)
("C:\Program Files\MiKTeX 2.9\tex\latex\graphics\graphics.sty"
Package: graphics 2009/02/05 v1.0o Standard LaTeX Graphics (DPC,SPQR)

("C:\Program Files\MiKTeX 2.9\tex\latex\graphics\trig.sty"
Package: trig 1999/03/16 v1.09 sin cos tan (DPC)
)
("C:\Program Files\MiKTeX 2.9\tex\latex\00miktex\graphics.cfg"
File: graphics.cfg 2007/01/18 v1.5 graphics configuration of teTeX/TeXLive
)
Package graphics Info: Driver file: pdftex.def on input line 91.

("C:\Program Files\MiKTeX 2.9\tex\latex\pdftex-def\pdftex.def"
File: pdftex.def 2011/05/27 v0.06d Graphics/color for pdfTeX

("C:\Program Files\MiKTeX 2.9\tex\generic\oberdiek\infwarerr.sty"
Package: infwarerr 2010/04/08 v1.3 Providing info/warning/error messages (HO)
)
("C:\Program Files\MiKTeX 2.9\tex\generic\oberdiek\ltxcmds.sty"
Package: ltxcmds 2011/11/09 v1.22 LaTeX kernel commands for general use (HO)
)
\Gread@gobject=\count100
))
\Gin@req@height=\dimen112
\Gin@req@width=\dimen113
)
("C:\Program Files\MiKTeX 2.9\tex\latex\braket\braket.sty")
("C:\Program Files\MiKTeX 2.9\tex\generic\babel\babel.sty"
Package: babel 2008/07/08 v3.8m The Babel package

*************************************
* Local config file bblopts.cfg used
*
("C:\Program Files\MiKTeX 2.9\tex\latex\00miktex\bblopts.cfg"
File: bblopts.cfg 2006/07/31 v1.0 MiKTeX 'babel' configuration
)
("C:\Program Files\MiKTeX 2.9\tex\generic\babel\english.ldf"
Language: english 2005/03/30 v3.3o English support from the babel system

("C:\Program Files\MiKTeX 2.9\tex\generic\babel\babel.def"
File: babel.def 2008/07/08 v3.8m Babel common definitions
\babel@savecnt=\count101
\U@D=\dimen114
)
\l@canadian = a dialect from \language\l@american 
\l@australian = a dialect from \language\l@british 
\l@newzealand = a dialect from \language\l@british 
))
(C:\Users\Atul\Documents\IISER_repo\Semester_6\QCQI\ionTrap\reportMS11003arvind
SirsFormat.aux)
LaTeX Font Info:    Checking defaults for OML/cmm/m/it on input line 43.
LaTeX Font Info:    ... okay on input line 43.
LaTeX Font Info:    Checking defaults for T1/cmr/m/n on input line 43.
LaTeX Font Info:    ... okay on input line 43.
LaTeX Font Info:    Checking defaults for OT1/cmr/m/n on input line 43.
LaTeX Font Info:    ... okay on input line 43.
LaTeX Font Info:    Checking defaults for OMS/cmsy/m/n on input line 43.
LaTeX Font Info:    ... okay on input line 43.
LaTeX Font Info:    Checking defaults for OMX/cmex/m/n on input line 43.
LaTeX Font Info:    ... okay on input line 43.
LaTeX Font Info:    Checking defaults for U/cmr/m/n on input line 43.
LaTeX Font Info:    ... okay on input line 43.
LaTeX Font Info:    Try loading font information for T1+ccr on input line 43.
 ("C:\Program Files\MiKTeX 2.9\tex\latex\ccfonts\t1ccr.fd"
File: t1ccr.fd 1999/11/22 v1.0a (WaS)
)
("C:\Program Files\MiKTeX 2.9\tex\context\base\supp-pdf.mkii"
[Loading MPS to PDF converter (version 2006.09.02).]
\scratchcounter=\count102
\scratchdimen=\dimen115
\scratchbox=\box28
\nofMPsegments=\count103
\nofMParguments=\count104
\everyMPshowfont=\toks22
\MPscratchCnt=\count105
\MPscratchDim=\dimen116
\MPnumerator=\count106
\makeMPintoPDFobject=\count107
\everyMPtoPDFconversion=\toks23
)
Chapter 1.
LaTeX Font Info:    Font shape `T1/ccr/bx/n' in size <20.74> not available
(Font)              Font shape `T1/cmr/bx/n' tried instead on input line 45.
LaTeX Font Info:    Font shape `T1/ccr/bx/n' in size <24.88> not available
(Font)              Font shape `T1/cmr/bx/n' tried instead on input line 45.
LaTeX Font Info:    Font shape `T1/ccr/bx/n' in size <12> not available
(Font)              Font shape `T1/cmr/bx/n' tried instead on input line 45.
[1


{C:/ProgramData/MiKTeX/2.9/pdftex/config/pdftex.map}] [2

]
(C:\Users\Atul\Documents\IISER_repo\Semester_6\QCQI\ionTrap\reportMS11003arvind
SirsFormat.toc
LaTeX Font Info:    Font shape `T1/ccr/bx/n' in size <10> not available
(Font)              Font shape `T1/cmr/bx/n' tried instead on input line 2.
LaTeX Font Info:    Try loading font information for OT1+ccr on input line 4.
 ("C:\Program Files\MiKTeX 2.9\tex\latex\concmath\ot1ccr.fd"
File: ot1ccr.fd 1999/03/10 v2.0b LaTeX font defs for Concrete math fonts
)
LaTeX Font Info:    Try loading font information for OML+ccm on input line 4.

("C:\Program Files\MiKTeX 2.9\tex\latex\concmath\omlccm.fd"
File: omlccm.fd 1999/03/10 v2.0b LaTeX font defs for Concrete math fonts
)
LaTeX Font Info:    Try loading font information for OMS+ccsy on input line 4.

("C:\Program Files\MiKTeX 2.9\tex\latex\concmath\omsccsy.fd"
File: omsccsy.fd 1999/03/10 v2.0b LaTeX font defs for Concrete math fonts
)
LaTeX Font Info:    Try loading font information for OMX+ccex on input line 4.

("C:\Program Files\MiKTeX 2.9\tex\latex\concmath\omxccex.fd"
File: omxccex.fd 1999/03/10 v2.0b LaTeX font defs for Concrete math fonts
)
LaTeX Font Info:    External font `xccex10' loaded for size
(Font)              <10> on input line 4.
LaTeX Font Info:    External font `xccex10' loaded for size
(Font)              <7> on input line 4.
LaTeX Font Info:    External font `xccex10' loaded for size
(Font)              <5> on input line 4.
)
\tf@toc=\write3
 [3] [4

]
Chapter 2.
LaTeX Font Info:    Font shape `T1/ccr/bx/n' in size <14.4> not available
(Font)              Font shape `T1/cmr/bx/n' tried instead on input line 58.
<potential.png, id=20, 352.31625pt x 221.32687pt>
File: potential.png Graphic file (type png)
 <use potential.png>
Package pdftex.def Info: potential.png used on input line 78.
(pdftex.def)             Requested size: 352.31538pt x 221.32631pt.

Overfull \hbox (54.31541pt too wide) in paragraph at lines 77--94
[] 
 []


Underfull \vbox (badness 10000) has occurred while \output is active []

 [5]
[6 <C:/Users/Atul/Documents/IISER_repo/Semester_6/QCQI/ionTrap/potential.png>]
[7] [8] [9] [10

]
Chapter 3.
[11]
LaTeX Font Info:    Font shape `OT1/ccr/bx/n' in size <10> not available
(Font)              Font shape `OT1/cmr/bx/n' tried instead on input line 299.
LaTeX Font Info:    Font shape `OT1/ccr/bx/n' in size <7> not available
(Font)              Font shape `OT1/cmr/bx/n' tried instead on input line 299.
LaTeX Font Info:    Font shape `OT1/ccr/bx/n' in size <5> not available
(Font)              Font shape `OT1/cmr/bx/n' tried instead on input line 299.
 [12] [13]
Underfull \hbox (badness 10000) in paragraph at lines 371--374

 []

<energyLevels.pdf, id=63, 2168.1pt x 1548.78625pt>
File: energyLevels.pdf Graphic file (type pdf)
 <use energyLevels.pdf>
Package pdftex.def Info: energyLevels.pdf used on input line 376.
(pdftex.def)             Requested size: 284.52756pt x 203.23988pt.

[14 <C:/Users/Atul/Documents/IISER_repo/Semester_6/QCQI/ionTrap/energyLevels.pd
f>]
Underfull \hbox (badness 10000) in paragraph at lines 423--425

 []


Underfull \hbox (badness 10000) in paragraph at lines 436--438

 []

[15]
Underfull \hbox (badness 10000) in paragraph at lines 445--447

 []


Underfull \hbox (badness 10000) in paragraph at lines 473--476

 []


Underfull \hbox (badness 10000) in paragraph at lines 481--484

 []


Underfull \hbox (badness 10000) in paragraph at lines 506--509

 []

[16]
Underfull \hbox (badness 10000) in paragraph at lines 523--528

 []


Overfull \hbox (0.72273pt too wide) in paragraph at lines 532--533
\T1/ccr/m/it/10 worry about the con-tin-u-ous pre-ces-sion with $\OML/ccm/m/it/
10 ![]$ \T1/ccr/m/it/10 caused by the in-ter-nal Hamil-
 []


Underfull \hbox (badness 10000) in paragraph at lines 532--533

 []


Underfull \hbox (badness 10000) in paragraph at lines 537--538

 []

[17]
Underfull \hbox (badness 10000) in paragraph at lines 572--573

 []


Underfull \hbox (badness 10000) in paragraph at lines 591--597

 []

[18] [19] [20

]
Underfull \hbox (badness 10000) in paragraph at lines 635--636
[]\T1/ccr/m/n/10 https://www2.physics.ox.ac.uk/research/ion-trap-quantum-comput
ing-
 []

[21]
(C:\Users\Atul\Documents\IISER_repo\Semester_6\QCQI\ionTrap\reportMS11003arvind
SirsFormat.aux) ) 
Here is how much of TeX's memory you used:
 2757 strings out of 493921
 34866 string characters out of 3147285
 88978 words of memory out of 3000000
 5994 multiletter control sequences out of 15000+200000
 20413 words of font info for 48 fonts, out of 3000000 for 9000
 841 hyphenation exceptions out of 8191
 27i,9n,26p,342b,372s stack positions out of 5000i,500n,10000p,200000b,50000s
 <C:\Users\Atul\AppData\Local\MiKTeX\2.9\fonts\pk\ljfour\publi
c\ecc\dpi600\eorm7.pk> <C:\Users\Atul\AppData\Local\MiKTeX\2.9\fonts\pk\ljfour\
public\ecc\dpi600\eoti10.pk> <C:\Users\Atul\AppData\Local\MiKTeX\2.9\fonts\pk\l
jfour\public\concmath\dpi600\xccbm7.pk> <C:\Users\Atul\AppData\Local\MiKTeX\2.9
\fonts\pk\ljfour\public\concrete\dpi600\ccr5.pk> <C:\Users\Atul\AppData\Local\M
iKTeX\2.9\fonts\pk\ljfour\public\concmath\dpi600\xccmi5.pk> <C:\Users\Atul\AppD
ata\Local\MiKTeX\2.9\fonts\pk\ljfour\public\concmath\dpi600\xccsy7.pk> <C:\User
s\Atul\AppData\Local\MiKTeX\2.9\fonts\pk\ljfour\public\concrete\dpi600\ccr7.pk>
 <C:\Users\Atul\AppData\Local\MiKTeX\2.9\fonts\pk\ljfour\public\concmath\dpi600
\xccex10.pk> <C:\Users\Atul\AppData\Local\MiKTeX\2.9\fonts\pk\ljfour\public\con
crete\dpi600\ccr10.pk> <C:\Users\Atul\AppData\Local\MiKTeX\2.9\fonts\pk\ljfour\
public\concmath\dpi600\xccbm10.pk> <C:\Users\Atul\AppData\Local\MiKTeX\2.9\font
s\pk\ljfour\public\concmath\dpi600\xccsy10.pk> <C:\Users\Atul\AppData\Local\MiK
TeX\2.9\fonts\pk\ljfour\public\concmath\dpi600\xccmi7.pk> <C:\Users\Atul\AppDat
a\Local\MiKTeX\2.9\fonts\pk\ljfour\public\concmath\dpi600\xccmi10.pk> <C:\Users
\Atul\AppData\Local\MiKTeX\2.9\fonts\pk\ljfour\jknappen\ec\dpi600\ecbx1440.pk> 
<C:\Users\Atul\AppData\Local\MiKTeX\2.9\fonts\pk\ljfour\jknappen\ec\dpi600\ecbx
1000.pk> <C:\Users\Atul\AppData\Local\MiKTeX\2.9\fonts\pk\ljfour\public\ecc\dpi
600\eosl10.pk> <C:\Users\Atul\AppData\Local\MiKTeX\2.9\fonts\pk\ljfour\public\e
cc\dpi600\eorm10.pk> <C:\Users\Atul\AppData\Local\MiKTeX\2.9\fonts\pk\ljfour\jk
nappen\ec\dpi600\ecbx1200.pk> <C:\Users\Atul\AppData\Local\MiKTeX\2.9\fonts\pk\
ljfour\jknappen\ec\dpi600\ecbx2488.pk> <C:\Users\Atul\AppData\Local\MiKTeX\2.9\
fonts\pk\ljfour\jknappen\ec\dpi600\ecbx2074.pk><C:/Program Files/MiKTeX 2.9/fon
ts/type1/public/amsfonts/cm/cmbx10.pfb>
Output written on reportMS11003arvindSirsFormat.pdf (21 pages, 265231 bytes).
PDF statistics:
 580 PDF objects out of 1000 (max. 8388607)
 0 named destinations out of 1000 (max. 500000)
 11 words of extra memory for PDF output out of 10000 (max. 10000000)

