\BOOKMARK [1][-]{acknowledgments.1}{Acknowledgments}{}% 1
\BOOKMARK [1][-]{tableofcontents.1}{Contents}{}% 2
\BOOKMARK [1][-]{lof.1}{List of Figures}{}% 3
\BOOKMARK [1][-]{lot.1}{List of Tables}{}% 4
\BOOKMARK [1][-]{lol.1}{Listings}{}% 5
\BOOKMARK [1][-]{acronyms.1}{Acronyms}{}% 6
\BOOKMARK [0][]{chapter.1}{1 Michelson Interferometer}{}% 7
\BOOKMARK [1][-]{section.1.1}{1.1 Aim}{chapter.1}% 8
\BOOKMARK [1][-]{section.1.2}{1.2 Theory}{chapter.1}% 9
\BOOKMARK [2][-]{subsection.1.2.1}{1.2.1 Determining Wavelength}{section.1.2}% 10
\BOOKMARK [2][-]{subsection.1.2.2}{1.2.2 Resolving the D-Lines}{section.1.2}% 11
\BOOKMARK [2][-]{subsection.1.2.3}{1.2.3 Subtle Points}{section.1.2}% 12
\BOOKMARK [2][-]{subsection.1.2.4}{1.2.4 `Practical' Theory}{section.1.2}% 13
\BOOKMARK [1][-]{section.1.3}{1.3 Procedure}{chapter.1}% 14
\BOOKMARK [2][-]{subsection.1.3.1}{1.3.1 Obtaining the ring}{section.1.3}% 15
\BOOKMARK [2][-]{subsection.1.3.2}{1.3.2 Finding average}{section.1.3}% 16
\BOOKMARK [2][-]{subsection.1.3.3}{1.3.3 Finding separation}{section.1.3}% 17
\BOOKMARK [1][-]{section.1.4}{1.4 Observations and Conclusion}{chapter.1}% 18
\BOOKMARK [1][-]{section.1.5}{1.5 Sources of error}{chapter.1}% 19
\BOOKMARK [0][]{colophon.0}{Colophon}{}% 20
