\BOOKMARK [1][-]{acknowledgments.1}{Acknowledgments}{}% 1
\BOOKMARK [1][-]{tableofcontents.1}{Contents}{}% 2
\BOOKMARK [1][-]{lof.1}{List of Figures}{}% 3
\BOOKMARK [1][-]{lot.1}{List of Tables}{}% 4
\BOOKMARK [1][-]{lol.1}{Listings}{}% 5
\BOOKMARK [1][-]{acronyms.1}{Acronyms}{}% 6
\BOOKMARK [0][]{chapter.1}{1 Charge to Mass ratioe/m}{}% 7
\BOOKMARK [1][-]{section.1.1}{1.1 Aim}{chapter.1}% 8
\BOOKMARK [1][-]{section.1.2}{1.2 Apparatus}{chapter.1}% 9
\BOOKMARK [1][-]{section.1.3}{1.3 Cathode Anode}{chapter.1}% 10
\BOOKMARK [1][-]{section.1.4}{1.4 Theory}{chapter.1}% 11
\BOOKMARK [1][-]{section.1.5}{1.5 Observations and Calculations}{chapter.1}% 12
\BOOKMARK [1][-]{section.1.6}{1.6 Procedure}{chapter.1}% 13
\BOOKMARK [1][-]{section.1.7}{1.7 Result}{chapter.1}% 14
\BOOKMARK [1][-]{section.1.8}{1.8 Precautions}{chapter.1}% 15
\BOOKMARK [0][]{chapter.2}{2 Frank Hertz}{}% 16
\BOOKMARK [1][-]{section.2.1}{2.1 Aim}{chapter.2}% 17
\BOOKMARK [1][-]{section.2.2}{2.2 Apparatus}{chapter.2}% 18
\BOOKMARK [1][-]{section.2.3}{2.3 Theory}{chapter.2}% 19
\BOOKMARK [2][-]{subsection.2.3.1}{2.3.1 Rationale Behind the Experiment}{section.2.3}% 20
\BOOKMARK [2][-]{subsection.2.3.2}{2.3.2 Experimental Setup}{section.2.3}% 21
\BOOKMARK [1][-]{section.2.4}{2.4 Observations and Calculations}{chapter.2}% 22
\BOOKMARK [1][-]{section.2.5}{2.5 Error Analysis}{chapter.2}% 23
\BOOKMARK [1][-]{section.2.6}{2.6 Procedure}{chapter.2}% 24
\BOOKMARK [1][-]{section.2.7}{2.7 Result}{chapter.2}% 25
\BOOKMARK [0][]{chapter.3}{3 Hydrogen Balmer Series and Rydberg Constant}{}% 26
\BOOKMARK [1][-]{section.3.1}{3.1 Aim}{chapter.3}% 27
\BOOKMARK [1][-]{section.3.2}{3.2 Apparatus}{chapter.3}% 28
\BOOKMARK [1][-]{section.3.3}{3.3 Theory}{chapter.3}% 29
\BOOKMARK [2][-]{subsection.3.3.1}{3.3.1 Motivation}{section.3.3}% 30
\BOOKMARK [2][-]{subsection.3.3.2}{3.3.2 Experimental Setup}{section.3.3}% 31
\BOOKMARK [2][-]{subsection.3.3.3}{3.3.3 Useful Results}{section.3.3}% 32
\BOOKMARK [1][-]{section.3.4}{3.4 Observations and Calculations}{chapter.3}% 33
\BOOKMARK [1][-]{section.3.5}{3.5 Procedure}{chapter.3}% 34
\BOOKMARK [1][-]{section.3.6}{3.6 Result}{chapter.3}% 35
\BOOKMARK [0][]{chapter.4}{4 Quincke's Method}{}% 36
\BOOKMARK [1][-]{section.4.1}{4.1 Aim}{chapter.4}% 37
\BOOKMARK [1][-]{section.4.2}{4.2 Apparatus}{chapter.4}% 38
\BOOKMARK [1][-]{section.4.3}{4.3 Theory}{chapter.4}% 39
\BOOKMARK [2][-]{subsection.4.3.1}{4.3.1 The Rationale}{section.4.3}% 40
\BOOKMARK [2][-]{subsection.4.3.2}{4.3.2 Derivations}{section.4.3}% 41
\BOOKMARK [1][-]{section.4.4}{4.4 Observations and Calculations}{chapter.4}% 42
\BOOKMARK [1][-]{section.4.5}{4.5 Error Analysis}{chapter.4}% 43
\BOOKMARK [1][-]{section.4.6}{4.6 Procedure}{chapter.4}% 44
\BOOKMARK [1][-]{section.4.7}{4.7 Result}{chapter.4}% 45
\BOOKMARK [0][]{chapter.5}{5 Planck's Constant from an LED}{}% 46
\BOOKMARK [1][-]{section.5.1}{5.1 Aim}{chapter.5}% 47
\BOOKMARK [1][-]{section.5.2}{5.2 Apparatus}{chapter.5}% 48
\BOOKMARK [1][-]{section.5.3}{5.3 Theory}{chapter.5}% 49
\BOOKMARK [2][-]{subsection.5.3.1}{5.3.1 Motivation}{section.5.3}% 50
\BOOKMARK [2][-]{subsection.5.3.2}{5.3.2 An Experimental Determination of `h'}{section.5.3}% 51
\BOOKMARK [2][-]{subsection.5.3.3}{5.3.3 Minimal Theory: LEDs}{section.5.3}% 52
\BOOKMARK [1][-]{section.5.4}{5.4 Observations and Calculations}{chapter.5}% 53
\BOOKMARK [1][-]{section.5.5}{5.5 Error Analysis}{chapter.5}% 54
\BOOKMARK [1][-]{section.5.6}{5.6 Procedure}{chapter.5}% 55
\BOOKMARK [1][-]{section.5.7}{5.7 Result}{chapter.5}% 56
\BOOKMARK [0][]{colophon.0}{Colophon}{}% 57
