

*******************************************************************************
Tue Aug 21 10:40:05 2012


FIT:    data read from "data.txt" using ($1):($3-$2)
        format = x:z
        #datapoints = 11
        residuals are weighted equally (unit weight)

function used for fitting: y(x)
fitted parameters initialized with current variable values



 Iteration 0
 WSSR        : 3037.05           delta(WSSR)/WSSR   : 0
 delta(WSSR) : 0                 limit for stopping : 1e-005
 lambda	  : 11.5247

initial set of free parameter values

m               = 1
c               = 1

After 5 iterations the fit converged.
final sum of squares of residuals : 0.866433
rel. change during last iteration : -1.98869e-013

degrees of freedom    (FIT_NDF)                        : 9
rms of residuals      (FIT_STDFIT) = sqrt(WSSR/ndf)    : 0.310275
variance of residuals (reduced chisquare) = WSSR/ndf   : 0.0962703

Final set of parameters            Asymptotic Standard Error
=======================            ==========================

m               = 0.0161876        +/- 0.01749      (108.1%)
c               = 0.356118         +/- 0.2846       (79.92%)


correlation matrix of the fit parameters:

               m      c      
m               1.000 
c              -0.944  1.000 


*******************************************************************************
Tue Aug 21 10:42:29 2012


FIT:    data read from "data.txt" using ($1):($3-$2)
        format = x:z
        #datapoints = 10
        residuals are weighted equally (unit weight)

function used for fitting: y(x)
fitted parameters initialized with current variable values



 Iteration 0
 WSSR        : 0.089731          delta(WSSR)/WSSR   : 0
 delta(WSSR) : 0                 limit for stopping : 1e-005
 lambda	  : 11.4717

initial set of free parameter values

m               = 0.0161876
c               = 0.356118

After 4 iterations the fit converged.
final sum of squares of residuals : 0.00398472
rel. change during last iteration : -1.06337e-006

degrees of freedom    (FIT_NDF)                        : 8
rms of residuals      (FIT_STDFIT) = sqrt(WSSR/ndf)    : 0.0223179
variance of residuals (reduced chisquare) = WSSR/ndf   : 0.00049809

Final set of parameters            Asymptotic Standard Error
=======================            ==========================

m               = 0.0212786        +/- 0.001264     (5.942%)
c               = 0.366866         +/- 0.02047      (5.58%)


correlation matrix of the fit parameters:

               m      c      
m               1.000 
c              -0.939  1.000 


*******************************************************************************
Tue Aug 21 10:42:55 2012


FIT:    data read from "data.txt" using ($1):($3-$2)
        format = x:z
        #datapoints = 10
        residuals are weighted equally (unit weight)

function used for fitting: y(x)
fitted parameters initialized with current variable values



 Iteration 0
 WSSR        : 0.00398472        delta(WSSR)/WSSR   : 0
 delta(WSSR) : 0                 limit for stopping : 1e-005
 lambda	  : 11.4717

initial set of free parameter values

m               = 0.0212786
c               = 0.366866

After 1 iterations the fit converged.
final sum of squares of residuals : 0.00398472
rel. change during last iteration : -2.17672e-016

degrees of freedom    (FIT_NDF)                        : 8
rms of residuals      (FIT_STDFIT) = sqrt(WSSR/ndf)    : 0.0223179
variance of residuals (reduced chisquare) = WSSR/ndf   : 0.00049809

Final set of parameters            Asymptotic Standard Error
=======================            ==========================

m               = 0.0212786        +/- 0.001264     (5.942%)
c               = 0.366866         +/- 0.02047      (5.58%)


correlation matrix of the fit parameters:

               m      c      
m               1.000 
c              -0.939  1.000 


*******************************************************************************
Tue Aug 21 10:44:05 2012


FIT:    data read from "data.txt" using ($1):($3-$2)
        format = x:z
        #datapoints = 10
        residuals are weighted equally (unit weight)

function used for fitting: y(x)
fitted parameters initialized with current variable values



 Iteration 0
 WSSR        : 2703.99           delta(WSSR)/WSSR   : 0
 delta(WSSR) : 0                 limit for stopping : 1e-005
 lambda	  : 11.4717

initial set of free parameter values

m               = 1
c               = 1

After 5 iterations the fit converged.
final sum of squares of residuals : 0.00398472
rel. change during last iteration : -3.99077e-011

degrees of freedom    (FIT_NDF)                        : 8
rms of residuals      (FIT_STDFIT) = sqrt(WSSR/ndf)    : 0.0223179
variance of residuals (reduced chisquare) = WSSR/ndf   : 0.00049809

Final set of parameters            Asymptotic Standard Error
=======================            ==========================

m               = 0.0212786        +/- 0.001264     (5.942%)
c               = 0.366866         +/- 0.02047      (5.58%)


correlation matrix of the fit parameters:

               m      c      
m               1.000 
c              -0.939  1.000 


*******************************************************************************
Tue Aug 21 10:45:10 2012


FIT:    data read from "data.txt" using ($1):($3-$2)
        format = x:z
        #datapoints = 10
        residuals are weighted equally (unit weight)

function used for fitting: y(x)
fitted parameters initialized with current variable values



 Iteration 0
 WSSR        : 0.00398472        delta(WSSR)/WSSR   : 0
 delta(WSSR) : 0                 limit for stopping : 1e-005
 lambda	  : 11.4717

initial set of free parameter values

m               = 0.0212786
c               = 0.366866

After 1 iterations the fit converged.
final sum of squares of residuals : 0.00398472
rel. change during last iteration : -2.17672e-016

degrees of freedom    (FIT_NDF)                        : 8
rms of residuals      (FIT_STDFIT) = sqrt(WSSR/ndf)    : 0.0223179
variance of residuals (reduced chisquare) = WSSR/ndf   : 0.00049809

Final set of parameters            Asymptotic Standard Error
=======================            ==========================

m               = 0.0212786        +/- 0.001264     (5.942%)
c               = 0.366866         +/- 0.02047      (5.58%)


correlation matrix of the fit parameters:

               m      c      
m               1.000 
c              -0.939  1.000 


*******************************************************************************
Tue Aug 21 10:45:41 2012


FIT:    data read from "data.txt" using ($1):($3-$2)
        format = x:z
        #datapoints = 10
        residuals are weighted equally (unit weight)

function used for fitting: y(x)
fitted parameters initialized with current variable values



 Iteration 0
 WSSR        : 2703.99           delta(WSSR)/WSSR   : 0
 delta(WSSR) : 0                 limit for stopping : 1e-005
 lambda	  : 11.4717

initial set of free parameter values

m               = 1
c               = 1

After 5 iterations the fit converged.
final sum of squares of residuals : 0.00398472
rel. change during last iteration : -3.99077e-011

degrees of freedom    (FIT_NDF)                        : 8
rms of residuals      (FIT_STDFIT) = sqrt(WSSR/ndf)    : 0.0223179
variance of residuals (reduced chisquare) = WSSR/ndf   : 0.00049809

Final set of parameters            Asymptotic Standard Error
=======================            ==========================

m               = 0.0212786        +/- 0.001264     (5.942%)
c               = 0.366866         +/- 0.02047      (5.58%)


correlation matrix of the fit parameters:

               m      c      
m               1.000 
c              -0.939  1.000 


*******************************************************************************
Tue Aug 21 10:47:28 2012


FIT:    data read from "data.txt" using ($1):($3-$2)
        format = x:z
        #datapoints = 10
        residuals are weighted equally (unit weight)

function used for fitting: y(x)
fitted parameters initialized with current variable values



 Iteration 0
 WSSR        : 2703.99           delta(WSSR)/WSSR   : 0
 delta(WSSR) : 0                 limit for stopping : 1e-005
 lambda	  : 11.4717

initial set of free parameter values

m               = 1
c               = 1

After 5 iterations the fit converged.
final sum of squares of residuals : 0.00398472
rel. change during last iteration : -3.99077e-011

degrees of freedom    (FIT_NDF)                        : 8
rms of residuals      (FIT_STDFIT) = sqrt(WSSR/ndf)    : 0.0223179
variance of residuals (reduced chisquare) = WSSR/ndf   : 0.00049809

Final set of parameters            Asymptotic Standard Error
=======================            ==========================

m               = 0.0212786        +/- 0.001264     (5.942%)
c               = 0.366866         +/- 0.02047      (5.58%)


correlation matrix of the fit parameters:

               m      c      
m               1.000 
c              -0.939  1.000 


*******************************************************************************
Tue Aug 21 10:48:16 2012


FIT:    data read from "data.txt" using ($1):($3-$2)
        format = x:z
        #datapoints = 10
        residuals are weighted equally (unit weight)

function used for fitting: y(x)
fitted parameters initialized with current variable values



 Iteration 0
 WSSR        : 2703.99           delta(WSSR)/WSSR   : 0
 delta(WSSR) : 0                 limit for stopping : 1e-005
 lambda	  : 11.4717

initial set of free parameter values

m               = 1
c               = 1

After 5 iterations the fit converged.
final sum of squares of residuals : 0.00398472
rel. change during last iteration : -3.99077e-011

degrees of freedom    (FIT_NDF)                        : 8
rms of residuals      (FIT_STDFIT) = sqrt(WSSR/ndf)    : 0.0223179
variance of residuals (reduced chisquare) = WSSR/ndf   : 0.00049809

Final set of parameters            Asymptotic Standard Error
=======================            ==========================

m               = 0.0212786        +/- 0.001264     (5.942%)
c               = 0.366866         +/- 0.02047      (5.58%)


correlation matrix of the fit parameters:

               m      c      
m               1.000 
c              -0.939  1.000 


*******************************************************************************
Tue Aug 21 10:49:13 2012


FIT:    data read from "data.txt" using ($1):($3-$2)
        format = x:z
        #datapoints = 10
        residuals are weighted equally (unit weight)

function used for fitting: y(x)
fitted parameters initialized with current variable values



 Iteration 0
 WSSR        : 2703.99           delta(WSSR)/WSSR   : 0
 delta(WSSR) : 0                 limit for stopping : 1e-005
 lambda	  : 11.4717

initial set of free parameter values

m               = 1
c               = 1

After 5 iterations the fit converged.
final sum of squares of residuals : 0.00398472
rel. change during last iteration : -3.99077e-011

degrees of freedom    (FIT_NDF)                        : 8
rms of residuals      (FIT_STDFIT) = sqrt(WSSR/ndf)    : 0.0223179
variance of residuals (reduced chisquare) = WSSR/ndf   : 0.00049809

Final set of parameters            Asymptotic Standard Error
=======================            ==========================

m               = 0.0212786        +/- 0.001264     (5.942%)
c               = 0.366866         +/- 0.02047      (5.58%)


correlation matrix of the fit parameters:

               m      c      
m               1.000 
c              -0.939  1.000 


*******************************************************************************
Tue Aug 21 10:55:32 2012


FIT:    data read from "data.txt" using ($1*$1):($3-$2)
        format = x:z
        #datapoints = 10
        residuals are weighted equally (unit weight)

function used for fitting: y(x)
fitted parameters initialized with current variable values



 Iteration 0
 WSSR        : 1.01374e+006      delta(WSSR)/WSSR   : 0
 delta(WSSR) : 0                 limit for stopping : 1e-005
 lambda	  : 225.003

initial set of free parameter values

m               = 1
c               = 1

After 6 iterations the fit converged.
final sum of squares of residuals : 0.0171111
rel. change during last iteration : -9.24813e-011

degrees of freedom    (FIT_NDF)                        : 8
rms of residuals      (FIT_STDFIT) = sqrt(WSSR/ndf)    : 0.0462481
variance of residuals (reduced chisquare) = WSSR/ndf   : 0.00213889

Final set of parameters            Asymptotic Standard Error
=======================            ==========================

m               = 0.000627443      +/- 8.112e-005   (12.93%)
c               = 0.525785         +/- 0.02581      (4.909%)


correlation matrix of the fit parameters:

               m      c      
m               1.000 
c              -0.824  1.000 


*******************************************************************************
Tue Aug 21 10:56:56 2012


FIT:    data read from "data.txt" using ($1):(($3-$2)*($3-$2))
        format = x:z
        #datapoints = 10
        residuals are weighted equally (unit weight)

function used for fitting: y(x)
fitted parameters initialized with current variable values



 Iteration 0
 WSSR        : 2761.45           delta(WSSR)/WSSR   : 0
 delta(WSSR) : 0                 limit for stopping : 1e-005
 lambda	  : 11.4717

initial set of free parameter values

m               = 1
c               = 1

After 5 iterations the fit converged.
final sum of squares of residuals : 0.00223492
rel. change during last iteration : -1.71577e-010

degrees of freedom    (FIT_NDF)                        : 8
rms of residuals      (FIT_STDFIT) = sqrt(WSSR/ndf)    : 0.0167142
variance of residuals (reduced chisquare) = WSSR/ndf   : 0.000279365

Final set of parameters            Asymptotic Standard Error
=======================            ==========================

m               = 0.0291018        +/- 0.0009469    (3.254%)
c               = 0.0486736        +/- 0.01533      (31.5%)


correlation matrix of the fit parameters:

               m      c      
m               1.000 
c              -0.939  1.000 
