

*******************************************************************************
Mon Sep 30 15:57:06 2013


FIT:    data read from 't1' using 1:2
        format = x:z
        #datapoints = 29
        residuals are weighted equally (unit weight)

function used for fitting: f(x)
fitted parameters initialized with current variable values



*******************************************************************************
Mon Sep 30 15:57:12 2013


FIT:    data read from 't1' using 1:2
        format = x:z
        #datapoints = 29
        residuals are weighted equally (unit weight)

function used for fitting: f(x)
fitted parameters initialized with current variable values



 Iteration 0
 WSSR        : 9.84079           delta(WSSR)/WSSR   : 0
 delta(WSSR) : 0                 limit for stopping : 1e-05
 lambda	  : 0

initial set of free parameter values

T               = 1
B               = 1
BREAK:          Singular matrix in Givens()



*******************************************************************************
Mon Sep 30 15:58:03 2013


FIT:    data read from 't1' using 1:2
        format = x:z
        #datapoints = 29
        residuals are weighted equally (unit weight)

function used for fitting: f(x)
fitted parameters initialized with current variable values



 Iteration 0
 WSSR        : 9.84079           delta(WSSR)/WSSR   : 0
 delta(WSSR) : 0                 limit for stopping : 1e-05
 lambda	  : 0

initial set of free parameter values

B               = 1.001
T               = 1
BREAK:          Singular matrix in Givens()



*******************************************************************************
Mon Sep 30 15:58:16 2013


FIT:    data read from 't1'
        format = z
BREAK:          bad data on line 1 of datafile



*******************************************************************************
Mon Sep 30 15:58:25 2013


FIT:    data read from 't1' using 2:1
        format = x:z
        #datapoints = 29
        residuals are weighted equally (unit weight)

function used for fitting: f(x)
fitted parameters initialized with current variable values



 Iteration 0
 WSSR        : 377.05            delta(WSSR)/WSSR   : 0
 delta(WSSR) : 0                 limit for stopping : 1e-05
 lambda	  : 0

initial set of free parameter values

B               = 1.001
T               = 1.001
BREAK:          Singular matrix in Givens()



*******************************************************************************
Mon Sep 30 15:58:43 2013


FIT:    data read from 't1' using 1:2
        format = x:z
        #datapoints = 29
        residuals are weighted equally (unit weight)

function used for fitting: f(x)
fitted parameters initialized with current variable values



 Iteration 0
 WSSR        : 9.84079           delta(WSSR)/WSSR   : 0
 delta(WSSR) : 0                 limit for stopping : 1e-05
 lambda	  : 0

initial set of free parameter values

B               = 1.001
T               = 1.002
BREAK:          Singular matrix in Givens()



*******************************************************************************
Mon Sep 30 16:02:17 2013


FIT:    data read from 't1' using 1:2
        format = x:z
	y range restricted to [-81.0305 : 81.0305]
        #datapoints = 29
        residuals are weighted equally (unit weight)

function used for fitting: g(x)
fitted parameters initialized with current variable values



 Iteration 0
 WSSR        : 3.61091           delta(WSSR)/WSSR   : 0
 delta(WSSR) : 0                 limit for stopping : 1e-05
 lambda	  : 0.333666

initial set of free parameter values

B               = 1
T               = 100

After 41 iterations the fit converged.
final sum of squares of residuals : 0.00960193
rel. change during last iteration : -1.9873e-15

degrees of freedom    (FIT_NDF)                        : 27
rms of residuals      (FIT_STDFIT) = sqrt(WSSR/ndf)    : 0.0188581
variance of residuals (reduced chisquare) = WSSR/ndf   : 0.000355627

Final set of parameters            Asymptotic Standard Error
=======================            ==========================

B               = 2.0808           +/- 0.01357      (0.6523%)
T               = 7.92537          +/- 0.05901      (0.7446%)


correlation matrix of the fit parameters:

               B      T      
B               1.000 
T              -0.387  1.000 


*******************************************************************************
Mon Sep 30 16:31:57 2013


FIT:    data read from 't1' using 1:2
        format = x:z
	y range restricted to [-0.978646 : 9.08009]
        #datapoints = 29
        residuals are weighted equally (unit weight)

function used for fitting: g(x)
fitted parameters initialized with current variable values



 Iteration 0
 WSSR        : 0.00960193        delta(WSSR)/WSSR   : 0
 delta(WSSR) : 0                 limit for stopping : 1e-05
 lambda	  : 0.203026

initial set of free parameter values

B               = 2.0808
T               = 7.92537

After 1 iterations the fit converged.
final sum of squares of residuals : 0.00960193
rel. change during last iteration : 0

degrees of freedom    (FIT_NDF)                        : 27
rms of residuals      (FIT_STDFIT) = sqrt(WSSR/ndf)    : 0.0188581
variance of residuals (reduced chisquare) = WSSR/ndf   : 0.000355627

Final set of parameters            Asymptotic Standard Error
=======================            ==========================

B               = 2.0808           +/- 0.01357      (0.6523%)
T               = 7.92537          +/- 0.05901      (0.7446%)


correlation matrix of the fit parameters:

               B      T      
B               1.000 
T              -0.387  1.000 


*******************************************************************************
Mon Sep 30 16:33:15 2013


FIT:    data read from 't1' using 1:3
        format = x:z
	y range restricted to [-0.978646 : 9.08009]
        #datapoints = 29
        residuals are weighted equally (unit weight)

function used for fitting: g(x)
fitted parameters initialized with current variable values



 Iteration 0
 WSSR        : 0.0416673         delta(WSSR)/WSSR   : 0
 delta(WSSR) : 0                 limit for stopping : 1e-05
 lambda	  : 0.203026

initial set of free parameter values

B               = 2.0808
T               = 7.92537

After 4 iterations the fit converged.
final sum of squares of residuals : 0.0130635
rel. change during last iteration : 0

degrees of freedom    (FIT_NDF)                        : 27
rms of residuals      (FIT_STDFIT) = sqrt(WSSR/ndf)    : 0.0219962
variance of residuals (reduced chisquare) = WSSR/ndf   : 0.000483834

Final set of parameters            Asymptotic Standard Error
=======================            ==========================

B               = 2.11686          +/- 0.01589      (0.7507%)
T               = 7.43108          +/- 0.06069      (0.8167%)


correlation matrix of the fit parameters:

               B      T      
B               1.000 
T              -0.346  1.000 


*******************************************************************************
Mon Sep 30 16:39:58 2013


FIT:    data read from 't2' using 1:2
        format = x:z
	y range restricted to [-0.978646 : 9.08009]
        #datapoints = 2
        residuals are weighted equally (unit weight)

function used for fitting: f(x)
fitted parameters initialized with current variable values



 Iteration 0
 WSSR        : 0.00651113        delta(WSSR)/WSSR   : 0
 delta(WSSR) : 0                 limit for stopping : 1e-05
 lambda	  : 0.327073

initial set of free parameter values

A               = 1
B               = 2.11686

After 3 iterations the fit converged.
final sum of squares of residuals : 0.000747406
rel. change during last iteration : -1.91831e-06


Exactly as many data points as there are parameters.
In this degenerate case, all errors are zero by definition.

Final set of parameters 
======================= 

A               = 1              
B               = 2.0008         


*******************************************************************************
Mon Sep 30 16:40:02 2013


FIT:    data read from 't2' using 1:2
        format = x:z
	y range restricted to [-0.978646 : 9.08009]
        #datapoints = 2
        residuals are weighted equally (unit weight)

function used for fitting: f(x)
fitted parameters initialized with current variable values



 Iteration 0
 WSSR        : 0.000747406       delta(WSSR)/WSSR   : 0
 delta(WSSR) : 0                 limit for stopping : 1e-05
 lambda	  : 0.327174

initial set of free parameter values

T               = 7.43108
B               = 2.0008

After 9 iterations the fit converged.
final sum of squares of residuals : 2.46519e-32
abs. change during last iteration : -3.73476e-30


Exactly as many data points as there are parameters.
In this degenerate case, all errors are zero by definition.

Final set of parameters 
======================= 

T               = 5.34132        
B               = 2.0599         


*******************************************************************************
Mon Sep 30 16:41:58 2013


FIT:    data read from 't2' using 1:2
        format = x:z
        #datapoints = 30
        residuals are weighted equally (unit weight)

function used for fitting: f(x)
fitted parameters initialized with current variable values



 Iteration 0
 WSSR        : 2.84986           delta(WSSR)/WSSR   : 0
 delta(WSSR) : 0                 limit for stopping : 1e-05
 lambda	  : 0.0830933

initial set of free parameter values

B               = 2.0599
T               = 5.34132

After 8 iterations the fit converged.
final sum of squares of residuals : 0.12797
rel. change during last iteration : -9.87635e-07

degrees of freedom    (FIT_NDF)                        : 28
rms of residuals      (FIT_STDFIT) = sqrt(WSSR/ndf)    : 0.0676045
variance of residuals (reduced chisquare) = WSSR/ndf   : 0.00457036

Final set of parameters            Asymptotic Standard Error
=======================            ==========================

B               = 1.81811          +/- 0.07171      (3.944%)
T               = 84.762           +/- 5.613        (6.622%)


correlation matrix of the fit parameters:

               B      T      
B               1.000 
T              -0.615  1.000 


*******************************************************************************
Mon Sep 30 16:42:20 2013


FIT:    data read from 't2' using 1:2
        format = x:z
        #datapoints = 30
        residuals are weighted equally (unit weight)

function used for fitting: f(x)
fitted parameters initialized with current variable values



 Iteration 0
 WSSR        : 0.12797           delta(WSSR)/WSSR   : 0
 delta(WSSR) : 0                 limit for stopping : 1e-05
 lambda	  : 0.154432

initial set of free parameter values

T               = 84.762
B               = 1.81811

After 1 iterations the fit converged.
final sum of squares of residuals : 0.12797
rel. change during last iteration : 0

degrees of freedom    (FIT_NDF)                        : 28
rms of residuals      (FIT_STDFIT) = sqrt(WSSR/ndf)    : 0.0676045
variance of residuals (reduced chisquare) = WSSR/ndf   : 0.00457036

Final set of parameters            Asymptotic Standard Error
=======================            ==========================

T               = 84.762           +/- 5.613        (6.622%)
B               = 1.81811          +/- 0.07171      (3.944%)


correlation matrix of the fit parameters:

               T      B      
T               1.000 
B              -0.615  1.000 


*******************************************************************************
Mon Sep 30 16:42:23 2013


FIT:    data read from 't2' using 1:2
        format = x:z
        #datapoints = 30
        residuals are weighted equally (unit weight)

function used for fitting: f(x)
fitted parameters initialized with current variable values



 Iteration 0
 WSSR        : 0.12797           delta(WSSR)/WSSR   : 0
 delta(WSSR) : 0                 limit for stopping : 1e-05
 lambda	  : 0.154432

initial set of free parameter values

B               = 1.81811
T               = 84.762

After 1 iterations the fit converged.
final sum of squares of residuals : 0.12797
rel. change during last iteration : 0

degrees of freedom    (FIT_NDF)                        : 28
rms of residuals      (FIT_STDFIT) = sqrt(WSSR/ndf)    : 0.0676045
variance of residuals (reduced chisquare) = WSSR/ndf   : 0.00457036

Final set of parameters            Asymptotic Standard Error
=======================            ==========================

B               = 1.81811          +/- 0.07171      (3.944%)
T               = 84.762           +/- 5.613        (6.622%)


correlation matrix of the fit parameters:

               B      T      
B               1.000 
T              -0.615  1.000 


*******************************************************************************
Mon Sep 30 16:42:42 2013


FIT:    data read from 't2' using 1:2
        format = x:z
        #datapoints = 30
        residuals are weighted equally (unit weight)

function used for fitting: f(x)
fitted parameters initialized with current variable values



 Iteration 0
 WSSR        : 0.12797           delta(WSSR)/WSSR   : 0
 delta(WSSR) : 0                 limit for stopping : 1e-05
 lambda	  : 0.154432

initial set of free parameter values

B               = 1.81811
T               = 84.762

After 1 iterations the fit converged.
final sum of squares of residuals : 0.12797
rel. change during last iteration : 0

degrees of freedom    (FIT_NDF)                        : 28
rms of residuals      (FIT_STDFIT) = sqrt(WSSR/ndf)    : 0.0676045
variance of residuals (reduced chisquare) = WSSR/ndf   : 0.00457036

Final set of parameters            Asymptotic Standard Error
=======================            ==========================

B               = 1.81811          +/- 0.07171      (3.944%)
T               = 84.762           +/- 5.613        (6.622%)


correlation matrix of the fit parameters:

               B      T      
B               1.000 
T              -0.615  1.000 


*******************************************************************************
Mon Sep 30 16:42:48 2013


FIT:    data read from 't2' using 1:2
        format = x:z
        #datapoints = 30
        residuals are weighted equally (unit weight)

function used for fitting: f(x)
fitted parameters initialized with current variable values



 Iteration 0
 WSSR        : 0.12797           delta(WSSR)/WSSR   : 0
 delta(WSSR) : 0                 limit for stopping : 1e-05
 lambda	  : 0.154432

initial set of free parameter values

T               = 84.762
B               = 1.81811

After 1 iterations the fit converged.
final sum of squares of residuals : 0.12797
rel. change during last iteration : 0

degrees of freedom    (FIT_NDF)                        : 28
rms of residuals      (FIT_STDFIT) = sqrt(WSSR/ndf)    : 0.0676045
variance of residuals (reduced chisquare) = WSSR/ndf   : 0.00457036

Final set of parameters            Asymptotic Standard Error
=======================            ==========================

T               = 84.762           +/- 5.613        (6.622%)
B               = 1.81811          +/- 0.07171      (3.944%)


correlation matrix of the fit parameters:

               T      B      
T               1.000 
B              -0.615  1.000 


*******************************************************************************
Mon Sep 30 16:42:52 2013


FIT:    data read from 't2' using 1:2
        format = x:z
        #datapoints = 30
        residuals are weighted equally (unit weight)

function used for fitting: f(x)
fitted parameters initialized with current variable values



 Iteration 0
 WSSR        : 0.12797           delta(WSSR)/WSSR   : 0
 delta(WSSR) : 0                 limit for stopping : 1e-05
 lambda	  : 0.154432

initial set of free parameter values

B               = 1.81811
T               = 84.762

After 1 iterations the fit converged.
final sum of squares of residuals : 0.12797
rel. change during last iteration : 0

degrees of freedom    (FIT_NDF)                        : 28
rms of residuals      (FIT_STDFIT) = sqrt(WSSR/ndf)    : 0.0676045
variance of residuals (reduced chisquare) = WSSR/ndf   : 0.00457036

Final set of parameters            Asymptotic Standard Error
=======================            ==========================

B               = 1.81811          +/- 0.07171      (3.944%)
T               = 84.762           +/- 5.613        (6.622%)


correlation matrix of the fit parameters:

               B      T      
B               1.000 
T              -0.615  1.000 


*******************************************************************************
Mon Sep 30 16:42:55 2013


FIT:    data read from 't2' using 1:2
        format = x:z
        #datapoints = 30
        residuals are weighted equally (unit weight)

function used for fitting: f(x)
fitted parameters initialized with current variable values



 Iteration 0
 WSSR        : 0.12797           delta(WSSR)/WSSR   : 0
 delta(WSSR) : 0                 limit for stopping : 1e-05
 lambda	  : 0.154432

initial set of free parameter values

T               = 84.762
B               = 1.81811

After 1 iterations the fit converged.
final sum of squares of residuals : 0.12797
rel. change during last iteration : 0

degrees of freedom    (FIT_NDF)                        : 28
rms of residuals      (FIT_STDFIT) = sqrt(WSSR/ndf)    : 0.0676045
variance of residuals (reduced chisquare) = WSSR/ndf   : 0.00457036

Final set of parameters            Asymptotic Standard Error
=======================            ==========================

T               = 84.762           +/- 5.613        (6.622%)
B               = 1.81811          +/- 0.07171      (3.944%)


correlation matrix of the fit parameters:

               T      B      
T               1.000 
B              -0.615  1.000 


*******************************************************************************
Mon Sep 30 16:42:58 2013


FIT:    data read from 't2' using 1:2
        format = x:z
        #datapoints = 30
        residuals are weighted equally (unit weight)

function used for fitting: f(x)
fitted parameters initialized with current variable values



 Iteration 0
 WSSR        : 0.12797           delta(WSSR)/WSSR   : 0
 delta(WSSR) : 0                 limit for stopping : 1e-05
 lambda	  : 0.154432

initial set of free parameter values

B               = 1.81811
T               = 84.762

After 1 iterations the fit converged.
final sum of squares of residuals : 0.12797
rel. change during last iteration : 0

degrees of freedom    (FIT_NDF)                        : 28
rms of residuals      (FIT_STDFIT) = sqrt(WSSR/ndf)    : 0.0676045
variance of residuals (reduced chisquare) = WSSR/ndf   : 0.00457036

Final set of parameters            Asymptotic Standard Error
=======================            ==========================

B               = 1.81811          +/- 0.07171      (3.944%)
T               = 84.762           +/- 5.613        (6.622%)


correlation matrix of the fit parameters:

               B      T      
B               1.000 
T              -0.615  1.000 


*******************************************************************************
Mon Sep 30 16:45:48 2013


FIT:    data read from 't2' using 1:3
        format = x:z
	y range restricted to [-28.5714 : 328.571]
        #datapoints = 30
        residuals are weighted equally (unit weight)

function used for fitting: f(x)
fitted parameters initialized with current variable values



 Iteration 0
 WSSR        : 0.213048          delta(WSSR)/WSSR   : 0
 delta(WSSR) : 0                 limit for stopping : 1e-05
 lambda	  : 0.154432

initial set of free parameter values

B               = 1.81811
T               = 84.762

After 6 iterations the fit converged.
final sum of squares of residuals : 0.182731
rel. change during last iteration : -3.8046e-06

degrees of freedom    (FIT_NDF)                        : 28
rms of residuals      (FIT_STDFIT) = sqrt(WSSR/ndf)    : 0.0807844
variance of residuals (reduced chisquare) = WSSR/ndf   : 0.00652612

Final set of parameters            Asymptotic Standard Error
=======================            ==========================

B               = 2.00829          +/- 0.08758      (4.361%)
T               = 78.055           +/- 5.739        (7.352%)


correlation matrix of the fit parameters:

               B      T      
B               1.000 
T              -0.607  1.000 


*******************************************************************************
Sat Nov 23 19:24:42 2013


FIT:    data read from './diffusion' using 1:($2**2)
        format = x:z
        #datapoints = 8
        residuals are weighted equally (unit weight)

function used for fitting: f(x)
fitted parameters initialized with current variable values



 Iteration 0
 WSSR        : 444.222           delta(WSSR)/WSSR   : 0
 delta(WSSR) : 0                 limit for stopping : 1e-05
 lambda	  : 0

initial set of free parameter values

K               = 1
D               = 1
BREAK:          Singular matrix in Givens()



*******************************************************************************
Sat Nov 23 19:26:36 2013


FIT:    data read from 'diffusion' using 1:2
        format = x:z
        #datapoints = 8
        residuals are weighted equally (unit weight)

function used for fitting: f(x)
fitted parameters initialized with current variable values



 Iteration 0
 WSSR        : 49.2404           delta(WSSR)/WSSR   : 0
 delta(WSSR) : 0                 limit for stopping : 1e-05
 lambda	  : 0

initial set of free parameter values

K               = 1
D               = 1.001
BREAK:          Singular matrix in Givens()



*******************************************************************************
Sat Nov 23 19:27:26 2013


FIT:    data read from 'diffusion' using 1:2
        format = x:z
        #datapoints = 8
        residuals are weighted equally (unit weight)

function used for fitting: g(x)
fitted parameters initialized with current variable values



 Iteration 0
 WSSR        : 32085.7           delta(WSSR)/WSSR   : 0
 delta(WSSR) : 0                 limit for stopping : 1e-05
 lambda	  : 45.4203

initial set of free parameter values

m               = 1
c               = 1

After 6 iterations the fit converged.
final sum of squares of residuals : 0.0101825
rel. change during last iteration : -5.36645e-14

degrees of freedom    (FIT_NDF)                        : 6
rms of residuals      (FIT_STDFIT) = sqrt(WSSR/ndf)    : 0.0411956
variance of residuals (reduced chisquare) = WSSR/ndf   : 0.00169708

Final set of parameters            Asymptotic Standard Error
=======================            ==========================

m               = -0.0389665       +/- 0.0006357    (1.631%)
c               = 4.65243          +/- 0.04083      (0.8775%)


correlation matrix of the fit parameters:

               m      c      
m               1.000 
c              -0.934  1.000 


*******************************************************************************
Sat Nov 23 19:28:42 2013


FIT:    data read from 'diffusion' using 1:2
        format = x:z
        #datapoints = 8
        residuals are weighted equally (unit weight)

function used for fitting: f(x)
fitted parameters initialized with current variable values



 Iteration 0
 WSSR        : 49.2404           delta(WSSR)/WSSR   : 0
 delta(WSSR) : 0                 limit for stopping : 1e-05
 lambda	  : 0

initial set of free parameter values

K               = 1
D               = 1.002
BREAK:          Singular matrix in Givens()



*******************************************************************************
Sat Nov 23 19:29:21 2013


FIT:    data read from 'diffusion' using 1:2
        format = x:z
        #datapoints = 8
        residuals are weighted equally (unit weight)

function used for fitting: f(x)
fitted parameters initialized with current variable values



 Iteration 0
 WSSR        : 49.2404           delta(WSSR)/WSSR   : 0
 delta(WSSR) : 0                 limit for stopping : 1e-05
 lambda	  : 4.91013e-12

initial set of free parameter values

K               = 1

After 3 iterations the fit converged.
final sum of squares of residuals : 35.9671
rel. change during last iteration : -7.10105e-09

degrees of freedom    (FIT_NDF)                        : 7
rms of residuals      (FIT_STDFIT) = sqrt(WSSR/ndf)    : 2.26675
variance of residuals (reduced chisquare) = WSSR/ndf   : 5.13816

Final set of parameters            Asymptotic Standard Error
=======================            ==========================

K               = 2.62332e+11      +/- 1.632e+11    (62.22%)


correlation matrix of the fit parameters:

               K      
K               1.000 


*******************************************************************************
Sat Nov 23 20:09:43 2013


FIT:    data read from 'diffusion' using 1:2
        format = x:z
        #datapoints = 8
        residuals are weighted equally (unit weight)

function used for fitting: f(x)
fitted parameters initialized with current variable values



 Iteration 0
 WSSR        : 49.2404           delta(WSSR)/WSSR   : 0
 delta(WSSR) : 0                 limit for stopping : 1e-05
 lambda	  : 0

initial set of free parameter values

K               = 2.62332e+11

The fit was stopped by the user after 2 iterations.
final sum of squares of residuals : 35.9682
rel. change during last iteration : 0

degrees of freedom    (FIT_NDF)                        : 7
rms of residuals      (FIT_STDFIT) = sqrt(WSSR/ndf)    : 2.26679
variance of residuals (reduced chisquare) = WSSR/ndf   : 5.13832

Final set of parameters            Asymptotic Standard Error
=======================            ==========================

K               = 9.89743e+271     +/- inf          (inf%)


correlation matrix of the fit parameters:

               K      
K                -nan 


*******************************************************************************
Sat Nov 23 20:10:14 2013


FIT:    data read from 'diffusion' using 1:2
        format = x:z
        #datapoints = 8
        residuals are weighted equally (unit weight)

function used for fitting: f(x)
fitted parameters initialized with current variable values



 Iteration 0
 WSSR        : 35.9682           delta(WSSR)/WSSR   : 0
 delta(WSSR) : 0                 limit for stopping : 1e-05
 lambda	  : 0

initial set of free parameter values

K               = 9.89743e+271

The fit was stopped by the user after 1 iterations.
final sum of squares of residuals : 35.9682
rel. change during last iteration : 0

degrees of freedom    (FIT_NDF)                        : 7
rms of residuals      (FIT_STDFIT) = sqrt(WSSR/ndf)    : 2.26679
variance of residuals (reduced chisquare) = WSSR/ndf   : 5.13832

Final set of parameters            Asymptotic Standard Error
=======================            ==========================

K               = 9.89743e+271     +/- inf          (inf%)


correlation matrix of the fit parameters:

               K      
K                -nan 


*******************************************************************************
Sat Nov 23 20:11:00 2013


FIT:    data read from 'diffusion' using 1:2
        format = x:z
        #datapoints = 8
        residuals are weighted equally (unit weight)

function used for fitting: f(x)
fitted parameters initialized with current variable values



 Iteration 0
 WSSR        : inf               delta(WSSR)/WSSR   : -nan
 delta(WSSR) : -nan              limit for stopping : 1e-05
 lambda	  : 4.91013e-12

initial set of free parameter values

K               = 9.89743e+271

After 1 iterations the fit converged.
final sum of squares of residuals : inf
rel. change during last iteration : -nan

degrees of freedom    (FIT_NDF)                        : 7
rms of residuals      (FIT_STDFIT) = sqrt(WSSR/ndf)    : inf
variance of residuals (reduced chisquare) = WSSR/ndf   : inf

Final set of parameters            Asymptotic Standard Error
=======================            ==========================

K               = 9.89743e+271     +/- inf          (inf%)


correlation matrix of the fit parameters:

               K      
K               1.000 


*******************************************************************************
Sat Nov 23 20:11:13 2013


FIT:    data read from 'diffusion' using 1:($2*$2)
        format = x:z
        #datapoints = 8
        residuals are weighted equally (unit weight)

function used for fitting: f(x)
fitted parameters initialized with current variable values



 Iteration 0
 WSSR        : inf               delta(WSSR)/WSSR   : -nan
 delta(WSSR) : -nan              limit for stopping : 1e-05
 lambda	  : 4.91013e-12

initial set of free parameter values

K               = 9.89743e+271

After 1 iterations the fit converged.
final sum of squares of residuals : inf
rel. change during last iteration : -nan

degrees of freedom    (FIT_NDF)                        : 7
rms of residuals      (FIT_STDFIT) = sqrt(WSSR/ndf)    : inf
variance of residuals (reduced chisquare) = WSSR/ndf   : inf

Final set of parameters            Asymptotic Standard Error
=======================            ==========================

K               = 9.89743e+271     +/- inf          (inf%)


correlation matrix of the fit parameters:

               K      
K               1.000 


*******************************************************************************
Sat Nov 23 20:11:58 2013


FIT:    data read from 'diffusion' using 1:($2*$2)
        format = x:z
        #datapoints = 8
        residuals are weighted equally (unit weight)

function used for fitting: f(x)
fitted parameters initialized with current variable values



 Iteration 0
 WSSR        : inf               delta(WSSR)/WSSR   : -nan
 delta(WSSR) : -nan              limit for stopping : 1e-05
 lambda	  : inf

initial set of free parameter values

K               = 9.89743e+271
D               = 1.003

After 1 iterations the fit converged.
final sum of squares of residuals : inf
rel. change during last iteration : -nan

degrees of freedom    (FIT_NDF)                        : 6
rms of residuals      (FIT_STDFIT) = sqrt(WSSR/ndf)    : inf
variance of residuals (reduced chisquare) = WSSR/ndf   : inf

BREAK:          Calculation error: non-positive diagonal element in covar. matrix



*******************************************************************************
Sat Nov 23 20:16:44 2013


FIT:    data read from 'diffusion' using (log($1)):($2*$2)
        format = x:z
        #datapoints = 8
        residuals are weighted equally (unit weight)

function used for fitting: g(x)
fitted parameters initialized with current variable values



 Iteration 0
 WSSR        : 162.04            delta(WSSR)/WSSR   : 0
 delta(WSSR) : 0                 limit for stopping : 1e-05
 lambda	  : 2.93782

initial set of free parameter values

m               = -0.0389665
c               = 4.65243

After 5 iterations the fit converged.
final sum of squares of residuals : 1.04044
rel. change during last iteration : -3.55833e-11

degrees of freedom    (FIT_NDF)                        : 6
rms of residuals      (FIT_STDFIT) = sqrt(WSSR/ndf)    : 0.41642
variance of residuals (reduced chisquare) = WSSR/ndf   : 0.173406

Final set of parameters            Asymptotic Standard Error
=======================            ==========================

m               = -9.73453         +/- 0.3425       (3.518%)
c               = 45.1864          +/- 1.381        (3.056%)


correlation matrix of the fit parameters:

               m      c      
m               1.000 
c              -0.994  1.000 


*******************************************************************************
Sat Nov 23 20:20:12 2013


FIT:    data read from 'diffusion' using (log($1)):($2*$2)
        format = x:z
        #datapoints = 8
        residuals are weighted equally (unit weight)

function used for fitting: g(x)
fitted parameters initialized with current variable values



 Iteration 0
 WSSR        : 7.23333e+59       delta(WSSR)/WSSR   : 0
 delta(WSSR) : 0                 limit for stopping : 1e-05
 lambda	  : 2.18421e+28

initial set of free parameter values

m               = -9.73453
c               = 45.1864

After 1 iterations the fit converged.
final sum of squares of residuals : 2.50288e+57
rel. change during last iteration : -288

degrees of freedom    (FIT_NDF)                        : 6
rms of residuals      (FIT_STDFIT) = sqrt(WSSR/ndf)    : 2.04242e+28
variance of residuals (reduced chisquare) = WSSR/ndf   : 4.17147e+56

BREAK:          Singular matrix in Invert_RtR



*******************************************************************************
Sat Nov 23 21:20:42 2013


FIT:    data read from 'diffusion' using ($1*$1):(log($2))
        format = x:z
        #datapoints = 8
        residuals are weighted equally (unit weight)

function used for fitting: g(x)
fitted parameters initialized with current variable values



 Iteration 0
 WSSR        : 6.33401e+07       delta(WSSR)/WSSR   : 0
 delta(WSSR) : 0                 limit for stopping : 1e-05
 lambda	  : 3520.34

initial set of free parameter values

m               = -0.572619
c               = 45.2316

After 8 iterations the fit converged.
final sum of squares of residuals : 1.82012e-05
rel. change during last iteration : -2.40877e-12

degrees of freedom    (FIT_NDF)                        : 6
rms of residuals      (FIT_STDFIT) = sqrt(WSSR/ndf)    : 0.0017417
variance of residuals (reduced chisquare) = WSSR/ndf   : 3.03353e-06

Final set of parameters            Asymptotic Standard Error
=======================            ==========================

m               = -0.000154109     +/- 2.209e-07    (0.1433%)
c               = 1.38937          +/- 0.0011       (0.07916%)


correlation matrix of the fit parameters:

               m      c      
m               1.000 
c              -0.829  1.000 
