

*******************************************************************************
Fri Mar 27 16:59:01 2015


FIT:    data read from "dataWithB1605" using 3:4
        format = x:z
BREAK:          No data to fit 



*******************************************************************************
Fri Mar 27 17:07:07 2015


FIT:    data read from "dataWithB1605" using 3:4
        format = x:z
BREAK:          No data to fit 



*******************************************************************************
Fri Mar 27 17:07:45 2015


FIT:    data read from "dataWithB1605" using 3:4
        format = x:z
BREAK:          No data to fit 



*******************************************************************************
Fri Mar 27 17:08:55 2015


FIT:    data read from "dataWithB1605" using 3:4
        format = x:z
BREAK:          No data to fit 



*******************************************************************************
Fri Mar 27 17:10:15 2015


FIT:    data read from "dataWithB1605" using 1:2
        format = x:z
        #datapoints = 17
        residuals are weighted equally (unit weight)

function used for fitting: g(x)
fitted parameters initialized with current variable values



 Iteration 0
 WSSR        : 669.67            delta(WSSR)/WSSR   : 0
 delta(WSSR) : 0                 limit for stopping : 1e-05
 lambda	  : 9.55244

initial set of free parameter values

m               = 1
c               = 1

After 5 iterations the fit converged.
final sum of squares of residuals : 0.0825162
rel. change during last iteration : -6.44139e-14

degrees of freedom    (FIT_NDF)                        : 15
rms of residuals      (FIT_STDFIT) = sqrt(WSSR/ndf)    : 0.0741693
variance of residuals (reduced chisquare) = WSSR/ndf   : 0.00550108

Final set of parameters            Asymptotic Standard Error
=======================            ==========================

m               = 0.581929         +/- 0.004048     (0.6957%)
c               = 0.322416         +/- 0.05454      (16.92%)


correlation matrix of the fit parameters:

               m      c      
m               1.000 
c              -0.944  1.000 


*******************************************************************************
Fri Mar 27 17:15:24 2015


FIT:    data read from "dataWithB1422" using 1:2
        format = x:z
        #datapoints = 17
        residuals are weighted equally (unit weight)

function used for fitting: g(x)
fitted parameters initialized with current variable values



 Iteration 0
 WSSR        : 476.672           delta(WSSR)/WSSR   : 0
 delta(WSSR) : 0                 limit for stopping : 1e-05
 lambda	  : 9.00025

initial set of free parameter values

m               = 1
c               = 1

After 5 iterations the fit converged.
final sum of squares of residuals : 0.140464
rel. change during last iteration : -2.15384e-14

degrees of freedom    (FIT_NDF)                        : 15
rms of residuals      (FIT_STDFIT) = sqrt(WSSR/ndf)    : 0.096769
variance of residuals (reduced chisquare) = WSSR/ndf   : 0.00936424

Final set of parameters            Asymptotic Standard Error
=======================            ==========================

m               = 0.684937         +/- 0.004723     (0.6895%)
c               = -0.379196        +/- 0.05993      (15.8%)


correlation matrix of the fit parameters:

               m      c      
m               1.000 
c              -0.920  1.000 


*******************************************************************************
Fri Mar 27 17:35:32 2015


FIT:    data read from "dataWithB1422" using 1:2
        format = x:z
        #datapoints = 17
        residuals are weighted equally (unit weight)

function used for fitting: g(x)
fitted parameters initialized with current variable values



 Iteration 0
 WSSR        : 476.672           delta(WSSR)/WSSR   : 0
 delta(WSSR) : 0                 limit for stopping : 1e-05
 lambda	  : 9.00025

initial set of free parameter values

m               = 1
c               = 1

After 5 iterations the fit converged.
final sum of squares of residuals : 0.140464
rel. change during last iteration : -2.15384e-14

degrees of freedom    (FIT_NDF)                        : 15
rms of residuals      (FIT_STDFIT) = sqrt(WSSR/ndf)    : 0.096769
variance of residuals (reduced chisquare) = WSSR/ndf   : 0.00936424

Final set of parameters            Asymptotic Standard Error
=======================            ==========================

m               = 0.684937         +/- 0.004723     (0.6895%)
c               = -0.379196        +/- 0.05993      (15.8%)


correlation matrix of the fit parameters:

               m      c      
m               1.000 
c              -0.920  1.000 
