\BOOKMARK [1][-]{acknowledgments.1}{Acknowledgments}{}% 1
\BOOKMARK [1][-]{tableofcontents.1}{Contents}{}% 2
\BOOKMARK [1][-]{lof.1}{List of Figures}{}% 3
\BOOKMARK [1][-]{lot.1}{List of Tables}{}% 4
\BOOKMARK [1][-]{lol.1}{Listings}{}% 5
\BOOKMARK [1][-]{acronyms.1}{Acronyms}{}% 6
\BOOKMARK [-1][]{part.1}{Experiments}{}% 7
\BOOKMARK [0][]{chapter.1}{1 Introduction to Infra Red and Ultraviolet - Visible Spectroscopy }{part.1}% 8
\BOOKMARK [1][-]{section.1.1}{1.1 Objective}{chapter.1}% 9
\BOOKMARK [1][-]{section.1.2}{1.2 Theory}{chapter.1}% 10
\BOOKMARK [2][-]{subsection.1.2.1}{1.2.1 Basic Concept}{section.1.2}% 11
\BOOKMARK [2][-]{subsection.1.2.2}{1.2.2 Infra Red Spectroscopy}{section.1.2}% 12
\BOOKMARK [2][-]{subsection.1.2.3}{1.2.3 Ultraviolet-Visible Spectroscopy}{section.1.2}% 13
\BOOKMARK [1][-]{section.1.3}{1.3 Experimental Details}{chapter.1}% 14
\BOOKMARK [2][-]{subsection.1.3.1}{1.3.1 Infrared}{section.1.3}% 15
\BOOKMARK [2][-]{subsection.1.3.2}{1.3.2 UV-Vis}{section.1.3}% 16
\BOOKMARK [1][-]{section.1.4}{1.4 Acknowledgements}{chapter.1}% 17
\BOOKMARK [0][]{chapter.2}{2 Experiment 1A: UV-Visible Spectroscopy}{part.1}% 18
\BOOKMARK [1][-]{section.2.1}{2.1 Objective}{chapter.2}% 19
\BOOKMARK [1][-]{section.2.2}{2.2 Theory}{chapter.2}% 20
\BOOKMARK [1][-]{section.2.3}{2.3 Procedure}{chapter.2}% 21
\BOOKMARK [1][-]{section.2.4}{2.4 Calculations and Measurements}{chapter.2}% 22
\BOOKMARK [1][-]{section.2.5}{2.5 Spectroscopic Observations and Analysis}{chapter.2}% 23
\BOOKMARK [1][-]{section.2.6}{2.6 Discussion}{chapter.2}% 24
\BOOKMARK [1][-]{section.2.7}{2.7 Acknowledgements}{chapter.2}% 25
\BOOKMARK [0][]{chapter.3}{3 Experiment 1B: Infra Red Spectroscopy}{part.1}% 26
\BOOKMARK [1][-]{section.3.1}{3.1 Objective}{chapter.3}% 27
\BOOKMARK [1][-]{section.3.2}{3.2 Theory}{chapter.3}% 28
\BOOKMARK [1][-]{section.3.3}{3.3 Procedure}{chapter.3}% 29
\BOOKMARK [1][-]{section.3.4}{3.4 Analysis}{chapter.3}% 30
\BOOKMARK [1][-]{section.3.5}{3.5 Discussion}{chapter.3}% 31
\BOOKMARK [1][-]{section.3.6}{3.6 Acknowledgements}{chapter.3}% 32
\BOOKMARK [0][]{chapter.4}{4 Experiment 2A: Job's Method of Continuous Variation \(UV-Vis\)}{part.1}% 33
\BOOKMARK [1][-]{section.4.1}{4.1 Objective}{chapter.4}% 34
\BOOKMARK [1][-]{section.4.2}{4.2 Theory}{chapter.4}% 35
\BOOKMARK [1][-]{section.4.3}{4.3 Procedure}{chapter.4}% 36
\BOOKMARK [1][-]{section.4.4}{4.4 Observations and Analysis}{chapter.4}% 37
\BOOKMARK [1][-]{section.4.5}{4.5 Discussion}{chapter.4}% 38
\BOOKMARK [1][-]{section.4.6}{4.6 Acknowledgements}{chapter.4}% 39
\BOOKMARK [0][]{chapter.5}{5 Experiment 2B: Infra Red Spectroscopy }{part.1}% 40
\BOOKMARK [1][-]{section.5.1}{5.1 Objective}{chapter.5}% 41
\BOOKMARK [1][-]{section.5.2}{5.2 Theory}{chapter.5}% 42
\BOOKMARK [1][-]{section.5.3}{5.3 Procedure}{chapter.5}% 43
\BOOKMARK [1][-]{section.5.4}{5.4 Analysis}{chapter.5}% 44
\BOOKMARK [1][-]{section.5.5}{5.5 Reference}{chapter.5}% 45
\BOOKMARK [1][-]{section.5.6}{5.6 Acknowledgements}{chapter.5}% 46
\BOOKMARK [0][]{chapter.6}{6 Quest for Symmetry: IR vs. Raman Spectroscopy}{part.1}% 47
\BOOKMARK [1][-]{section.6.1}{6.1 Objective}{chapter.6}% 48
\BOOKMARK [1][-]{section.6.2}{6.2 Theory}{chapter.6}% 49
\BOOKMARK [2][-]{subsection.6.2.1}{6.2.1 Raman Spectroscopy}{section.6.2}% 50
\BOOKMARK [1][-]{section.6.3}{6.3 Procedure}{chapter.6}% 51
\BOOKMARK [1][-]{section.6.4}{6.4 Observations}{chapter.6}% 52
\BOOKMARK [1][-]{section.6.5}{6.5 Conclusions}{chapter.6}% 53
\BOOKMARK [1][-]{section.6.6}{6.6 Acknowledgements}{chapter.6}% 54
\BOOKMARK [1][-]{section.6.7}{6.7 References}{chapter.6}% 55
\BOOKMARK [-1][]{part.2}{The Showcase}{}% 56
\BOOKMARK [0][]{dummy.6}{Bibliography}{part.2}% 57
\BOOKMARK [0][]{colophon.0}{Colophon}{part.2}% 58
