This is pdfTeX, Version 3.1415926-2.4-1.40.13 (MiKTeX 2.9 64-bit) (preloaded format=pdflatex 2013.5.19)  17 APR 2015 14:48
entering extended mode
**C:/Users/Atul/Documents/IISER_repo/Semester8/idc/majoranaMass.tex
(C:/Users/Atul/Documents/IISER_repo/Semester8/idc/majoranaMass.tex
LaTeX2e <2011/06/27>
Babel <v3.8m> and hyphenation patterns for english, afrikaans, ancientgreek, ar
abic, armenian, assamese, basque, bengali, bokmal, bulgarian, catalan, coptic, 
croatian, czech, danish, dutch, esperanto, estonian, farsi, finnish, french, ga
lician, german, german-x-2012-05-30, greek, gujarati, hindi, hungarian, iceland
ic, indonesian, interlingua, irish, italian, kannada, kurmanji, latin, latvian,
 lithuanian, malayalam, marathi, mongolian, mongolianlmc, monogreek, ngerman, n
german-x-2012-05-30, nynorsk, oriya, panjabi, pinyin, polish, portuguese, roman
ian, russian, sanskrit, serbian, slovak, slovenian, spanish, swedish, swissgerm
an, tamil, telugu, turkish, turkmen, ukenglish, ukrainian, uppersorbian, usengl
ishmax, welsh, loaded.
("C:\Program Files\MiKTeX 2.9\tex\latex\base\article.cls"
Document Class: article 2007/10/19 v1.4h Standard LaTeX document class
("C:\Program Files\MiKTeX 2.9\tex\latex\base\size10.clo"
File: size10.clo 2007/10/19 v1.4h Standard LaTeX file (size option)
)
\c@part=\count79
\c@section=\count80
\c@subsection=\count81
\c@subsubsection=\count82
\c@paragraph=\count83
\c@subparagraph=\count84
\c@figure=\count85
\c@table=\count86
\abovecaptionskip=\skip41
\belowcaptionskip=\skip42
\bibindent=\dimen102
)
("C:\Program Files\MiKTeX 2.9\tex\latex\ccfonts\ccfonts.sty"
Package: ccfonts 2000/06/30 v1.1 (WaS)
LaTeX Font Info:    Redeclaring symbol font `operators' on input line 78.
LaTeX Font Info:    Overwriting symbol font `operators' in version `normal'
(Font)                  OT1/cmr/m/n --> OT1/ccr/m/n on input line 78.
LaTeX Font Info:    Overwriting symbol font `operators' in version `bold'
(Font)                  OT1/cmr/bx/n --> OT1/ccr/m/n on input line 78.
LaTeX Font Info:    Redeclaring symbol font `letters' on input line 79.
LaTeX Font Info:    Overwriting symbol font `letters' in version `normal'
(Font)                  OML/cmm/m/it --> OML/ccm/m/it on input line 79.
LaTeX Font Info:    Overwriting symbol font `letters' in version `bold'
(Font)                  OML/cmm/b/it --> OML/ccm/m/it on input line 79.
LaTeX Font Info:    Redeclaring symbol font `symbols' on input line 80.
LaTeX Font Info:    Overwriting symbol font `symbols' in version `normal'
(Font)                  OMS/cmsy/m/n --> OMS/ccsy/m/n on input line 80.
LaTeX Font Info:    Overwriting symbol font `symbols' in version `bold'
(Font)                  OMS/cmsy/b/n --> OMS/ccsy/m/n on input line 80.
LaTeX Font Info:    Redeclaring symbol font `largesymbols' on input line 81.
LaTeX Font Info:    Overwriting symbol font `largesymbols' in version `normal'
(Font)                  OMX/cmex/m/n --> OMX/ccex/m/n on input line 81.
LaTeX Font Info:    Overwriting symbol font `largesymbols' in version `bold'
(Font)                  OMX/cmex/m/n --> OMX/ccex/m/n on input line 81.
LaTeX Font Info:    Redeclaring math alphabet \mathbf on input line 82.
LaTeX Font Info:    Overwriting math alphabet `\mathbf' in version `normal'
(Font)                  OT1/cmr/bx/n --> OT1/ccr/bx/n on input line 82.
LaTeX Font Info:    Overwriting math alphabet `\mathbf' in version `bold'
(Font)                  OT1/cmr/bx/n --> OT1/ccr/bx/n on input line 82.
LaTeX Font Info:    Redeclaring math alphabet \mathit on input line 83.
LaTeX Font Info:    Overwriting math alphabet `\mathit' in version `normal'
(Font)                  OT1/cmr/m/it --> OT1/ccr/m/it on input line 83.
LaTeX Font Info:    Overwriting math alphabet `\mathit' in version `bold'
(Font)                  OT1/cmr/bx/it --> OT1/ccr/m/it on input line 83.
)
("C:\Program Files\MiKTeX 2.9\tex\latex\base\fontenc.sty"
Package: fontenc 2005/09/27 v1.99g Standard LaTeX package

("C:\Program Files\MiKTeX 2.9\tex\latex\base\t1enc.def"
File: t1enc.def 2005/09/27 v1.99g Standard LaTeX file
LaTeX Font Info:    Redeclaring font encoding T1 on input line 43.
))
("C:\Program Files\MiKTeX 2.9\tex\latex\base\inputenc.sty"
Package: inputenc 2008/03/30 v1.1d Input encoding file
\inpenc@prehook=\toks14
\inpenc@posthook=\toks15

("C:\Program Files\MiKTeX 2.9\tex\latex\base\latin9.def"
File: latin9.def 2008/03/30 v1.1d Input encoding file
))
("C:\Program Files\MiKTeX 2.9\tex\latex\geometry\geometry.sty"
Package: geometry 2010/09/12 v5.6 Page Geometry

("C:\Program Files\MiKTeX 2.9\tex\latex\graphics\keyval.sty"
Package: keyval 1999/03/16 v1.13 key=value parser (DPC)
\KV@toks@=\toks16
)
("C:\Program Files\MiKTeX 2.9\tex\generic\oberdiek\ifpdf.sty"
Package: ifpdf 2011/01/30 v2.3 Provides the ifpdf switch (HO)
Package ifpdf Info: pdfTeX in PDF mode is detected.
)
("C:\Program Files\MiKTeX 2.9\tex\generic\oberdiek\ifvtex.sty"
Package: ifvtex 2010/03/01 v1.5 Detect VTeX and its facilities (HO)
Package ifvtex Info: VTeX not detected.
)
("C:\Program Files\MiKTeX 2.9\tex\generic\ifxetex\ifxetex.sty"
Package: ifxetex 2010/09/12 v0.6 Provides ifxetex conditional
)
\Gm@cnth=\count87
\Gm@cntv=\count88
\c@Gm@tempcnt=\count89
\Gm@bindingoffset=\dimen103
\Gm@wd@mp=\dimen104
\Gm@odd@mp=\dimen105
\Gm@even@mp=\dimen106
\Gm@layoutwidth=\dimen107
\Gm@layoutheight=\dimen108
\Gm@layouthoffset=\dimen109
\Gm@layoutvoffset=\dimen110
\Gm@dimlist=\toks17

("C:\Program Files\MiKTeX 2.9\tex\latex\geometry\geometry.cfg"))
("C:\Program Files\MiKTeX 2.9\tex\latex\amsmath\amsmath.sty"
Package: amsmath 2013/01/14 v2.14 AMS math features
\@mathmargin=\skip43

For additional information on amsmath, use the `?' option.
("C:\Program Files\MiKTeX 2.9\tex\latex\amsmath\amstext.sty"
Package: amstext 2000/06/29 v2.01

("C:\Program Files\MiKTeX 2.9\tex\latex\amsmath\amsgen.sty"
File: amsgen.sty 1999/11/30 v2.0
\@emptytoks=\toks18
\ex@=\dimen111
))
("C:\Program Files\MiKTeX 2.9\tex\latex\amsmath\amsbsy.sty"
Package: amsbsy 1999/11/29 v1.2d
\pmbraise@=\dimen112
)
("C:\Program Files\MiKTeX 2.9\tex\latex\amsmath\amsopn.sty"
Package: amsopn 1999/12/14 v2.01 operator names
)
\inf@bad=\count90
LaTeX Info: Redefining \frac on input line 210.
\uproot@=\count91
\leftroot@=\count92
LaTeX Info: Redefining \overline on input line 306.
\classnum@=\count93
\DOTSCASE@=\count94
LaTeX Info: Redefining \ldots on input line 378.
LaTeX Info: Redefining \dots on input line 381.
LaTeX Info: Redefining \cdots on input line 466.
\Mathstrutbox@=\box26
\strutbox@=\box27
\big@size=\dimen113
LaTeX Font Info:    Redeclaring font encoding OML on input line 566.
LaTeX Font Info:    Redeclaring font encoding OMS on input line 567.
\macc@depth=\count95
\c@MaxMatrixCols=\count96
\dotsspace@=\muskip10
\c@parentequation=\count97
\dspbrk@lvl=\count98
\tag@help=\toks19
\row@=\count99
\column@=\count100
\maxfields@=\count101
\andhelp@=\toks20
\eqnshift@=\dimen114
\alignsep@=\dimen115
\tagshift@=\dimen116
\tagwidth@=\dimen117
\totwidth@=\dimen118
\lineht@=\dimen119
\@envbody=\toks21
\multlinegap=\skip44
\multlinetaggap=\skip45
\mathdisplay@stack=\toks22
LaTeX Info: Redefining \[ on input line 2665.
LaTeX Info: Redefining \] on input line 2666.
)
("C:\Program Files\MiKTeX 2.9\tex\latex\amsfonts\amssymb.sty"
Package: amssymb 2013/01/14 v3.01 AMS font symbols

("C:\Program Files\MiKTeX 2.9\tex\latex\amsfonts\amsfonts.sty"
Package: amsfonts 2013/01/14 v3.01 Basic AMSFonts support
\symAMSa=\mathgroup4
\symAMSb=\mathgroup5
LaTeX Font Info:    Overwriting math alphabet `\mathfrak' in version `bold'
(Font)                  U/euf/m/n --> U/euf/b/n on input line 106.
))
("C:\Program Files\MiKTeX 2.9\tex\latex\cancel\cancel.sty"
Package: cancel 2000/03/12 v2.1 Cancel math terms
)
("C:\Program Files\MiKTeX 2.9\tex\latex\stmaryrd\stmaryrd.sty"
Package: stmaryrd 1994/03/03 St Mary's Road symbol package
\symstmry=\mathgroup6
LaTeX Font Info:    Overwriting symbol font `stmry' in version `bold'
(Font)                  U/stmry/m/n --> U/stmry/b/n on input line 89.
)
("C:\Program Files\MiKTeX 2.9\tex\latex\setspace\setspace.sty"
Package: setspace 2011/12/19 v6.7a set line spacing
)
("C:\Program Files\MiKTeX 2.9\tex\latex\esint\esint.sty"
Package: esint 
\symlargesymbolsA=\mathgroup7
)
("C:\Program Files\MiKTeX 2.9\tex\latex\listings\listings.sty"
\lst@mode=\count102
\lst@gtempboxa=\box28
\lst@token=\toks23
\lst@length=\count103
\lst@currlwidth=\dimen120
\lst@column=\count104
\lst@pos=\count105
\lst@lostspace=\dimen121
\lst@width=\dimen122
\lst@newlines=\count106
\lst@lineno=\count107
\lst@maxwidth=\dimen123

("C:\Program Files\MiKTeX 2.9\tex\latex\listings\lstmisc.sty"
File: lstmisc.sty 2007/02/22 1.4 (Carsten Heinz)
\c@lstnumber=\count108
\lst@skipnumbers=\count109
\lst@framebox=\box29
)
("C:\Program Files\MiKTeX 2.9\tex\latex\listings\listings.cfg"
File: listings.cfg 2007/02/22 1.4 listings configuration
))
Package: listings 2007/02/22 1.4 (Carsten Heinz)

("C:\Program Files\MiKTeX 2.9\tex\generic\babel\babel.sty"
Package: babel 2008/07/08 v3.8m The Babel package

*************************************
* Local config file bblopts.cfg used
*
("C:\Program Files\MiKTeX 2.9\tex\latex\00miktex\bblopts.cfg"
File: bblopts.cfg 2006/07/31 v1.0 MiKTeX 'babel' configuration
)
("C:\Program Files\MiKTeX 2.9\tex\latex\babel-english\english.ldf"
Language: english 2012/08/20 v3.3p English support from the babel system

("C:\Program Files\MiKTeX 2.9\tex\generic\babel\babel.def"
File: babel.def 2008/07/08 v3.8m Babel common definitions
\babel@savecnt=\count110
\U@D=\dimen124
)
\l@canadian = a dialect from \language\l@american 
\l@australian = a dialect from \language\l@british 
\l@newzealand = a dialect from \language\l@british 
))
(C:\Users\Atul\Documents\IISER_repo\Semester8\idc\majoranaMass.aux)
LaTeX Font Info:    Checking defaults for OML/cmm/m/it on input line 24.
LaTeX Font Info:    ... okay on input line 24.
LaTeX Font Info:    Checking defaults for T1/cmr/m/n on input line 24.
LaTeX Font Info:    ... okay on input line 24.
LaTeX Font Info:    Checking defaults for OT1/cmr/m/n on input line 24.
LaTeX Font Info:    ... okay on input line 24.
LaTeX Font Info:    Checking defaults for OMS/cmsy/m/n on input line 24.
LaTeX Font Info:    ... okay on input line 24.
LaTeX Font Info:    Checking defaults for OMX/cmex/m/n on input line 24.
LaTeX Font Info:    ... okay on input line 24.
LaTeX Font Info:    Checking defaults for U/cmr/m/n on input line 24.
LaTeX Font Info:    ... okay on input line 24.
LaTeX Font Info:    Try loading font information for T1+ccr on input line 24.

("C:\Program Files\MiKTeX 2.9\tex\latex\ccfonts\t1ccr.fd"
File: t1ccr.fd 1999/11/22 v1.0a (WaS)
)
*geometry* driver: auto-detecting
*geometry* detected driver: pdftex
*geometry* verbose mode - [ preamble ] result:
* driver: pdftex
* paper: <default>
* layout: <same size as paper>
* layoutoffset:(h,v)=(0.0pt,0.0pt)
* modes: 
* h-part:(L,W,R)=(85.35826pt, 443.57848pt, 85.35826pt)
* v-part:(T,H,B)=(85.35826pt, 624.25346pt, 85.35826pt)
* \paperwidth=614.295pt
* \paperheight=794.96999pt
* \textwidth=443.57848pt
* \textheight=624.25346pt
* \oddsidemargin=13.08827pt
* \evensidemargin=13.08827pt
* \topmargin=-157.62825pt
* \headheight=85.35826pt
* \headsep=85.35826pt
* \topskip=10.0pt
* \footskip=85.35826pt
* \marginparwidth=65.0pt
* \marginparsep=11.0pt
* \columnsep=10.0pt
* \skip\footins=9.0pt plus 4.0pt minus 2.0pt
* \hoffset=0.0pt
* \voffset=0.0pt
* \mag=1000
* \@twocolumnfalse
* \@twosidefalse
* \@mparswitchfalse
* \@reversemarginfalse
* (1in=72.27pt=25.4mm, 1cm=28.453pt)

\c@lstlisting=\count111
LaTeX Font Info:    Try loading font information for OT1+ccr on input line 33.
("C:\Program Files\MiKTeX 2.9\tex\latex\concmath\ot1ccr.fd"
File: ot1ccr.fd 1999/03/10 v2.0b LaTeX font defs for Concrete math fonts
)
LaTeX Font Info:    Try loading font information for OML+ccm on input line 33.

("C:\Program Files\MiKTeX 2.9\tex\latex\concmath\omlccm.fd"
File: omlccm.fd 1999/03/10 v2.0b LaTeX font defs for Concrete math fonts
)
LaTeX Font Info:    Try loading font information for OMS+ccsy on input line 33.


("C:\Program Files\MiKTeX 2.9\tex\latex\concmath\omsccsy.fd"
File: omsccsy.fd 1999/03/10 v2.0b LaTeX font defs for Concrete math fonts
)
LaTeX Font Info:    Try loading font information for OMX+ccex on input line 33.


("C:\Program Files\MiKTeX 2.9\tex\latex\concmath\omxccex.fd"
File: omxccex.fd 1999/03/10 v2.0b LaTeX font defs for Concrete math fonts
)
LaTeX Font Info:    External font `xccex10' loaded for size
(Font)              <12> on input line 33.
LaTeX Font Info:    External font `xccex10' loaded for size
(Font)              <8> on input line 33.
LaTeX Font Info:    External font `xccex10' loaded for size
(Font)              <6> on input line 33.
LaTeX Font Info:    Try loading font information for U+stmry on input line 33.

("C:\Program Files\MiKTeX 2.9\tex\latex\stmaryrd\ustmry.fd")
LaTeX Font Info:    Try loading font information for U+esint on input line 33.

("C:\Program Files\MiKTeX 2.9\tex\latex\esint\uesint.fd"
File: uesint.fd 
)
LaTeX Font Info:    Font shape `T1/ccr/bx/n' in size <9> not available
(Font)              Font shape `T1/cmr/bx/n' tried instead on input line 34.
LaTeX Font Info:    External font `xccex10' loaded for size
(Font)              <9> on input line 38.
LaTeX Font Info:    External font `xccex10' loaded for size
(Font)              <5> on input line 38.
LaTeX Font Info:    Font shape `T1/ccr/bx/n' in size <14.4> not available
(Font)              Font shape `T1/cmr/bx/n' tried instead on input line 58.
LaTeX Font Info:    Try loading font information for OMS+ccr on input line 62.

("C:\Program Files\MiKTeX 2.9\tex\latex\concmath\omsccr.fd"
File: omsccr.fd 1999/03/10 v2.0b LaTeX font defs for Concrete math fonts
)
LaTeX Font Info:    Font shape `OMS/ccr/m/n' in size <10> not available
(Font)              Font shape `OMS/ccsy/m/n' tried instead on input line 62.
LaTeX Font Info:    External font `xccex10' loaded for size
(Font)              <10> on input line 62.
LaTeX Font Info:    External font `xccex10' loaded for size
(Font)              <7> on input line 62.
LaTeX Font Info:    Font shape `T1/ccr/bx/n' in size <10> not available
(Font)              Font shape `T1/cmr/bx/n' tried instead on input line 74.
 [1

{C:/ProgramData/MiKTeX/2.9/pdftex/config/pdftex.map}]
LaTeX Font Info:    Font shape `T1/ccr/bx/n' in size <12> not available
(Font)              Font shape `T1/cmr/bx/n' tried instead on input line 140.
 [2] [3]
LaTeX Font Info:    Font shape `OT1/ccr/bx/n' in size <10> not available
(Font)              Font shape `OT1/cmr/bx/n' tried instead on input line 215.
LaTeX Font Info:    Font shape `OT1/ccr/bx/n' in size <7> not available
(Font)              Font shape `OT1/cmr/bx/n' tried instead on input line 215.
LaTeX Font Info:    Font shape `OT1/ccr/bx/n' in size <5> not available
(Font)              Font shape `OT1/cmr/bx/n' tried instead on input line 215.
LaTeX Font Info:    Font shape `OT1/ccr/bx/n' in size <8> not available
(Font)              Font shape `OT1/cmr/bx/n' tried instead on input line 219.
LaTeX Font Info:    Font shape `OT1/ccr/bx/n' in size <6> not available
(Font)              Font shape `OT1/cmr/bx/n' tried instead on input line 219.
 [4] [5] [6] [7] [8] [9] [10]
[11] (C:\Users\Atul\Documents\IISER_repo\Semester8\idc\majoranaMass.aux) ) 
Here is how much of TeX's memory you used:
 3978 strings out of 493921
 52486 string characters out of 3147285
 112466 words of memory out of 3000000
 7177 multiletter control sequences out of 15000+200000
 28214 words of font info for 84 fonts, out of 3000000 for 9000
 841 hyphenation exceptions out of 8191
 27i,18n,32p,382b,251s stack positions out of 5000i,500n,10000p,200000b,50000s
 <C:\
Users\Atul\AppData\Local\MiKTeX\2.9\fonts\pk\ljfour\public\ecc\dpi600\eoti10.pk
> <C:\Users\Atul\AppData\Local\MiKTeX\2.9\fonts\pk\ljfour\public\concmath\dpi60
0\xccmi5.pk> <C:\Users\Atul\AppData\Local\MiKTeX\2.9\fonts\pk\ljfour\public\con
cmath\dpi600\xccsy8.pk> <C:\Users\Atul\AppData\Local\MiKTeX\2.9\fonts\pk\ljfour
\public\concmath\dpi600\xccmi8.pk> <C:\Users\Atul\AppData\Local\MiKTeX\2.9\font
s\pk\ljfour\public\ecc\dpi600\eorm8.pk> <C:\Users\Atul\AppData\Local\MiKTeX\2.9
\fonts\pk\ljfour\public\ecc\dpi600\eorm6.pk> <C:\Users\Atul\AppData\Local\MiKTe
X\2.9\fonts\pk\ljfour\public\ecc\dpi600\eorm7.pk> <C:\Users\Atul\AppData\Local\
MiKTeX\2.9\fonts\pk\ljfour\jknappen\ec\dpi600\ecbx1200.pk> <C:\Users\Atul\AppDa
ta\Local\MiKTeX\2.9\fonts\pk\ljfour\public\concrete\dpi600\ccr5.pk> <C:\Users\A
tul\AppData\Local\MiKTeX\2.9\fonts\pk\ljfour\public\concmath\dpi600\xccsy5.pk> 
<C:\Users\Atul\AppData\Local\MiKTeX\2.9\fonts\pk\ljfour\public\concmath\dpi600\
xccbm7.pk> <C:\Users\Atul\AppData\Local\MiKTeX\2.9\fonts\pk\ljfour\public\concm
ath\dpi600\xccex10.pk> <C:\Users\Atul\AppData\Local\MiKTeX\2.9\fonts\pk\ljfour\
jknappen\ec\dpi600\ecbx1000.pk> <C:\Users\Atul\AppData\Local\MiKTeX\2.9\fonts\p
k\ljfour\public\concmath\dpi600\xccbm10.pk> <C:\Users\Atul\AppData\Local\MiKTeX
\2.9\fonts\pk\ljfour\public\concrete\dpi600\ccr7.pk> <C:\Users\Atul\AppData\Loc
al\MiKTeX\2.9\fonts\pk\ljfour\public\concmath\dpi600\xccsy7.pk> <C:\Users\Atul\
AppData\Local\MiKTeX\2.9\fonts\pk\ljfour\public\concrete\dpi600\ccr10.pk> <C:\U
sers\Atul\AppData\Local\MiKTeX\2.9\fonts\pk\ljfour\public\concmath\dpi600\xccmi
7.pk> <C:\Users\Atul\AppData\Local\MiKTeX\2.9\fonts\pk\ljfour\public\concmath\d
pi600\xccmi10.pk> <C:\Users\Atul\AppData\Local\MiKTeX\2.9\fonts\pk\ljfour\publi
c\concmath\dpi600\xccsy10.pk> <C:\Users\Atul\AppData\Local\MiKTeX\2.9\fonts\pk\
ljfour\public\ecc\dpi600\eorm10.pk> <C:\Users\Atul\AppData\Local\MiKTeX\2.9\fon
ts\pk\ljfour\jknappen\ec\dpi600\ecbx1440.pk> <C:\Users\Atul\AppData\Local\MiKTe
X\2.9\fonts\pk\ljfour\public\concmath\dpi600\xccmi6.pk> <C:\Users\Atul\AppData\
Local\MiKTeX\2.9\fonts\pk\ljfour\public\concmath\dpi600\xccbm9.pk> <C:\Users\At
ul\AppData\Local\MiKTeX\2.9\fonts\pk\ljfour\public\concmath\dpi600\xccsy9.pk> <
C:\Users\Atul\AppData\Local\MiKTeX\2.9\fonts\pk\ljfour\public\concrete\dpi600\c
cr9.pk> <C:\Users\Atul\AppData\Local\MiKTeX\2.9\fonts\pk\ljfour\public\concrete
\dpi600\ccr6.pk> <C:\Users\Atul\AppData\Local\MiKTeX\2.9\fonts\pk\ljfour\public
\concmath\dpi600\xccmi9.pk> <C:\Users\Atul\AppData\Local\MiKTeX\2.9\fonts\pk\lj
four\public\ecc\dpi600\eorm9.pk> <C:\Users\Atul\AppData\Local\MiKTeX\2.9\fonts\
pk\ljfour\jknappen\ec\dpi600\ecbx0900.pk> <C:\Users\Atul\AppData\Local\MiKTeX\2
.9\fonts\pk\ljfour\public\ecc\dpi720\eorm10.pk> <C:\Users\Atul\AppData\Local\Mi
KTeX\2.9\fonts\pk\ljfour\public\ecc\dpi1037\eorm10.pk><C:/Program Files/MiKTeX 
2.9/fonts/type1/public/amsfonts/cm/cmbx10.pfb><C:/Program Files/MiKTeX 2.9/font
s/type1/public/amsfonts/cm/cmbx5.pfb><C:/Program Files/MiKTeX 2.9/fonts/type1/p
ublic/amsfonts/cm/cmbx7.pfb><C:/Program Files/MiKTeX 2.9/fonts/type1/public/esi
nt/esint10.pfb><C:/Program Files/MiKTeX 2.9/fonts/type1/public/amsfonts/latxfon
t/line10.pfb><C:/Program Files/MiKTeX 2.9/fonts/type1/public/hoekwater/stmary10
.pfb>
Output written on majoranaMass.pdf (11 pages, 221339 bytes).
PDF statistics:
 618 PDF objects out of 1000 (max. 8388607)
 0 named destinations out of 1000 (max. 500000)
 1 words of extra memory for PDF output out of 10000 (max. 10000000)

